{"numTotalTestSuites":155,"numPassedTestSuites":114,"numFailedTestSuites":41,"numPendingTestSuites":0,"numTotalTests":485,"numPassedTests":330,"numFailedTests":155,"numPendingTests":0,"numTodoTests":0,"snapshot":{"added":0,"failure":false,"filesAdded":0,"filesRemoved":0,"filesRemovedList":[],"filesUnmatched":0,"filesUpdated":0,"matched":0,"total":0,"unchecked":0,"uncheckedKeysByFile":[],"unmatched":0,"updated":0,"didUpdate":false},"startTime":1774127365859,"success":false,"testResults":[{"assertionResults":[{"ancestorTitles":["AgentTaskQueue","ATQ-001: Success on first attempt"],"fullName":"AgentTaskQueue ATQ-001: Success on first attempt should resolve with the result when the task succeeds immediately","status":"passed","title":"should resolve with the result when the task succeeds immediately","duration":5.407600000000002,"failureMessages":[],"meta":{},"tags":[]},{"ancestorTitles":["AgentTaskQueue","ATQ-002: Retry then success"],"fullName":"AgentTaskQueue ATQ-002: Retry then success should retry on failure and succeed on second attempt","status":"passed","title":"should retry on failure and succeed on second attempt","duration":3.3012999999999693,"failureMessages":[],"meta":{},"tags":[]},{"ancestorTitles":["AgentTaskQueue","ATQ-003: All retries exhausted"],"fullName":"AgentTaskQueue ATQ-003: All retries exhausted should throw the last error after all retries are exhausted","status":"passed","title":"should throw the last error after all retries are exhausted","duration":22.43130000000002,"failureMessages":[],"meta":{},"tags":[]},{"ancestorTitles":["AgentTaskQueue","ATQ-004: Cancellation via cancelTask"],"fullName":"AgentTaskQueue ATQ-004: Cancellation via cancelTask should cancel a running task and throw cancellation error","status":"passed","title":"should cancel a running task and throw cancellation error","duration":2.039100000000019,"failureMessages":[],"meta":{},"tags":[]},{"ancestorTitles":["AgentTaskQueue","ATQ-005: Exponential backoff timing"],"fullName":"AgentTaskQueue ATQ-005: Exponential backoff timing should use exponential backoff: baseDelay * 2^(attempt-1)","status":"passed","title":"should use exponential backoff: baseDelay * 2^(attempt-1)","duration":2.592800000000011,"failureMessages":[],"meta":{},"tags":[]},{"ancestorTitles":["AgentTaskQueue","ATQ-006: task:added event"],"fullName":"AgentTaskQueue ATQ-006: task:added event should emit task:added when a task is queued","status":"passed","title":"should emit task:added when a task is queued","duration":1.273399999999981,"failureMessages":[],"meta":{},"tags":[]},{"ancestorTitles":["AgentTaskQueue","ATQ-007: task:running event"],"fullName":"AgentTaskQueue ATQ-007: task:running event should emit task:running when execution starts","status":"passed","title":"should emit task:running when execution starts","duration":0.6432000000000357,"failureMessages":[],"meta":{},"tags":[]},{"ancestorTitles":["AgentTaskQueue","ATQ-008: task:completed event"],"fullName":"AgentTaskQueue ATQ-008: task:completed event should emit task:completed on success","status":"passed","title":"should emit task:completed on success","duration":0.7215999999999667,"failureMessages":[],"meta":{},"tags":[]},{"ancestorTitles":["AgentTaskQueue","ATQ-009: task:retrying event"],"fullName":"AgentTaskQueue ATQ-009: task:retrying event should emit task:retrying when a retry is scheduled","status":"passed","title":"should emit task:retrying when a retry is scheduled","duration":1.3770999999999844,"failureMessages":[],"meta":{},"tags":[]},{"ancestorTitles":["AgentTaskQueue","ATQ-010: task:failed event"],"fullName":"AgentTaskQueue ATQ-010: task:failed event should emit task:failed when all retries are exhausted","status":"passed","title":"should emit task:failed when all retries are exhausted","duration":6.5499000000000365,"failureMessages":[],"meta":{},"tags":[]},{"ancestorTitles":["AgentTaskQueue","ATQ-011: TaskId format"],"fullName":"AgentTaskQueue ATQ-011: TaskId format should generate taskId as taskName-timestamp-random7chars","status":"passed","title":"should generate taskId as taskName-timestamp-random7chars","duration":0.8482000000000198,"failureMessages":[],"meta":{},"tags":[]},{"ancestorTitles":["AgentTaskQueue","ATQ-012: Concurrent tasks tracked independently"],"fullName":"AgentTaskQueue ATQ-012: Concurrent tasks tracked independently should track multiple active tasks simultaneously","status":"passed","title":"should track multiple active tasks simultaneously","duration":1.5565000000000282,"failureMessages":[],"meta":{},"tags":[]},{"ancestorTitles":["AgentTaskQueue","ATQ-013: cancelTask with invalid id"],"fullName":"AgentTaskQueue ATQ-013: cancelTask with invalid id should return false when cancelling a non-existent task","status":"passed","title":"should return false when cancelling a non-existent task","duration":0.4601000000000113,"failureMessages":[],"meta":{},"tags":[]},{"ancestorTitles":["AgentTaskQueue","ATQ-014: handleTaskQueueTool"],"fullName":"AgentTaskQueue ATQ-014: handleTaskQueueTool should return empty message for list_active_tasks when no tasks active","status":"passed","title":"should return empty message for list_active_tasks when no tasks active","duration":0.5242000000000075,"failureMessages":[],"meta":{},"tags":[]},{"ancestorTitles":["AgentTaskQueue","ATQ-014: handleTaskQueueTool"],"fullName":"AgentTaskQueue ATQ-014: handleTaskQueueTool should return error for cancel_background_task without taskId","status":"passed","title":"should return error for cancel_background_task without taskId","duration":0.6293000000000006,"failureMessages":[],"meta":{},"tags":[]},{"ancestorTitles":["AgentTaskQueue","ATQ-014: handleTaskQueueTool"],"fullName":"AgentTaskQueue ATQ-014: handleTaskQueueTool should return success:false for cancel_background_task with unknown taskId","status":"passed","title":"should return success:false for cancel_background_task with unknown taskId","duration":0.5318000000000325,"failureMessages":[],"meta":{},"tags":[]},{"ancestorTitles":["AgentTaskQueue","ATQ-014: handleTaskQueueTool"],"fullName":"AgentTaskQueue ATQ-014: handleTaskQueueTool should throw for unknown tool name","status":"passed","title":"should throw for unknown tool name","duration":0.6160999999999603,"failureMessages":[],"meta":{},"tags":[]},{"ancestorTitles":["AgentTaskQueue","ATQ-015: TASK_QUEUE_TOOLS structure"],"fullName":"AgentTaskQueue ATQ-015: TASK_QUEUE_TOOLS structure should have exactly 2 tools with correct names and OBJECT parameters","status":"passed","title":"should have exactly 2 tools with correct names and OBJECT parameters","duration":1.191599999999994,"failureMessages":[],"meta":{},"tags":[]},{"ancestorTitles":["AgentTaskQueue","ATQ-015: TASK_QUEUE_TOOLS structure"],"fullName":"AgentTaskQueue ATQ-015: TASK_QUEUE_TOOLS structure should export agentTaskQueue as a singleton instance","status":"passed","title":"should export agentTaskQueue as a singleton instance","duration":0.6650000000000205,"failureMessages":[],"meta":{},"tags":[]}],"startTime":1774127369712,"endTime":1774127369766.665,"status":"passed","message":"","name":"C:/Users/fysg5/OneDrive/Escritorio/Pulse Hub/SofLIA - Hub/SofLIA-HUB/electron/__tests__/agent-task-queue.test.ts"},{"assertionResults":[{"ancestorTitles":["CalendarService"],"fullName":"CalendarService CAL-001: should be an EventEmitter instance","status":"passed","title":"CAL-001: should be an EventEmitter instance","duration":4.28449999999998,"failureMessages":[],"meta":{},"tags":[]},{"ancestorTitles":["CalendarService"],"fullName":"CalendarService CAL-002: setConfig stores Google OAuth config","status":"passed","title":"CAL-002: setConfig stores Google OAuth config","duration":1.2708000000000084,"failureMessages":[],"meta":{},"tags":[]},{"ancestorTitles":["CalendarService"],"fullName":"CalendarService CAL-003: connectGoogle returns error when OAuth credentials are not configured","status":"passed","title":"CAL-003: connectGoogle returns error when OAuth credentials are not configured","duration":1.4103999999999814,"failureMessages":[],"meta":{},"tags":[]},{"ancestorTitles":["CalendarService"],"fullName":"CalendarService CAL-004: loadConnections emits \"connected\" for each saved connection","status":"passed","title":"CAL-004: loadConnections emits \"connected\" for each saved connection","duration":1.5130000000000337,"failureMessages":[],"meta":{},"tags":[]},{"ancestorTitles":["CalendarService"],"fullName":"CalendarService CAL-005: loadConnections handles missing file gracefully","status":"passed","title":"CAL-005: loadConnections handles missing file gracefully","duration":1.8379000000000474,"failureMessages":[],"meta":{},"tags":[]},{"ancestorTitles":["CalendarService"],"fullName":"CalendarService CAL-006: checkWorkHours detects current event as in work hours","status":"passed","title":"CAL-006: checkWorkHours detects current event as in work hours","duration":2.0393000000000256,"failureMessages":[],"meta":{},"tags":[]},{"ancestorTitles":["CalendarService"],"fullName":"CalendarService CAL-007: checkWorkHours returns false when no current event","status":"passed","title":"CAL-007: checkWorkHours returns false when no current event","duration":0.9477999999999724,"failureMessages":[],"meta":{},"tags":[]},{"ancestorTitles":["CalendarService"],"fullName":"CalendarService CAL-008: checkWorkHours skips all-day events","status":"passed","title":"CAL-008: checkWorkHours skips all-day events","duration":0.6410999999999945,"failureMessages":[],"meta":{},"tags":[]},{"ancestorTitles":["CalendarService"],"fullName":"CalendarService CAL-009: disconnect removes connection and emits \"disconnected\"","status":"passed","title":"CAL-009: disconnect removes connection and emits \"disconnected\"","duration":2.6347000000000094,"failureMessages":[],"meta":{},"tags":[]},{"ancestorTitles":["CalendarService"],"fullName":"CalendarService CAL-010: getPollingStatus returns not polling by default","status":"passed","title":"CAL-010: getPollingStatus returns not polling by default","duration":0.9123000000000161,"failureMessages":[],"meta":{},"tags":[]}],"startTime":1774127370574,"endTime":1774127370591.9124,"status":"passed","message":"","name":"C:/Users/fysg5/OneDrive/Escritorio/Pulse Hub/SofLIA - Hub/SofLIA-HUB/electron/__tests__/calendar-service.test.ts"},{"assertionResults":[{"ancestorTitles":["Filesystem operations"],"fullName":"Filesystem operations CU-001: read_file returns content for existing file","status":"failed","title":"CU-001: read_file returns content for existing file","duration":187.72630000000004,"failureMessages":["Error: [vitest] No \"execFile\" export is defined on the \"node:child_process\" mock. Did you forget to return it from \"vi.mock\"?\nIf you need to partially mock a module, you can use \"importOriginal\" helper inside:\n\n    at VitestMocker.createError (file:///C:/Users/fysg5/OneDrive/Escritorio/Pulse%20Hub/SofLIA%20-%20Hub/SofLIA-HUB/node_modules/vitest/dist/chunks/startVitestModuleRunner.C3ZR-4J3.js:62:17)\n    at Object.get (file:///C:/Users/fysg5/OneDrive/Escritorio/Pulse%20Hub/SofLIA%20-%20Hub/SofLIA-HUB/node_modules/vitest/dist/chunks/startVitestModuleRunner.C3ZR-4J3.js:310:16)\n    at C:/Users/fysg5/OneDrive/Escritorio/Pulse Hub/SofLIA - Hub/SofLIA-HUB/electron/background-process-service.ts:11:33\n    at processTicksAndRejections (node:internal/process/task_queues:104:5)\n    at VitestModuleEvaluator._runInlinedModule (file:///C:/Users/fysg5/OneDrive/Escritorio/Pulse%20Hub/SofLIA%20-%20Hub/SofLIA-HUB/node_modules/vitest/dist/module-evaluator.js:206:4)\n    at VitestModuleRunner.directRequest (file:///C:/Users/fysg5/OneDrive/Escritorio/Pulse%20Hub/SofLIA%20-%20Hub/SofLIA-HUB/node_modules/vite/dist/node/module-runner.js:1146:59)\n    at VitestModuleRunner.cachedRequest (file:///C:/Users/fysg5/OneDrive/Escritorio/Pulse%20Hub/SofLIA%20-%20Hub/SofLIA-HUB/node_modules/vite/dist/node/module-runner.js:1053:73)\n    at C:/Users/fysg5/OneDrive/Escritorio/Pulse Hub/SofLIA - Hub/SofLIA-HUB/electron/computer-use-handlers.ts:22:1\n    at VitestModuleEvaluator._runInlinedModule (file:///C:/Users/fysg5/OneDrive/Escritorio/Pulse%20Hub/SofLIA%20-%20Hub/SofLIA-HUB/node_modules/vitest/dist/module-evaluator.js:206:4)\n    at VitestModuleRunner.directRequest (file:///C:/Users/fysg5/OneDrive/Escritorio/Pulse%20Hub/SofLIA%20-%20Hub/SofLIA-HUB/node_modules/vite/dist/node/module-runner.js:1146:59)"],"meta":{},"tags":[]},{"ancestorTitles":["Filesystem operations"],"fullName":"Filesystem operations CU-002: read_file rejects files >1MB","status":"failed","title":"CU-002: read_file rejects files >1MB","duration":0.5248000000001412,"failureMessages":["Error: [vitest] No \"execFile\" export is defined on the \"node:child_process\" mock. Did you forget to return it from \"vi.mock\"?\nIf you need to partially mock a module, you can use \"importOriginal\" helper inside:\n\n    at VitestMocker.createError (file:///C:/Users/fysg5/OneDrive/Escritorio/Pulse%20Hub/SofLIA%20-%20Hub/SofLIA-HUB/node_modules/vitest/dist/chunks/startVitestModuleRunner.C3ZR-4J3.js:62:17)\n    at Object.get (file:///C:/Users/fysg5/OneDrive/Escritorio/Pulse%20Hub/SofLIA%20-%20Hub/SofLIA-HUB/node_modules/vitest/dist/chunks/startVitestModuleRunner.C3ZR-4J3.js:310:16)\n    at C:/Users/fysg5/OneDrive/Escritorio/Pulse Hub/SofLIA - Hub/SofLIA-HUB/electron/background-process-service.ts:11:33\n    at processTicksAndRejections (node:internal/process/task_queues:104:5)\n    at VitestModuleEvaluator._runInlinedModule (file:///C:/Users/fysg5/OneDrive/Escritorio/Pulse%20Hub/SofLIA%20-%20Hub/SofLIA-HUB/node_modules/vitest/dist/module-evaluator.js:206:4)\n    at VitestModuleRunner.directRequest (file:///C:/Users/fysg5/OneDrive/Escritorio/Pulse%20Hub/SofLIA%20-%20Hub/SofLIA-HUB/node_modules/vite/dist/node/module-runner.js:1146:59)\n    at VitestModuleRunner.cachedRequest (file:///C:/Users/fysg5/OneDrive/Escritorio/Pulse%20Hub/SofLIA%20-%20Hub/SofLIA-HUB/node_modules/vite/dist/node/module-runner.js:1053:73)\n    at C:/Users/fysg5/OneDrive/Escritorio/Pulse Hub/SofLIA - Hub/SofLIA-HUB/electron/computer-use-handlers.ts:22:1\n    at VitestModuleEvaluator._runInlinedModule (file:///C:/Users/fysg5/OneDrive/Escritorio/Pulse%20Hub/SofLIA%20-%20Hub/SofLIA-HUB/node_modules/vitest/dist/module-evaluator.js:206:4)\n    at VitestModuleRunner.directRequest (file:///C:/Users/fysg5/OneDrive/Escritorio/Pulse%20Hub/SofLIA%20-%20Hub/SofLIA-HUB/node_modules/vite/dist/node/module-runner.js:1146:59)"],"meta":{},"tags":[]},{"ancestorTitles":["Filesystem operations"],"fullName":"Filesystem operations CU-003: read_file uses UTF-8 encoding","status":"failed","title":"CU-003: read_file uses UTF-8 encoding","duration":0.3851000000001932,"failureMessages":["Error: [vitest] No \"execFile\" export is defined on the \"node:child_process\" mock. Did you forget to return it from \"vi.mock\"?\nIf you need to partially mock a module, you can use \"importOriginal\" helper inside:\n\n    at VitestMocker.createError (file:///C:/Users/fysg5/OneDrive/Escritorio/Pulse%20Hub/SofLIA%20-%20Hub/SofLIA-HUB/node_modules/vitest/dist/chunks/startVitestModuleRunner.C3ZR-4J3.js:62:17)\n    at Object.get (file:///C:/Users/fysg5/OneDrive/Escritorio/Pulse%20Hub/SofLIA%20-%20Hub/SofLIA-HUB/node_modules/vitest/dist/chunks/startVitestModuleRunner.C3ZR-4J3.js:310:16)\n    at C:/Users/fysg5/OneDrive/Escritorio/Pulse Hub/SofLIA - Hub/SofLIA-HUB/electron/background-process-service.ts:11:33\n    at processTicksAndRejections (node:internal/process/task_queues:104:5)\n    at VitestModuleEvaluator._runInlinedModule (file:///C:/Users/fysg5/OneDrive/Escritorio/Pulse%20Hub/SofLIA%20-%20Hub/SofLIA-HUB/node_modules/vitest/dist/module-evaluator.js:206:4)\n    at VitestModuleRunner.directRequest (file:///C:/Users/fysg5/OneDrive/Escritorio/Pulse%20Hub/SofLIA%20-%20Hub/SofLIA-HUB/node_modules/vite/dist/node/module-runner.js:1146:59)\n    at VitestModuleRunner.cachedRequest (file:///C:/Users/fysg5/OneDrive/Escritorio/Pulse%20Hub/SofLIA%20-%20Hub/SofLIA-HUB/node_modules/vite/dist/node/module-runner.js:1053:73)\n    at C:/Users/fysg5/OneDrive/Escritorio/Pulse Hub/SofLIA - Hub/SofLIA-HUB/electron/computer-use-handlers.ts:22:1\n    at VitestModuleEvaluator._runInlinedModule (file:///C:/Users/fysg5/OneDrive/Escritorio/Pulse%20Hub/SofLIA%20-%20Hub/SofLIA-HUB/node_modules/vitest/dist/module-evaluator.js:206:4)\n    at VitestModuleRunner.directRequest (file:///C:/Users/fysg5/OneDrive/Escritorio/Pulse%20Hub/SofLIA%20-%20Hub/SofLIA-HUB/node_modules/vite/dist/node/module-runner.js:1146:59)"],"meta":{},"tags":[]},{"ancestorTitles":["Filesystem operations"],"fullName":"Filesystem operations CU-004: read_file returns error for nonexistent file","status":"failed","title":"CU-004: read_file returns error for nonexistent file","duration":0.32209999999986394,"failureMessages":["Error: [vitest] No \"execFile\" export is defined on the \"node:child_process\" mock. Did you forget to return it from \"vi.mock\"?\nIf you need to partially mock a module, you can use \"importOriginal\" helper inside:\n\n    at VitestMocker.createError (file:///C:/Users/fysg5/OneDrive/Escritorio/Pulse%20Hub/SofLIA%20-%20Hub/SofLIA-HUB/node_modules/vitest/dist/chunks/startVitestModuleRunner.C3ZR-4J3.js:62:17)\n    at Object.get (file:///C:/Users/fysg5/OneDrive/Escritorio/Pulse%20Hub/SofLIA%20-%20Hub/SofLIA-HUB/node_modules/vitest/dist/chunks/startVitestModuleRunner.C3ZR-4J3.js:310:16)\n    at C:/Users/fysg5/OneDrive/Escritorio/Pulse Hub/SofLIA - Hub/SofLIA-HUB/electron/background-process-service.ts:11:33\n    at processTicksAndRejections (node:internal/process/task_queues:104:5)\n    at VitestModuleEvaluator._runInlinedModule (file:///C:/Users/fysg5/OneDrive/Escritorio/Pulse%20Hub/SofLIA%20-%20Hub/SofLIA-HUB/node_modules/vitest/dist/module-evaluator.js:206:4)\n    at VitestModuleRunner.directRequest (file:///C:/Users/fysg5/OneDrive/Escritorio/Pulse%20Hub/SofLIA%20-%20Hub/SofLIA-HUB/node_modules/vite/dist/node/module-runner.js:1146:59)\n    at VitestModuleRunner.cachedRequest (file:///C:/Users/fysg5/OneDrive/Escritorio/Pulse%20Hub/SofLIA%20-%20Hub/SofLIA-HUB/node_modules/vite/dist/node/module-runner.js:1053:73)\n    at C:/Users/fysg5/OneDrive/Escritorio/Pulse Hub/SofLIA - Hub/SofLIA-HUB/electron/computer-use-handlers.ts:22:1\n    at VitestModuleEvaluator._runInlinedModule (file:///C:/Users/fysg5/OneDrive/Escritorio/Pulse%20Hub/SofLIA%20-%20Hub/SofLIA-HUB/node_modules/vitest/dist/module-evaluator.js:206:4)\n    at VitestModuleRunner.directRequest (file:///C:/Users/fysg5/OneDrive/Escritorio/Pulse%20Hub/SofLIA%20-%20Hub/SofLIA-HUB/node_modules/vite/dist/node/module-runner.js:1146:59)"],"meta":{},"tags":[]},{"ancestorTitles":["Filesystem operations"],"fullName":"Filesystem operations CU-005: read_file handles empty path gracefully","status":"failed","title":"CU-005: read_file handles empty path gracefully","duration":0.348700000000008,"failureMessages":["Error: [vitest] No \"execFile\" export is defined on the \"node:child_process\" mock. Did you forget to return it from \"vi.mock\"?\nIf you need to partially mock a module, you can use \"importOriginal\" helper inside:\n\n    at VitestMocker.createError (file:///C:/Users/fysg5/OneDrive/Escritorio/Pulse%20Hub/SofLIA%20-%20Hub/SofLIA-HUB/node_modules/vitest/dist/chunks/startVitestModuleRunner.C3ZR-4J3.js:62:17)\n    at Object.get (file:///C:/Users/fysg5/OneDrive/Escritorio/Pulse%20Hub/SofLIA%20-%20Hub/SofLIA-HUB/node_modules/vitest/dist/chunks/startVitestModuleRunner.C3ZR-4J3.js:310:16)\n    at C:/Users/fysg5/OneDrive/Escritorio/Pulse Hub/SofLIA - Hub/SofLIA-HUB/electron/background-process-service.ts:11:33\n    at processTicksAndRejections (node:internal/process/task_queues:104:5)\n    at VitestModuleEvaluator._runInlinedModule (file:///C:/Users/fysg5/OneDrive/Escritorio/Pulse%20Hub/SofLIA%20-%20Hub/SofLIA-HUB/node_modules/vitest/dist/module-evaluator.js:206:4)\n    at VitestModuleRunner.directRequest (file:///C:/Users/fysg5/OneDrive/Escritorio/Pulse%20Hub/SofLIA%20-%20Hub/SofLIA-HUB/node_modules/vite/dist/node/module-runner.js:1146:59)\n    at VitestModuleRunner.cachedRequest (file:///C:/Users/fysg5/OneDrive/Escritorio/Pulse%20Hub/SofLIA%20-%20Hub/SofLIA-HUB/node_modules/vite/dist/node/module-runner.js:1053:73)\n    at C:/Users/fysg5/OneDrive/Escritorio/Pulse Hub/SofLIA - Hub/SofLIA-HUB/electron/computer-use-handlers.ts:22:1\n    at VitestModuleEvaluator._runInlinedModule (file:///C:/Users/fysg5/OneDrive/Escritorio/Pulse%20Hub/SofLIA%20-%20Hub/SofLIA-HUB/node_modules/vitest/dist/module-evaluator.js:206:4)\n    at VitestModuleRunner.directRequest (file:///C:/Users/fysg5/OneDrive/Escritorio/Pulse%20Hub/SofLIA%20-%20Hub/SofLIA-HUB/node_modules/vite/dist/node/module-runner.js:1146:59)"],"meta":{},"tags":[]},{"ancestorTitles":["Filesystem operations"],"fullName":"Filesystem operations CU-006: read_file handles paths with special characters","status":"failed","title":"CU-006: read_file handles paths with special characters","duration":0.560799999999972,"failureMessages":["Error: [vitest] No \"execFile\" export is defined on the \"node:child_process\" mock. Did you forget to return it from \"vi.mock\"?\nIf you need to partially mock a module, you can use \"importOriginal\" helper inside:\n\n    at VitestMocker.createError (file:///C:/Users/fysg5/OneDrive/Escritorio/Pulse%20Hub/SofLIA%20-%20Hub/SofLIA-HUB/node_modules/vitest/dist/chunks/startVitestModuleRunner.C3ZR-4J3.js:62:17)\n    at Object.get (file:///C:/Users/fysg5/OneDrive/Escritorio/Pulse%20Hub/SofLIA%20-%20Hub/SofLIA-HUB/node_modules/vitest/dist/chunks/startVitestModuleRunner.C3ZR-4J3.js:310:16)\n    at C:/Users/fysg5/OneDrive/Escritorio/Pulse Hub/SofLIA - Hub/SofLIA-HUB/electron/background-process-service.ts:11:33\n    at processTicksAndRejections (node:internal/process/task_queues:104:5)\n    at VitestModuleEvaluator._runInlinedModule (file:///C:/Users/fysg5/OneDrive/Escritorio/Pulse%20Hub/SofLIA%20-%20Hub/SofLIA-HUB/node_modules/vitest/dist/module-evaluator.js:206:4)\n    at VitestModuleRunner.directRequest (file:///C:/Users/fysg5/OneDrive/Escritorio/Pulse%20Hub/SofLIA%20-%20Hub/SofLIA-HUB/node_modules/vite/dist/node/module-runner.js:1146:59)\n    at VitestModuleRunner.cachedRequest (file:///C:/Users/fysg5/OneDrive/Escritorio/Pulse%20Hub/SofLIA%20-%20Hub/SofLIA-HUB/node_modules/vite/dist/node/module-runner.js:1053:73)\n    at C:/Users/fysg5/OneDrive/Escritorio/Pulse Hub/SofLIA - Hub/SofLIA-HUB/electron/computer-use-handlers.ts:22:1\n    at VitestModuleEvaluator._runInlinedModule (file:///C:/Users/fysg5/OneDrive/Escritorio/Pulse%20Hub/SofLIA%20-%20Hub/SofLIA-HUB/node_modules/vitest/dist/module-evaluator.js:206:4)\n    at VitestModuleRunner.directRequest (file:///C:/Users/fysg5/OneDrive/Escritorio/Pulse%20Hub/SofLIA%20-%20Hub/SofLIA-HUB/node_modules/vite/dist/node/module-runner.js:1146:59)"],"meta":{},"tags":[]},{"ancestorTitles":["Filesystem operations"],"fullName":"Filesystem operations CU-007: read_file rejects directory paths","status":"failed","title":"CU-007: read_file rejects directory paths","duration":0.4000999999998385,"failureMessages":["Error: [vitest] No \"execFile\" export is defined on the \"node:child_process\" mock. Did you forget to return it from \"vi.mock\"?\nIf you need to partially mock a module, you can use \"importOriginal\" helper inside:\n\n    at VitestMocker.createError (file:///C:/Users/fysg5/OneDrive/Escritorio/Pulse%20Hub/SofLIA%20-%20Hub/SofLIA-HUB/node_modules/vitest/dist/chunks/startVitestModuleRunner.C3ZR-4J3.js:62:17)\n    at Object.get (file:///C:/Users/fysg5/OneDrive/Escritorio/Pulse%20Hub/SofLIA%20-%20Hub/SofLIA-HUB/node_modules/vitest/dist/chunks/startVitestModuleRunner.C3ZR-4J3.js:310:16)\n    at C:/Users/fysg5/OneDrive/Escritorio/Pulse Hub/SofLIA - Hub/SofLIA-HUB/electron/background-process-service.ts:11:33\n    at processTicksAndRejections (node:internal/process/task_queues:104:5)\n    at VitestModuleEvaluator._runInlinedModule (file:///C:/Users/fysg5/OneDrive/Escritorio/Pulse%20Hub/SofLIA%20-%20Hub/SofLIA-HUB/node_modules/vitest/dist/module-evaluator.js:206:4)\n    at VitestModuleRunner.directRequest (file:///C:/Users/fysg5/OneDrive/Escritorio/Pulse%20Hub/SofLIA%20-%20Hub/SofLIA-HUB/node_modules/vite/dist/node/module-runner.js:1146:59)\n    at VitestModuleRunner.cachedRequest (file:///C:/Users/fysg5/OneDrive/Escritorio/Pulse%20Hub/SofLIA%20-%20Hub/SofLIA-HUB/node_modules/vite/dist/node/module-runner.js:1053:73)\n    at C:/Users/fysg5/OneDrive/Escritorio/Pulse Hub/SofLIA - Hub/SofLIA-HUB/electron/computer-use-handlers.ts:22:1\n    at VitestModuleEvaluator._runInlinedModule (file:///C:/Users/fysg5/OneDrive/Escritorio/Pulse%20Hub/SofLIA%20-%20Hub/SofLIA-HUB/node_modules/vitest/dist/module-evaluator.js:206:4)\n    at VitestModuleRunner.directRequest (file:///C:/Users/fysg5/OneDrive/Escritorio/Pulse%20Hub/SofLIA%20-%20Hub/SofLIA-HUB/node_modules/vite/dist/node/module-runner.js:1146:59)"],"meta":{},"tags":[]},{"ancestorTitles":["Filesystem operations"],"fullName":"Filesystem operations CU-008: write_file creates a new file","status":"failed","title":"CU-008: write_file creates a new file","duration":0.2199000000000524,"failureMessages":["Error: [vitest] No \"execFile\" export is defined on the \"node:child_process\" mock. Did you forget to return it from \"vi.mock\"?\nIf you need to partially mock a module, you can use \"importOriginal\" helper inside:\n\n    at VitestMocker.createError (file:///C:/Users/fysg5/OneDrive/Escritorio/Pulse%20Hub/SofLIA%20-%20Hub/SofLIA-HUB/node_modules/vitest/dist/chunks/startVitestModuleRunner.C3ZR-4J3.js:62:17)\n    at Object.get (file:///C:/Users/fysg5/OneDrive/Escritorio/Pulse%20Hub/SofLIA%20-%20Hub/SofLIA-HUB/node_modules/vitest/dist/chunks/startVitestModuleRunner.C3ZR-4J3.js:310:16)\n    at C:/Users/fysg5/OneDrive/Escritorio/Pulse Hub/SofLIA - Hub/SofLIA-HUB/electron/background-process-service.ts:11:33\n    at processTicksAndRejections (node:internal/process/task_queues:104:5)\n    at VitestModuleEvaluator._runInlinedModule (file:///C:/Users/fysg5/OneDrive/Escritorio/Pulse%20Hub/SofLIA%20-%20Hub/SofLIA-HUB/node_modules/vitest/dist/module-evaluator.js:206:4)\n    at VitestModuleRunner.directRequest (file:///C:/Users/fysg5/OneDrive/Escritorio/Pulse%20Hub/SofLIA%20-%20Hub/SofLIA-HUB/node_modules/vite/dist/node/module-runner.js:1146:59)\n    at VitestModuleRunner.cachedRequest (file:///C:/Users/fysg5/OneDrive/Escritorio/Pulse%20Hub/SofLIA%20-%20Hub/SofLIA-HUB/node_modules/vite/dist/node/module-runner.js:1053:73)\n    at C:/Users/fysg5/OneDrive/Escritorio/Pulse Hub/SofLIA - Hub/SofLIA-HUB/electron/computer-use-handlers.ts:22:1\n    at VitestModuleEvaluator._runInlinedModule (file:///C:/Users/fysg5/OneDrive/Escritorio/Pulse%20Hub/SofLIA%20-%20Hub/SofLIA-HUB/node_modules/vitest/dist/module-evaluator.js:206:4)\n    at VitestModuleRunner.directRequest (file:///C:/Users/fysg5/OneDrive/Escritorio/Pulse%20Hub/SofLIA%20-%20Hub/SofLIA-HUB/node_modules/vite/dist/node/module-runner.js:1146:59)"],"meta":{},"tags":[]},{"ancestorTitles":["Filesystem operations"],"fullName":"Filesystem operations CU-009: write_file overwrites existing file","status":"failed","title":"CU-009: write_file overwrites existing file","duration":0.22070000000007894,"failureMessages":["Error: [vitest] No \"execFile\" export is defined on the \"node:child_process\" mock. Did you forget to return it from \"vi.mock\"?\nIf you need to partially mock a module, you can use \"importOriginal\" helper inside:\n\n    at VitestMocker.createError (file:///C:/Users/fysg5/OneDrive/Escritorio/Pulse%20Hub/SofLIA%20-%20Hub/SofLIA-HUB/node_modules/vitest/dist/chunks/startVitestModuleRunner.C3ZR-4J3.js:62:17)\n    at Object.get (file:///C:/Users/fysg5/OneDrive/Escritorio/Pulse%20Hub/SofLIA%20-%20Hub/SofLIA-HUB/node_modules/vitest/dist/chunks/startVitestModuleRunner.C3ZR-4J3.js:310:16)\n    at C:/Users/fysg5/OneDrive/Escritorio/Pulse Hub/SofLIA - Hub/SofLIA-HUB/electron/background-process-service.ts:11:33\n    at processTicksAndRejections (node:internal/process/task_queues:104:5)\n    at VitestModuleEvaluator._runInlinedModule (file:///C:/Users/fysg5/OneDrive/Escritorio/Pulse%20Hub/SofLIA%20-%20Hub/SofLIA-HUB/node_modules/vitest/dist/module-evaluator.js:206:4)\n    at VitestModuleRunner.directRequest (file:///C:/Users/fysg5/OneDrive/Escritorio/Pulse%20Hub/SofLIA%20-%20Hub/SofLIA-HUB/node_modules/vite/dist/node/module-runner.js:1146:59)\n    at VitestModuleRunner.cachedRequest (file:///C:/Users/fysg5/OneDrive/Escritorio/Pulse%20Hub/SofLIA%20-%20Hub/SofLIA-HUB/node_modules/vite/dist/node/module-runner.js:1053:73)\n    at C:/Users/fysg5/OneDrive/Escritorio/Pulse Hub/SofLIA - Hub/SofLIA-HUB/electron/computer-use-handlers.ts:22:1\n    at VitestModuleEvaluator._runInlinedModule (file:///C:/Users/fysg5/OneDrive/Escritorio/Pulse%20Hub/SofLIA%20-%20Hub/SofLIA-HUB/node_modules/vitest/dist/module-evaluator.js:206:4)\n    at VitestModuleRunner.directRequest (file:///C:/Users/fysg5/OneDrive/Escritorio/Pulse%20Hub/SofLIA%20-%20Hub/SofLIA-HUB/node_modules/vite/dist/node/module-runner.js:1146:59)"],"meta":{},"tags":[]},{"ancestorTitles":["Filesystem operations"],"fullName":"Filesystem operations CU-010: write_file creates parent directories","status":"failed","title":"CU-010: write_file creates parent directories","duration":0.2924000000000433,"failureMessages":["Error: [vitest] No \"execFile\" export is defined on the \"node:child_process\" mock. Did you forget to return it from \"vi.mock\"?\nIf you need to partially mock a module, you can use \"importOriginal\" helper inside:\n\n    at VitestMocker.createError (file:///C:/Users/fysg5/OneDrive/Escritorio/Pulse%20Hub/SofLIA%20-%20Hub/SofLIA-HUB/node_modules/vitest/dist/chunks/startVitestModuleRunner.C3ZR-4J3.js:62:17)\n    at Object.get (file:///C:/Users/fysg5/OneDrive/Escritorio/Pulse%20Hub/SofLIA%20-%20Hub/SofLIA-HUB/node_modules/vitest/dist/chunks/startVitestModuleRunner.C3ZR-4J3.js:310:16)\n    at C:/Users/fysg5/OneDrive/Escritorio/Pulse Hub/SofLIA - Hub/SofLIA-HUB/electron/background-process-service.ts:11:33\n    at processTicksAndRejections (node:internal/process/task_queues:104:5)\n    at VitestModuleEvaluator._runInlinedModule (file:///C:/Users/fysg5/OneDrive/Escritorio/Pulse%20Hub/SofLIA%20-%20Hub/SofLIA-HUB/node_modules/vitest/dist/module-evaluator.js:206:4)\n    at VitestModuleRunner.directRequest (file:///C:/Users/fysg5/OneDrive/Escritorio/Pulse%20Hub/SofLIA%20-%20Hub/SofLIA-HUB/node_modules/vite/dist/node/module-runner.js:1146:59)\n    at VitestModuleRunner.cachedRequest (file:///C:/Users/fysg5/OneDrive/Escritorio/Pulse%20Hub/SofLIA%20-%20Hub/SofLIA-HUB/node_modules/vite/dist/node/module-runner.js:1053:73)\n    at C:/Users/fysg5/OneDrive/Escritorio/Pulse Hub/SofLIA - Hub/SofLIA-HUB/electron/computer-use-handlers.ts:22:1\n    at VitestModuleEvaluator._runInlinedModule (file:///C:/Users/fysg5/OneDrive/Escritorio/Pulse%20Hub/SofLIA%20-%20Hub/SofLIA-HUB/node_modules/vitest/dist/module-evaluator.js:206:4)\n    at VitestModuleRunner.directRequest (file:///C:/Users/fysg5/OneDrive/Escritorio/Pulse%20Hub/SofLIA%20-%20Hub/SofLIA-HUB/node_modules/vite/dist/node/module-runner.js:1146:59)"],"meta":{},"tags":[]},{"ancestorTitles":["Filesystem operations"],"fullName":"Filesystem operations CU-011: write_file handles empty content","status":"failed","title":"CU-011: write_file handles empty content","duration":0.2504999999998745,"failureMessages":["Error: [vitest] No \"execFile\" export is defined on the \"node:child_process\" mock. Did you forget to return it from \"vi.mock\"?\nIf you need to partially mock a module, you can use \"importOriginal\" helper inside:\n\n    at VitestMocker.createError (file:///C:/Users/fysg5/OneDrive/Escritorio/Pulse%20Hub/SofLIA%20-%20Hub/SofLIA-HUB/node_modules/vitest/dist/chunks/startVitestModuleRunner.C3ZR-4J3.js:62:17)\n    at Object.get (file:///C:/Users/fysg5/OneDrive/Escritorio/Pulse%20Hub/SofLIA%20-%20Hub/SofLIA-HUB/node_modules/vitest/dist/chunks/startVitestModuleRunner.C3ZR-4J3.js:310:16)\n    at C:/Users/fysg5/OneDrive/Escritorio/Pulse Hub/SofLIA - Hub/SofLIA-HUB/electron/background-process-service.ts:11:33\n    at processTicksAndRejections (node:internal/process/task_queues:104:5)\n    at VitestModuleEvaluator._runInlinedModule (file:///C:/Users/fysg5/OneDrive/Escritorio/Pulse%20Hub/SofLIA%20-%20Hub/SofLIA-HUB/node_modules/vitest/dist/module-evaluator.js:206:4)\n    at VitestModuleRunner.directRequest (file:///C:/Users/fysg5/OneDrive/Escritorio/Pulse%20Hub/SofLIA%20-%20Hub/SofLIA-HUB/node_modules/vite/dist/node/module-runner.js:1146:59)\n    at VitestModuleRunner.cachedRequest (file:///C:/Users/fysg5/OneDrive/Escritorio/Pulse%20Hub/SofLIA%20-%20Hub/SofLIA-HUB/node_modules/vite/dist/node/module-runner.js:1053:73)\n    at C:/Users/fysg5/OneDrive/Escritorio/Pulse Hub/SofLIA - Hub/SofLIA-HUB/electron/computer-use-handlers.ts:22:1\n    at VitestModuleEvaluator._runInlinedModule (file:///C:/Users/fysg5/OneDrive/Escritorio/Pulse%20Hub/SofLIA%20-%20Hub/SofLIA-HUB/node_modules/vitest/dist/module-evaluator.js:206:4)\n    at VitestModuleRunner.directRequest (file:///C:/Users/fysg5/OneDrive/Escritorio/Pulse%20Hub/SofLIA%20-%20Hub/SofLIA-HUB/node_modules/vite/dist/node/module-runner.js:1146:59)"],"meta":{},"tags":[]},{"ancestorTitles":["Filesystem operations"],"fullName":"Filesystem operations CU-012: write_file handles Unicode content","status":"failed","title":"CU-012: write_file handles Unicode content","duration":0.18010000000003856,"failureMessages":["Error: [vitest] No \"execFile\" export is defined on the \"node:child_process\" mock. Did you forget to return it from \"vi.mock\"?\nIf you need to partially mock a module, you can use \"importOriginal\" helper inside:\n\n    at VitestMocker.createError (file:///C:/Users/fysg5/OneDrive/Escritorio/Pulse%20Hub/SofLIA%20-%20Hub/SofLIA-HUB/node_modules/vitest/dist/chunks/startVitestModuleRunner.C3ZR-4J3.js:62:17)\n    at Object.get (file:///C:/Users/fysg5/OneDrive/Escritorio/Pulse%20Hub/SofLIA%20-%20Hub/SofLIA-HUB/node_modules/vitest/dist/chunks/startVitestModuleRunner.C3ZR-4J3.js:310:16)\n    at C:/Users/fysg5/OneDrive/Escritorio/Pulse Hub/SofLIA - Hub/SofLIA-HUB/electron/background-process-service.ts:11:33\n    at processTicksAndRejections (node:internal/process/task_queues:104:5)\n    at VitestModuleEvaluator._runInlinedModule (file:///C:/Users/fysg5/OneDrive/Escritorio/Pulse%20Hub/SofLIA%20-%20Hub/SofLIA-HUB/node_modules/vitest/dist/module-evaluator.js:206:4)\n    at VitestModuleRunner.directRequest (file:///C:/Users/fysg5/OneDrive/Escritorio/Pulse%20Hub/SofLIA%20-%20Hub/SofLIA-HUB/node_modules/vite/dist/node/module-runner.js:1146:59)\n    at VitestModuleRunner.cachedRequest (file:///C:/Users/fysg5/OneDrive/Escritorio/Pulse%20Hub/SofLIA%20-%20Hub/SofLIA-HUB/node_modules/vite/dist/node/module-runner.js:1053:73)\n    at C:/Users/fysg5/OneDrive/Escritorio/Pulse Hub/SofLIA - Hub/SofLIA-HUB/electron/computer-use-handlers.ts:22:1\n    at VitestModuleEvaluator._runInlinedModule (file:///C:/Users/fysg5/OneDrive/Escritorio/Pulse%20Hub/SofLIA%20-%20Hub/SofLIA-HUB/node_modules/vitest/dist/module-evaluator.js:206:4)\n    at VitestModuleRunner.directRequest (file:///C:/Users/fysg5/OneDrive/Escritorio/Pulse%20Hub/SofLIA%20-%20Hub/SofLIA-HUB/node_modules/vite/dist/node/module-runner.js:1146:59)"],"meta":{},"tags":[]},{"ancestorTitles":["Filesystem operations"],"fullName":"Filesystem operations CU-013: list_directory lists existing directory","status":"failed","title":"CU-013: list_directory lists existing directory","duration":0.1734999999998763,"failureMessages":["Error: [vitest] No \"execFile\" export is defined on the \"node:child_process\" mock. Did you forget to return it from \"vi.mock\"?\nIf you need to partially mock a module, you can use \"importOriginal\" helper inside:\n\n    at VitestMocker.createError (file:///C:/Users/fysg5/OneDrive/Escritorio/Pulse%20Hub/SofLIA%20-%20Hub/SofLIA-HUB/node_modules/vitest/dist/chunks/startVitestModuleRunner.C3ZR-4J3.js:62:17)\n    at Object.get (file:///C:/Users/fysg5/OneDrive/Escritorio/Pulse%20Hub/SofLIA%20-%20Hub/SofLIA-HUB/node_modules/vitest/dist/chunks/startVitestModuleRunner.C3ZR-4J3.js:310:16)\n    at C:/Users/fysg5/OneDrive/Escritorio/Pulse Hub/SofLIA - Hub/SofLIA-HUB/electron/background-process-service.ts:11:33\n    at processTicksAndRejections (node:internal/process/task_queues:104:5)\n    at VitestModuleEvaluator._runInlinedModule (file:///C:/Users/fysg5/OneDrive/Escritorio/Pulse%20Hub/SofLIA%20-%20Hub/SofLIA-HUB/node_modules/vitest/dist/module-evaluator.js:206:4)\n    at VitestModuleRunner.directRequest (file:///C:/Users/fysg5/OneDrive/Escritorio/Pulse%20Hub/SofLIA%20-%20Hub/SofLIA-HUB/node_modules/vite/dist/node/module-runner.js:1146:59)\n    at VitestModuleRunner.cachedRequest (file:///C:/Users/fysg5/OneDrive/Escritorio/Pulse%20Hub/SofLIA%20-%20Hub/SofLIA-HUB/node_modules/vite/dist/node/module-runner.js:1053:73)\n    at C:/Users/fysg5/OneDrive/Escritorio/Pulse Hub/SofLIA - Hub/SofLIA-HUB/electron/computer-use-handlers.ts:22:1\n    at VitestModuleEvaluator._runInlinedModule (file:///C:/Users/fysg5/OneDrive/Escritorio/Pulse%20Hub/SofLIA%20-%20Hub/SofLIA-HUB/node_modules/vitest/dist/module-evaluator.js:206:4)\n    at VitestModuleRunner.directRequest (file:///C:/Users/fysg5/OneDrive/Escritorio/Pulse%20Hub/SofLIA%20-%20Hub/SofLIA-HUB/node_modules/vite/dist/node/module-runner.js:1146:59)"],"meta":{},"tags":[]},{"ancestorTitles":["Filesystem operations"],"fullName":"Filesystem operations CU-014: list_directory handles empty directory","status":"failed","title":"CU-014: list_directory handles empty directory","duration":0.1611000000000331,"failureMessages":["Error: [vitest] No \"execFile\" export is defined on the \"node:child_process\" mock. Did you forget to return it from \"vi.mock\"?\nIf you need to partially mock a module, you can use \"importOriginal\" helper inside:\n\n    at VitestMocker.createError (file:///C:/Users/fysg5/OneDrive/Escritorio/Pulse%20Hub/SofLIA%20-%20Hub/SofLIA-HUB/node_modules/vitest/dist/chunks/startVitestModuleRunner.C3ZR-4J3.js:62:17)\n    at Object.get (file:///C:/Users/fysg5/OneDrive/Escritorio/Pulse%20Hub/SofLIA%20-%20Hub/SofLIA-HUB/node_modules/vitest/dist/chunks/startVitestModuleRunner.C3ZR-4J3.js:310:16)\n    at C:/Users/fysg5/OneDrive/Escritorio/Pulse Hub/SofLIA - Hub/SofLIA-HUB/electron/background-process-service.ts:11:33\n    at processTicksAndRejections (node:internal/process/task_queues:104:5)\n    at VitestModuleEvaluator._runInlinedModule (file:///C:/Users/fysg5/OneDrive/Escritorio/Pulse%20Hub/SofLIA%20-%20Hub/SofLIA-HUB/node_modules/vitest/dist/module-evaluator.js:206:4)\n    at VitestModuleRunner.directRequest (file:///C:/Users/fysg5/OneDrive/Escritorio/Pulse%20Hub/SofLIA%20-%20Hub/SofLIA-HUB/node_modules/vite/dist/node/module-runner.js:1146:59)\n    at VitestModuleRunner.cachedRequest (file:///C:/Users/fysg5/OneDrive/Escritorio/Pulse%20Hub/SofLIA%20-%20Hub/SofLIA-HUB/node_modules/vite/dist/node/module-runner.js:1053:73)\n    at C:/Users/fysg5/OneDrive/Escritorio/Pulse Hub/SofLIA - Hub/SofLIA-HUB/electron/computer-use-handlers.ts:22:1\n    at VitestModuleEvaluator._runInlinedModule (file:///C:/Users/fysg5/OneDrive/Escritorio/Pulse%20Hub/SofLIA%20-%20Hub/SofLIA-HUB/node_modules/vitest/dist/module-evaluator.js:206:4)\n    at VitestModuleRunner.directRequest (file:///C:/Users/fysg5/OneDrive/Escritorio/Pulse%20Hub/SofLIA%20-%20Hub/SofLIA-HUB/node_modules/vite/dist/node/module-runner.js:1146:59)"],"meta":{},"tags":[]},{"ancestorTitles":["Filesystem operations"],"fullName":"Filesystem operations CU-015: list_directory returns error for nonexistent","status":"failed","title":"CU-015: list_directory returns error for nonexistent","duration":0.16830000000004475,"failureMessages":["Error: [vitest] No \"execFile\" export is defined on the \"node:child_process\" mock. Did you forget to return it from \"vi.mock\"?\nIf you need to partially mock a module, you can use \"importOriginal\" helper inside:\n\n    at VitestMocker.createError (file:///C:/Users/fysg5/OneDrive/Escritorio/Pulse%20Hub/SofLIA%20-%20Hub/SofLIA-HUB/node_modules/vitest/dist/chunks/startVitestModuleRunner.C3ZR-4J3.js:62:17)\n    at Object.get (file:///C:/Users/fysg5/OneDrive/Escritorio/Pulse%20Hub/SofLIA%20-%20Hub/SofLIA-HUB/node_modules/vitest/dist/chunks/startVitestModuleRunner.C3ZR-4J3.js:310:16)\n    at C:/Users/fysg5/OneDrive/Escritorio/Pulse Hub/SofLIA - Hub/SofLIA-HUB/electron/background-process-service.ts:11:33\n    at processTicksAndRejections (node:internal/process/task_queues:104:5)\n    at VitestModuleEvaluator._runInlinedModule (file:///C:/Users/fysg5/OneDrive/Escritorio/Pulse%20Hub/SofLIA%20-%20Hub/SofLIA-HUB/node_modules/vitest/dist/module-evaluator.js:206:4)\n    at VitestModuleRunner.directRequest (file:///C:/Users/fysg5/OneDrive/Escritorio/Pulse%20Hub/SofLIA%20-%20Hub/SofLIA-HUB/node_modules/vite/dist/node/module-runner.js:1146:59)\n    at VitestModuleRunner.cachedRequest (file:///C:/Users/fysg5/OneDrive/Escritorio/Pulse%20Hub/SofLIA%20-%20Hub/SofLIA-HUB/node_modules/vite/dist/node/module-runner.js:1053:73)\n    at C:/Users/fysg5/OneDrive/Escritorio/Pulse Hub/SofLIA - Hub/SofLIA-HUB/electron/computer-use-handlers.ts:22:1\n    at VitestModuleEvaluator._runInlinedModule (file:///C:/Users/fysg5/OneDrive/Escritorio/Pulse%20Hub/SofLIA%20-%20Hub/SofLIA-HUB/node_modules/vitest/dist/module-evaluator.js:206:4)\n    at VitestModuleRunner.directRequest (file:///C:/Users/fysg5/OneDrive/Escritorio/Pulse%20Hub/SofLIA%20-%20Hub/SofLIA-HUB/node_modules/vite/dist/node/module-runner.js:1146:59)"],"meta":{},"tags":[]},{"ancestorTitles":["Filesystem operations"],"fullName":"Filesystem operations CU-016: list_directory distinguishes files and dirs","status":"failed","title":"CU-016: list_directory distinguishes files and dirs","duration":0.21610000000009677,"failureMessages":["Error: [vitest] No \"execFile\" export is defined on the \"node:child_process\" mock. Did you forget to return it from \"vi.mock\"?\nIf you need to partially mock a module, you can use \"importOriginal\" helper inside:\n\n    at VitestMocker.createError (file:///C:/Users/fysg5/OneDrive/Escritorio/Pulse%20Hub/SofLIA%20-%20Hub/SofLIA-HUB/node_modules/vitest/dist/chunks/startVitestModuleRunner.C3ZR-4J3.js:62:17)\n    at Object.get (file:///C:/Users/fysg5/OneDrive/Escritorio/Pulse%20Hub/SofLIA%20-%20Hub/SofLIA-HUB/node_modules/vitest/dist/chunks/startVitestModuleRunner.C3ZR-4J3.js:310:16)\n    at C:/Users/fysg5/OneDrive/Escritorio/Pulse Hub/SofLIA - Hub/SofLIA-HUB/electron/background-process-service.ts:11:33\n    at processTicksAndRejections (node:internal/process/task_queues:104:5)\n    at VitestModuleEvaluator._runInlinedModule (file:///C:/Users/fysg5/OneDrive/Escritorio/Pulse%20Hub/SofLIA%20-%20Hub/SofLIA-HUB/node_modules/vitest/dist/module-evaluator.js:206:4)\n    at VitestModuleRunner.directRequest (file:///C:/Users/fysg5/OneDrive/Escritorio/Pulse%20Hub/SofLIA%20-%20Hub/SofLIA-HUB/node_modules/vite/dist/node/module-runner.js:1146:59)\n    at VitestModuleRunner.cachedRequest (file:///C:/Users/fysg5/OneDrive/Escritorio/Pulse%20Hub/SofLIA%20-%20Hub/SofLIA-HUB/node_modules/vite/dist/node/module-runner.js:1053:73)\n    at C:/Users/fysg5/OneDrive/Escritorio/Pulse Hub/SofLIA - Hub/SofLIA-HUB/electron/computer-use-handlers.ts:22:1\n    at VitestModuleEvaluator._runInlinedModule (file:///C:/Users/fysg5/OneDrive/Escritorio/Pulse%20Hub/SofLIA%20-%20Hub/SofLIA-HUB/node_modules/vitest/dist/module-evaluator.js:206:4)\n    at VitestModuleRunner.directRequest (file:///C:/Users/fysg5/OneDrive/Escritorio/Pulse%20Hub/SofLIA%20-%20Hub/SofLIA-HUB/node_modules/vite/dist/node/module-runner.js:1146:59)"],"meta":{},"tags":[]},{"ancestorTitles":["Filesystem operations"],"fullName":"Filesystem operations CU-017: list_directory filters hidden files by default","status":"failed","title":"CU-017: list_directory filters hidden files by default","duration":0.17990000000008877,"failureMessages":["Error: [vitest] No \"execFile\" export is defined on the \"node:child_process\" mock. Did you forget to return it from \"vi.mock\"?\nIf you need to partially mock a module, you can use \"importOriginal\" helper inside:\n\n    at VitestMocker.createError (file:///C:/Users/fysg5/OneDrive/Escritorio/Pulse%20Hub/SofLIA%20-%20Hub/SofLIA-HUB/node_modules/vitest/dist/chunks/startVitestModuleRunner.C3ZR-4J3.js:62:17)\n    at Object.get (file:///C:/Users/fysg5/OneDrive/Escritorio/Pulse%20Hub/SofLIA%20-%20Hub/SofLIA-HUB/node_modules/vitest/dist/chunks/startVitestModuleRunner.C3ZR-4J3.js:310:16)\n    at C:/Users/fysg5/OneDrive/Escritorio/Pulse Hub/SofLIA - Hub/SofLIA-HUB/electron/background-process-service.ts:11:33\n    at processTicksAndRejections (node:internal/process/task_queues:104:5)\n    at VitestModuleEvaluator._runInlinedModule (file:///C:/Users/fysg5/OneDrive/Escritorio/Pulse%20Hub/SofLIA%20-%20Hub/SofLIA-HUB/node_modules/vitest/dist/module-evaluator.js:206:4)\n    at VitestModuleRunner.directRequest (file:///C:/Users/fysg5/OneDrive/Escritorio/Pulse%20Hub/SofLIA%20-%20Hub/SofLIA-HUB/node_modules/vite/dist/node/module-runner.js:1146:59)\n    at VitestModuleRunner.cachedRequest (file:///C:/Users/fysg5/OneDrive/Escritorio/Pulse%20Hub/SofLIA%20-%20Hub/SofLIA-HUB/node_modules/vite/dist/node/module-runner.js:1053:73)\n    at C:/Users/fysg5/OneDrive/Escritorio/Pulse Hub/SofLIA - Hub/SofLIA-HUB/electron/computer-use-handlers.ts:22:1\n    at VitestModuleEvaluator._runInlinedModule (file:///C:/Users/fysg5/OneDrive/Escritorio/Pulse%20Hub/SofLIA%20-%20Hub/SofLIA-HUB/node_modules/vitest/dist/module-evaluator.js:206:4)\n    at VitestModuleRunner.directRequest (file:///C:/Users/fysg5/OneDrive/Escritorio/Pulse%20Hub/SofLIA%20-%20Hub/SofLIA-HUB/node_modules/vite/dist/node/module-runner.js:1146:59)"],"meta":{},"tags":[]},{"ancestorTitles":["Filesystem operations"],"fullName":"Filesystem operations CU-018: list_directory shows hidden when show_hidden=true","status":"failed","title":"CU-018: list_directory shows hidden when show_hidden=true","duration":0.1349999999999909,"failureMessages":["Error: [vitest] No \"execFile\" export is defined on the \"node:child_process\" mock. Did you forget to return it from \"vi.mock\"?\nIf you need to partially mock a module, you can use \"importOriginal\" helper inside:\n\n    at VitestMocker.createError (file:///C:/Users/fysg5/OneDrive/Escritorio/Pulse%20Hub/SofLIA%20-%20Hub/SofLIA-HUB/node_modules/vitest/dist/chunks/startVitestModuleRunner.C3ZR-4J3.js:62:17)\n    at Object.get (file:///C:/Users/fysg5/OneDrive/Escritorio/Pulse%20Hub/SofLIA%20-%20Hub/SofLIA-HUB/node_modules/vitest/dist/chunks/startVitestModuleRunner.C3ZR-4J3.js:310:16)\n    at C:/Users/fysg5/OneDrive/Escritorio/Pulse Hub/SofLIA - Hub/SofLIA-HUB/electron/background-process-service.ts:11:33\n    at processTicksAndRejections (node:internal/process/task_queues:104:5)\n    at VitestModuleEvaluator._runInlinedModule (file:///C:/Users/fysg5/OneDrive/Escritorio/Pulse%20Hub/SofLIA%20-%20Hub/SofLIA-HUB/node_modules/vitest/dist/module-evaluator.js:206:4)\n    at VitestModuleRunner.directRequest (file:///C:/Users/fysg5/OneDrive/Escritorio/Pulse%20Hub/SofLIA%20-%20Hub/SofLIA-HUB/node_modules/vite/dist/node/module-runner.js:1146:59)\n    at VitestModuleRunner.cachedRequest (file:///C:/Users/fysg5/OneDrive/Escritorio/Pulse%20Hub/SofLIA%20-%20Hub/SofLIA-HUB/node_modules/vite/dist/node/module-runner.js:1053:73)\n    at C:/Users/fysg5/OneDrive/Escritorio/Pulse Hub/SofLIA - Hub/SofLIA-HUB/electron/computer-use-handlers.ts:22:1\n    at VitestModuleEvaluator._runInlinedModule (file:///C:/Users/fysg5/OneDrive/Escritorio/Pulse%20Hub/SofLIA%20-%20Hub/SofLIA-HUB/node_modules/vitest/dist/module-evaluator.js:206:4)\n    at VitestModuleRunner.directRequest (file:///C:/Users/fysg5/OneDrive/Escritorio/Pulse%20Hub/SofLIA%20-%20Hub/SofLIA-HUB/node_modules/vite/dist/node/module-runner.js:1146:59)"],"meta":{},"tags":[]},{"ancestorTitles":["Filesystem operations"],"fullName":"Filesystem operations CU-019: create_directory creates simple directory","status":"failed","title":"CU-019: create_directory creates simple directory","duration":0.12740000000007967,"failureMessages":["Error: [vitest] No \"execFile\" export is defined on the \"node:child_process\" mock. Did you forget to return it from \"vi.mock\"?\nIf you need to partially mock a module, you can use \"importOriginal\" helper inside:\n\n    at VitestMocker.createError (file:///C:/Users/fysg5/OneDrive/Escritorio/Pulse%20Hub/SofLIA%20-%20Hub/SofLIA-HUB/node_modules/vitest/dist/chunks/startVitestModuleRunner.C3ZR-4J3.js:62:17)\n    at Object.get (file:///C:/Users/fysg5/OneDrive/Escritorio/Pulse%20Hub/SofLIA%20-%20Hub/SofLIA-HUB/node_modules/vitest/dist/chunks/startVitestModuleRunner.C3ZR-4J3.js:310:16)\n    at C:/Users/fysg5/OneDrive/Escritorio/Pulse Hub/SofLIA - Hub/SofLIA-HUB/electron/background-process-service.ts:11:33\n    at processTicksAndRejections (node:internal/process/task_queues:104:5)\n    at VitestModuleEvaluator._runInlinedModule (file:///C:/Users/fysg5/OneDrive/Escritorio/Pulse%20Hub/SofLIA%20-%20Hub/SofLIA-HUB/node_modules/vitest/dist/module-evaluator.js:206:4)\n    at VitestModuleRunner.directRequest (file:///C:/Users/fysg5/OneDrive/Escritorio/Pulse%20Hub/SofLIA%20-%20Hub/SofLIA-HUB/node_modules/vite/dist/node/module-runner.js:1146:59)\n    at VitestModuleRunner.cachedRequest (file:///C:/Users/fysg5/OneDrive/Escritorio/Pulse%20Hub/SofLIA%20-%20Hub/SofLIA-HUB/node_modules/vite/dist/node/module-runner.js:1053:73)\n    at C:/Users/fysg5/OneDrive/Escritorio/Pulse Hub/SofLIA - Hub/SofLIA-HUB/electron/computer-use-handlers.ts:22:1\n    at VitestModuleEvaluator._runInlinedModule (file:///C:/Users/fysg5/OneDrive/Escritorio/Pulse%20Hub/SofLIA%20-%20Hub/SofLIA-HUB/node_modules/vitest/dist/module-evaluator.js:206:4)\n    at VitestModuleRunner.directRequest (file:///C:/Users/fysg5/OneDrive/Escritorio/Pulse%20Hub/SofLIA%20-%20Hub/SofLIA-HUB/node_modules/vite/dist/node/module-runner.js:1146:59)"],"meta":{},"tags":[]},{"ancestorTitles":["Filesystem operations"],"fullName":"Filesystem operations CU-020: create_directory creates recursive path","status":"failed","title":"CU-020: create_directory creates recursive path","duration":0.12720000000012988,"failureMessages":["Error: [vitest] No \"execFile\" export is defined on the \"node:child_process\" mock. Did you forget to return it from \"vi.mock\"?\nIf you need to partially mock a module, you can use \"importOriginal\" helper inside:\n\n    at VitestMocker.createError (file:///C:/Users/fysg5/OneDrive/Escritorio/Pulse%20Hub/SofLIA%20-%20Hub/SofLIA-HUB/node_modules/vitest/dist/chunks/startVitestModuleRunner.C3ZR-4J3.js:62:17)\n    at Object.get (file:///C:/Users/fysg5/OneDrive/Escritorio/Pulse%20Hub/SofLIA%20-%20Hub/SofLIA-HUB/node_modules/vitest/dist/chunks/startVitestModuleRunner.C3ZR-4J3.js:310:16)\n    at C:/Users/fysg5/OneDrive/Escritorio/Pulse Hub/SofLIA - Hub/SofLIA-HUB/electron/background-process-service.ts:11:33\n    at processTicksAndRejections (node:internal/process/task_queues:104:5)\n    at VitestModuleEvaluator._runInlinedModule (file:///C:/Users/fysg5/OneDrive/Escritorio/Pulse%20Hub/SofLIA%20-%20Hub/SofLIA-HUB/node_modules/vitest/dist/module-evaluator.js:206:4)\n    at VitestModuleRunner.directRequest (file:///C:/Users/fysg5/OneDrive/Escritorio/Pulse%20Hub/SofLIA%20-%20Hub/SofLIA-HUB/node_modules/vite/dist/node/module-runner.js:1146:59)\n    at VitestModuleRunner.cachedRequest (file:///C:/Users/fysg5/OneDrive/Escritorio/Pulse%20Hub/SofLIA%20-%20Hub/SofLIA-HUB/node_modules/vite/dist/node/module-runner.js:1053:73)\n    at C:/Users/fysg5/OneDrive/Escritorio/Pulse Hub/SofLIA - Hub/SofLIA-HUB/electron/computer-use-handlers.ts:22:1\n    at VitestModuleEvaluator._runInlinedModule (file:///C:/Users/fysg5/OneDrive/Escritorio/Pulse%20Hub/SofLIA%20-%20Hub/SofLIA-HUB/node_modules/vitest/dist/module-evaluator.js:206:4)\n    at VitestModuleRunner.directRequest (file:///C:/Users/fysg5/OneDrive/Escritorio/Pulse%20Hub/SofLIA%20-%20Hub/SofLIA-HUB/node_modules/vite/dist/node/module-runner.js:1146:59)"],"meta":{},"tags":[]},{"ancestorTitles":["Filesystem operations"],"fullName":"Filesystem operations CU-021: create_directory handles already exists (EEXIST)","status":"failed","title":"CU-021: create_directory handles already exists (EEXIST)","duration":0.15679999999997563,"failureMessages":["Error: [vitest] No \"execFile\" export is defined on the \"node:child_process\" mock. Did you forget to return it from \"vi.mock\"?\nIf you need to partially mock a module, you can use \"importOriginal\" helper inside:\n\n    at VitestMocker.createError (file:///C:/Users/fysg5/OneDrive/Escritorio/Pulse%20Hub/SofLIA%20-%20Hub/SofLIA-HUB/node_modules/vitest/dist/chunks/startVitestModuleRunner.C3ZR-4J3.js:62:17)\n    at Object.get (file:///C:/Users/fysg5/OneDrive/Escritorio/Pulse%20Hub/SofLIA%20-%20Hub/SofLIA-HUB/node_modules/vitest/dist/chunks/startVitestModuleRunner.C3ZR-4J3.js:310:16)\n    at C:/Users/fysg5/OneDrive/Escritorio/Pulse Hub/SofLIA - Hub/SofLIA-HUB/electron/background-process-service.ts:11:33\n    at processTicksAndRejections (node:internal/process/task_queues:104:5)\n    at VitestModuleEvaluator._runInlinedModule (file:///C:/Users/fysg5/OneDrive/Escritorio/Pulse%20Hub/SofLIA%20-%20Hub/SofLIA-HUB/node_modules/vitest/dist/module-evaluator.js:206:4)\n    at VitestModuleRunner.directRequest (file:///C:/Users/fysg5/OneDrive/Escritorio/Pulse%20Hub/SofLIA%20-%20Hub/SofLIA-HUB/node_modules/vite/dist/node/module-runner.js:1146:59)\n    at VitestModuleRunner.cachedRequest (file:///C:/Users/fysg5/OneDrive/Escritorio/Pulse%20Hub/SofLIA%20-%20Hub/SofLIA-HUB/node_modules/vite/dist/node/module-runner.js:1053:73)\n    at C:/Users/fysg5/OneDrive/Escritorio/Pulse Hub/SofLIA - Hub/SofLIA-HUB/electron/computer-use-handlers.ts:22:1\n    at VitestModuleEvaluator._runInlinedModule (file:///C:/Users/fysg5/OneDrive/Escritorio/Pulse%20Hub/SofLIA%20-%20Hub/SofLIA-HUB/node_modules/vitest/dist/module-evaluator.js:206:4)\n    at VitestModuleRunner.directRequest (file:///C:/Users/fysg5/OneDrive/Escritorio/Pulse%20Hub/SofLIA%20-%20Hub/SofLIA-HUB/node_modules/vite/dist/node/module-runner.js:1146:59)"],"meta":{},"tags":[]},{"ancestorTitles":["Filesystem operations"],"fullName":"Filesystem operations CU-022: move_item moves a file","status":"failed","title":"CU-022: move_item moves a file","duration":0.16390000000001237,"failureMessages":["Error: [vitest] No \"execFile\" export is defined on the \"node:child_process\" mock. Did you forget to return it from \"vi.mock\"?\nIf you need to partially mock a module, you can use \"importOriginal\" helper inside:\n\n    at VitestMocker.createError (file:///C:/Users/fysg5/OneDrive/Escritorio/Pulse%20Hub/SofLIA%20-%20Hub/SofLIA-HUB/node_modules/vitest/dist/chunks/startVitestModuleRunner.C3ZR-4J3.js:62:17)\n    at Object.get (file:///C:/Users/fysg5/OneDrive/Escritorio/Pulse%20Hub/SofLIA%20-%20Hub/SofLIA-HUB/node_modules/vitest/dist/chunks/startVitestModuleRunner.C3ZR-4J3.js:310:16)\n    at C:/Users/fysg5/OneDrive/Escritorio/Pulse Hub/SofLIA - Hub/SofLIA-HUB/electron/background-process-service.ts:11:33\n    at processTicksAndRejections (node:internal/process/task_queues:104:5)\n    at VitestModuleEvaluator._runInlinedModule (file:///C:/Users/fysg5/OneDrive/Escritorio/Pulse%20Hub/SofLIA%20-%20Hub/SofLIA-HUB/node_modules/vitest/dist/module-evaluator.js:206:4)\n    at VitestModuleRunner.directRequest (file:///C:/Users/fysg5/OneDrive/Escritorio/Pulse%20Hub/SofLIA%20-%20Hub/SofLIA-HUB/node_modules/vite/dist/node/module-runner.js:1146:59)\n    at VitestModuleRunner.cachedRequest (file:///C:/Users/fysg5/OneDrive/Escritorio/Pulse%20Hub/SofLIA%20-%20Hub/SofLIA-HUB/node_modules/vite/dist/node/module-runner.js:1053:73)\n    at C:/Users/fysg5/OneDrive/Escritorio/Pulse Hub/SofLIA - Hub/SofLIA-HUB/electron/computer-use-handlers.ts:22:1\n    at VitestModuleEvaluator._runInlinedModule (file:///C:/Users/fysg5/OneDrive/Escritorio/Pulse%20Hub/SofLIA%20-%20Hub/SofLIA-HUB/node_modules/vitest/dist/module-evaluator.js:206:4)\n    at VitestModuleRunner.directRequest (file:///C:/Users/fysg5/OneDrive/Escritorio/Pulse%20Hub/SofLIA%20-%20Hub/SofLIA-HUB/node_modules/vite/dist/node/module-runner.js:1146:59)"],"meta":{},"tags":[]},{"ancestorTitles":["Filesystem operations"],"fullName":"Filesystem operations CU-023: move_item moves a directory","status":"failed","title":"CU-023: move_item moves a directory","duration":0.13859999999999673,"failureMessages":["Error: [vitest] No \"execFile\" export is defined on the \"node:child_process\" mock. Did you forget to return it from \"vi.mock\"?\nIf you need to partially mock a module, you can use \"importOriginal\" helper inside:\n\n    at VitestMocker.createError (file:///C:/Users/fysg5/OneDrive/Escritorio/Pulse%20Hub/SofLIA%20-%20Hub/SofLIA-HUB/node_modules/vitest/dist/chunks/startVitestModuleRunner.C3ZR-4J3.js:62:17)\n    at Object.get (file:///C:/Users/fysg5/OneDrive/Escritorio/Pulse%20Hub/SofLIA%20-%20Hub/SofLIA-HUB/node_modules/vitest/dist/chunks/startVitestModuleRunner.C3ZR-4J3.js:310:16)\n    at C:/Users/fysg5/OneDrive/Escritorio/Pulse Hub/SofLIA - Hub/SofLIA-HUB/electron/background-process-service.ts:11:33\n    at processTicksAndRejections (node:internal/process/task_queues:104:5)\n    at VitestModuleEvaluator._runInlinedModule (file:///C:/Users/fysg5/OneDrive/Escritorio/Pulse%20Hub/SofLIA%20-%20Hub/SofLIA-HUB/node_modules/vitest/dist/module-evaluator.js:206:4)\n    at VitestModuleRunner.directRequest (file:///C:/Users/fysg5/OneDrive/Escritorio/Pulse%20Hub/SofLIA%20-%20Hub/SofLIA-HUB/node_modules/vite/dist/node/module-runner.js:1146:59)\n    at VitestModuleRunner.cachedRequest (file:///C:/Users/fysg5/OneDrive/Escritorio/Pulse%20Hub/SofLIA%20-%20Hub/SofLIA-HUB/node_modules/vite/dist/node/module-runner.js:1053:73)\n    at C:/Users/fysg5/OneDrive/Escritorio/Pulse Hub/SofLIA - Hub/SofLIA-HUB/electron/computer-use-handlers.ts:22:1\n    at VitestModuleEvaluator._runInlinedModule (file:///C:/Users/fysg5/OneDrive/Escritorio/Pulse%20Hub/SofLIA%20-%20Hub/SofLIA-HUB/node_modules/vitest/dist/module-evaluator.js:206:4)\n    at VitestModuleRunner.directRequest (file:///C:/Users/fysg5/OneDrive/Escritorio/Pulse%20Hub/SofLIA%20-%20Hub/SofLIA-HUB/node_modules/vite/dist/node/module-runner.js:1146:59)"],"meta":{},"tags":[]},{"ancestorTitles":["Filesystem operations"],"fullName":"Filesystem operations CU-024: move_item creates parent when ENOENT","status":"failed","title":"CU-024: move_item creates parent when ENOENT","duration":0.13889999999992142,"failureMessages":["Error: [vitest] No \"execFile\" export is defined on the \"node:child_process\" mock. Did you forget to return it from \"vi.mock\"?\nIf you need to partially mock a module, you can use \"importOriginal\" helper inside:\n\n    at VitestMocker.createError (file:///C:/Users/fysg5/OneDrive/Escritorio/Pulse%20Hub/SofLIA%20-%20Hub/SofLIA-HUB/node_modules/vitest/dist/chunks/startVitestModuleRunner.C3ZR-4J3.js:62:17)\n    at Object.get (file:///C:/Users/fysg5/OneDrive/Escritorio/Pulse%20Hub/SofLIA%20-%20Hub/SofLIA-HUB/node_modules/vitest/dist/chunks/startVitestModuleRunner.C3ZR-4J3.js:310:16)\n    at C:/Users/fysg5/OneDrive/Escritorio/Pulse Hub/SofLIA - Hub/SofLIA-HUB/electron/background-process-service.ts:11:33\n    at processTicksAndRejections (node:internal/process/task_queues:104:5)\n    at VitestModuleEvaluator._runInlinedModule (file:///C:/Users/fysg5/OneDrive/Escritorio/Pulse%20Hub/SofLIA%20-%20Hub/SofLIA-HUB/node_modules/vitest/dist/module-evaluator.js:206:4)\n    at VitestModuleRunner.directRequest (file:///C:/Users/fysg5/OneDrive/Escritorio/Pulse%20Hub/SofLIA%20-%20Hub/SofLIA-HUB/node_modules/vite/dist/node/module-runner.js:1146:59)\n    at VitestModuleRunner.cachedRequest (file:///C:/Users/fysg5/OneDrive/Escritorio/Pulse%20Hub/SofLIA%20-%20Hub/SofLIA-HUB/node_modules/vite/dist/node/module-runner.js:1053:73)\n    at C:/Users/fysg5/OneDrive/Escritorio/Pulse Hub/SofLIA - Hub/SofLIA-HUB/electron/computer-use-handlers.ts:22:1\n    at VitestModuleEvaluator._runInlinedModule (file:///C:/Users/fysg5/OneDrive/Escritorio/Pulse%20Hub/SofLIA%20-%20Hub/SofLIA-HUB/node_modules/vitest/dist/module-evaluator.js:206:4)\n    at VitestModuleRunner.directRequest (file:///C:/Users/fysg5/OneDrive/Escritorio/Pulse%20Hub/SofLIA%20-%20Hub/SofLIA-HUB/node_modules/vite/dist/node/module-runner.js:1146:59)"],"meta":{},"tags":[]},{"ancestorTitles":["Filesystem operations"],"fullName":"Filesystem operations CU-025: move_item returns error on general failure","status":"failed","title":"CU-025: move_item returns error on general failure","duration":0.12789999999995416,"failureMessages":["Error: [vitest] No \"execFile\" export is defined on the \"node:child_process\" mock. Did you forget to return it from \"vi.mock\"?\nIf you need to partially mock a module, you can use \"importOriginal\" helper inside:\n\n    at VitestMocker.createError (file:///C:/Users/fysg5/OneDrive/Escritorio/Pulse%20Hub/SofLIA%20-%20Hub/SofLIA-HUB/node_modules/vitest/dist/chunks/startVitestModuleRunner.C3ZR-4J3.js:62:17)\n    at Object.get (file:///C:/Users/fysg5/OneDrive/Escritorio/Pulse%20Hub/SofLIA%20-%20Hub/SofLIA-HUB/node_modules/vitest/dist/chunks/startVitestModuleRunner.C3ZR-4J3.js:310:16)\n    at C:/Users/fysg5/OneDrive/Escritorio/Pulse Hub/SofLIA - Hub/SofLIA-HUB/electron/background-process-service.ts:11:33\n    at processTicksAndRejections (node:internal/process/task_queues:104:5)\n    at VitestModuleEvaluator._runInlinedModule (file:///C:/Users/fysg5/OneDrive/Escritorio/Pulse%20Hub/SofLIA%20-%20Hub/SofLIA-HUB/node_modules/vitest/dist/module-evaluator.js:206:4)\n    at VitestModuleRunner.directRequest (file:///C:/Users/fysg5/OneDrive/Escritorio/Pulse%20Hub/SofLIA%20-%20Hub/SofLIA-HUB/node_modules/vite/dist/node/module-runner.js:1146:59)\n    at VitestModuleRunner.cachedRequest (file:///C:/Users/fysg5/OneDrive/Escritorio/Pulse%20Hub/SofLIA%20-%20Hub/SofLIA-HUB/node_modules/vite/dist/node/module-runner.js:1053:73)\n    at C:/Users/fysg5/OneDrive/Escritorio/Pulse Hub/SofLIA - Hub/SofLIA-HUB/electron/computer-use-handlers.ts:22:1\n    at VitestModuleEvaluator._runInlinedModule (file:///C:/Users/fysg5/OneDrive/Escritorio/Pulse%20Hub/SofLIA%20-%20Hub/SofLIA-HUB/node_modules/vitest/dist/module-evaluator.js:206:4)\n    at VitestModuleRunner.directRequest (file:///C:/Users/fysg5/OneDrive/Escritorio/Pulse%20Hub/SofLIA%20-%20Hub/SofLIA-HUB/node_modules/vite/dist/node/module-runner.js:1146:59)"],"meta":{},"tags":[]},{"ancestorTitles":["Filesystem operations"],"fullName":"Filesystem operations CU-026: copy_item copies a file","status":"failed","title":"CU-026: copy_item copies a file","duration":0.11280000000010659,"failureMessages":["Error: [vitest] No \"execFile\" export is defined on the \"node:child_process\" mock. Did you forget to return it from \"vi.mock\"?\nIf you need to partially mock a module, you can use \"importOriginal\" helper inside:\n\n    at VitestMocker.createError (file:///C:/Users/fysg5/OneDrive/Escritorio/Pulse%20Hub/SofLIA%20-%20Hub/SofLIA-HUB/node_modules/vitest/dist/chunks/startVitestModuleRunner.C3ZR-4J3.js:62:17)\n    at Object.get (file:///C:/Users/fysg5/OneDrive/Escritorio/Pulse%20Hub/SofLIA%20-%20Hub/SofLIA-HUB/node_modules/vitest/dist/chunks/startVitestModuleRunner.C3ZR-4J3.js:310:16)\n    at C:/Users/fysg5/OneDrive/Escritorio/Pulse Hub/SofLIA - Hub/SofLIA-HUB/electron/background-process-service.ts:11:33\n    at processTicksAndRejections (node:internal/process/task_queues:104:5)\n    at VitestModuleEvaluator._runInlinedModule (file:///C:/Users/fysg5/OneDrive/Escritorio/Pulse%20Hub/SofLIA%20-%20Hub/SofLIA-HUB/node_modules/vitest/dist/module-evaluator.js:206:4)\n    at VitestModuleRunner.directRequest (file:///C:/Users/fysg5/OneDrive/Escritorio/Pulse%20Hub/SofLIA%20-%20Hub/SofLIA-HUB/node_modules/vite/dist/node/module-runner.js:1146:59)\n    at VitestModuleRunner.cachedRequest (file:///C:/Users/fysg5/OneDrive/Escritorio/Pulse%20Hub/SofLIA%20-%20Hub/SofLIA-HUB/node_modules/vite/dist/node/module-runner.js:1053:73)\n    at C:/Users/fysg5/OneDrive/Escritorio/Pulse Hub/SofLIA - Hub/SofLIA-HUB/electron/computer-use-handlers.ts:22:1\n    at VitestModuleEvaluator._runInlinedModule (file:///C:/Users/fysg5/OneDrive/Escritorio/Pulse%20Hub/SofLIA%20-%20Hub/SofLIA-HUB/node_modules/vitest/dist/module-evaluator.js:206:4)\n    at VitestModuleRunner.directRequest (file:///C:/Users/fysg5/OneDrive/Escritorio/Pulse%20Hub/SofLIA%20-%20Hub/SofLIA-HUB/node_modules/vite/dist/node/module-runner.js:1146:59)"],"meta":{},"tags":[]},{"ancestorTitles":["Filesystem operations"],"fullName":"Filesystem operations CU-027: copy_item copies directory recursively","status":"failed","title":"CU-027: copy_item copies directory recursively","duration":0.1596999999999298,"failureMessages":["Error: [vitest] No \"execFile\" export is defined on the \"node:child_process\" mock. Did you forget to return it from \"vi.mock\"?\nIf you need to partially mock a module, you can use \"importOriginal\" helper inside:\n\n    at VitestMocker.createError (file:///C:/Users/fysg5/OneDrive/Escritorio/Pulse%20Hub/SofLIA%20-%20Hub/SofLIA-HUB/node_modules/vitest/dist/chunks/startVitestModuleRunner.C3ZR-4J3.js:62:17)\n    at Object.get (file:///C:/Users/fysg5/OneDrive/Escritorio/Pulse%20Hub/SofLIA%20-%20Hub/SofLIA-HUB/node_modules/vitest/dist/chunks/startVitestModuleRunner.C3ZR-4J3.js:310:16)\n    at C:/Users/fysg5/OneDrive/Escritorio/Pulse Hub/SofLIA - Hub/SofLIA-HUB/electron/background-process-service.ts:11:33\n    at processTicksAndRejections (node:internal/process/task_queues:104:5)\n    at VitestModuleEvaluator._runInlinedModule (file:///C:/Users/fysg5/OneDrive/Escritorio/Pulse%20Hub/SofLIA%20-%20Hub/SofLIA-HUB/node_modules/vitest/dist/module-evaluator.js:206:4)\n    at VitestModuleRunner.directRequest (file:///C:/Users/fysg5/OneDrive/Escritorio/Pulse%20Hub/SofLIA%20-%20Hub/SofLIA-HUB/node_modules/vite/dist/node/module-runner.js:1146:59)\n    at VitestModuleRunner.cachedRequest (file:///C:/Users/fysg5/OneDrive/Escritorio/Pulse%20Hub/SofLIA%20-%20Hub/SofLIA-HUB/node_modules/vite/dist/node/module-runner.js:1053:73)\n    at C:/Users/fysg5/OneDrive/Escritorio/Pulse Hub/SofLIA - Hub/SofLIA-HUB/electron/computer-use-handlers.ts:22:1\n    at VitestModuleEvaluator._runInlinedModule (file:///C:/Users/fysg5/OneDrive/Escritorio/Pulse%20Hub/SofLIA%20-%20Hub/SofLIA-HUB/node_modules/vitest/dist/module-evaluator.js:206:4)\n    at VitestModuleRunner.directRequest (file:///C:/Users/fysg5/OneDrive/Escritorio/Pulse%20Hub/SofLIA%20-%20Hub/SofLIA-HUB/node_modules/vite/dist/node/module-runner.js:1146:59)"],"meta":{},"tags":[]},{"ancestorTitles":["Filesystem operations"],"fullName":"Filesystem operations CU-028: copy_item returns error when source nonexistent","status":"failed","title":"CU-028: copy_item returns error when source nonexistent","duration":0.1268000000000029,"failureMessages":["Error: [vitest] No \"execFile\" export is defined on the \"node:child_process\" mock. Did you forget to return it from \"vi.mock\"?\nIf you need to partially mock a module, you can use \"importOriginal\" helper inside:\n\n    at VitestMocker.createError (file:///C:/Users/fysg5/OneDrive/Escritorio/Pulse%20Hub/SofLIA%20-%20Hub/SofLIA-HUB/node_modules/vitest/dist/chunks/startVitestModuleRunner.C3ZR-4J3.js:62:17)\n    at Object.get (file:///C:/Users/fysg5/OneDrive/Escritorio/Pulse%20Hub/SofLIA%20-%20Hub/SofLIA-HUB/node_modules/vitest/dist/chunks/startVitestModuleRunner.C3ZR-4J3.js:310:16)\n    at C:/Users/fysg5/OneDrive/Escritorio/Pulse Hub/SofLIA - Hub/SofLIA-HUB/electron/background-process-service.ts:11:33\n    at processTicksAndRejections (node:internal/process/task_queues:104:5)\n    at VitestModuleEvaluator._runInlinedModule (file:///C:/Users/fysg5/OneDrive/Escritorio/Pulse%20Hub/SofLIA%20-%20Hub/SofLIA-HUB/node_modules/vitest/dist/module-evaluator.js:206:4)\n    at VitestModuleRunner.directRequest (file:///C:/Users/fysg5/OneDrive/Escritorio/Pulse%20Hub/SofLIA%20-%20Hub/SofLIA-HUB/node_modules/vite/dist/node/module-runner.js:1146:59)\n    at VitestModuleRunner.cachedRequest (file:///C:/Users/fysg5/OneDrive/Escritorio/Pulse%20Hub/SofLIA%20-%20Hub/SofLIA-HUB/node_modules/vite/dist/node/module-runner.js:1053:73)\n    at C:/Users/fysg5/OneDrive/Escritorio/Pulse Hub/SofLIA - Hub/SofLIA-HUB/electron/computer-use-handlers.ts:22:1\n    at VitestModuleEvaluator._runInlinedModule (file:///C:/Users/fysg5/OneDrive/Escritorio/Pulse%20Hub/SofLIA%20-%20Hub/SofLIA-HUB/node_modules/vitest/dist/module-evaluator.js:206:4)\n    at VitestModuleRunner.directRequest (file:///C:/Users/fysg5/OneDrive/Escritorio/Pulse%20Hub/SofLIA%20-%20Hub/SofLIA-HUB/node_modules/vite/dist/node/module-runner.js:1146:59)"],"meta":{},"tags":[]},{"ancestorTitles":["Filesystem operations"],"fullName":"Filesystem operations CU-029: delete_item sends file to trash","status":"failed","title":"CU-029: delete_item sends file to trash","duration":0.11609999999996035,"failureMessages":["Error: [vitest] No \"execFile\" export is defined on the \"node:child_process\" mock. Did you forget to return it from \"vi.mock\"?\nIf you need to partially mock a module, you can use \"importOriginal\" helper inside:\n\n    at VitestMocker.createError (file:///C:/Users/fysg5/OneDrive/Escritorio/Pulse%20Hub/SofLIA%20-%20Hub/SofLIA-HUB/node_modules/vitest/dist/chunks/startVitestModuleRunner.C3ZR-4J3.js:62:17)\n    at Object.get (file:///C:/Users/fysg5/OneDrive/Escritorio/Pulse%20Hub/SofLIA%20-%20Hub/SofLIA-HUB/node_modules/vitest/dist/chunks/startVitestModuleRunner.C3ZR-4J3.js:310:16)\n    at C:/Users/fysg5/OneDrive/Escritorio/Pulse Hub/SofLIA - Hub/SofLIA-HUB/electron/background-process-service.ts:11:33\n    at processTicksAndRejections (node:internal/process/task_queues:104:5)\n    at VitestModuleEvaluator._runInlinedModule (file:///C:/Users/fysg5/OneDrive/Escritorio/Pulse%20Hub/SofLIA%20-%20Hub/SofLIA-HUB/node_modules/vitest/dist/module-evaluator.js:206:4)\n    at VitestModuleRunner.directRequest (file:///C:/Users/fysg5/OneDrive/Escritorio/Pulse%20Hub/SofLIA%20-%20Hub/SofLIA-HUB/node_modules/vite/dist/node/module-runner.js:1146:59)\n    at VitestModuleRunner.cachedRequest (file:///C:/Users/fysg5/OneDrive/Escritorio/Pulse%20Hub/SofLIA%20-%20Hub/SofLIA-HUB/node_modules/vite/dist/node/module-runner.js:1053:73)\n    at C:/Users/fysg5/OneDrive/Escritorio/Pulse Hub/SofLIA - Hub/SofLIA-HUB/electron/computer-use-handlers.ts:22:1\n    at VitestModuleEvaluator._runInlinedModule (file:///C:/Users/fysg5/OneDrive/Escritorio/Pulse%20Hub/SofLIA%20-%20Hub/SofLIA-HUB/node_modules/vitest/dist/module-evaluator.js:206:4)\n    at VitestModuleRunner.directRequest (file:///C:/Users/fysg5/OneDrive/Escritorio/Pulse%20Hub/SofLIA%20-%20Hub/SofLIA-HUB/node_modules/vite/dist/node/module-runner.js:1146:59)"],"meta":{},"tags":[]},{"ancestorTitles":["Filesystem operations"],"fullName":"Filesystem operations CU-030: delete_item handles directory","status":"failed","title":"CU-030: delete_item handles directory","duration":0.10750000000007276,"failureMessages":["Error: [vitest] No \"execFile\" export is defined on the \"node:child_process\" mock. Did you forget to return it from \"vi.mock\"?\nIf you need to partially mock a module, you can use \"importOriginal\" helper inside:\n\n    at VitestMocker.createError (file:///C:/Users/fysg5/OneDrive/Escritorio/Pulse%20Hub/SofLIA%20-%20Hub/SofLIA-HUB/node_modules/vitest/dist/chunks/startVitestModuleRunner.C3ZR-4J3.js:62:17)\n    at Object.get (file:///C:/Users/fysg5/OneDrive/Escritorio/Pulse%20Hub/SofLIA%20-%20Hub/SofLIA-HUB/node_modules/vitest/dist/chunks/startVitestModuleRunner.C3ZR-4J3.js:310:16)\n    at C:/Users/fysg5/OneDrive/Escritorio/Pulse Hub/SofLIA - Hub/SofLIA-HUB/electron/background-process-service.ts:11:33\n    at processTicksAndRejections (node:internal/process/task_queues:104:5)\n    at VitestModuleEvaluator._runInlinedModule (file:///C:/Users/fysg5/OneDrive/Escritorio/Pulse%20Hub/SofLIA%20-%20Hub/SofLIA-HUB/node_modules/vitest/dist/module-evaluator.js:206:4)\n    at VitestModuleRunner.directRequest (file:///C:/Users/fysg5/OneDrive/Escritorio/Pulse%20Hub/SofLIA%20-%20Hub/SofLIA-HUB/node_modules/vite/dist/node/module-runner.js:1146:59)\n    at VitestModuleRunner.cachedRequest (file:///C:/Users/fysg5/OneDrive/Escritorio/Pulse%20Hub/SofLIA%20-%20Hub/SofLIA-HUB/node_modules/vite/dist/node/module-runner.js:1053:73)\n    at C:/Users/fysg5/OneDrive/Escritorio/Pulse Hub/SofLIA - Hub/SofLIA-HUB/electron/computer-use-handlers.ts:22:1\n    at VitestModuleEvaluator._runInlinedModule (file:///C:/Users/fysg5/OneDrive/Escritorio/Pulse%20Hub/SofLIA%20-%20Hub/SofLIA-HUB/node_modules/vitest/dist/module-evaluator.js:206:4)\n    at VitestModuleRunner.directRequest (file:///C:/Users/fysg5/OneDrive/Escritorio/Pulse%20Hub/SofLIA%20-%20Hub/SofLIA-HUB/node_modules/vite/dist/node/module-runner.js:1146:59)"],"meta":{},"tags":[]},{"ancestorTitles":["Filesystem operations"],"fullName":"Filesystem operations CU-031: delete_item returns error for nonexistent","status":"failed","title":"CU-031: delete_item returns error for nonexistent","duration":0.11610000000018772,"failureMessages":["Error: [vitest] No \"execFile\" export is defined on the \"node:child_process\" mock. Did you forget to return it from \"vi.mock\"?\nIf you need to partially mock a module, you can use \"importOriginal\" helper inside:\n\n    at VitestMocker.createError (file:///C:/Users/fysg5/OneDrive/Escritorio/Pulse%20Hub/SofLIA%20-%20Hub/SofLIA-HUB/node_modules/vitest/dist/chunks/startVitestModuleRunner.C3ZR-4J3.js:62:17)\n    at Object.get (file:///C:/Users/fysg5/OneDrive/Escritorio/Pulse%20Hub/SofLIA%20-%20Hub/SofLIA-HUB/node_modules/vitest/dist/chunks/startVitestModuleRunner.C3ZR-4J3.js:310:16)\n    at C:/Users/fysg5/OneDrive/Escritorio/Pulse Hub/SofLIA - Hub/SofLIA-HUB/electron/background-process-service.ts:11:33\n    at processTicksAndRejections (node:internal/process/task_queues:104:5)\n    at VitestModuleEvaluator._runInlinedModule (file:///C:/Users/fysg5/OneDrive/Escritorio/Pulse%20Hub/SofLIA%20-%20Hub/SofLIA-HUB/node_modules/vitest/dist/module-evaluator.js:206:4)\n    at VitestModuleRunner.directRequest (file:///C:/Users/fysg5/OneDrive/Escritorio/Pulse%20Hub/SofLIA%20-%20Hub/SofLIA-HUB/node_modules/vite/dist/node/module-runner.js:1146:59)\n    at VitestModuleRunner.cachedRequest (file:///C:/Users/fysg5/OneDrive/Escritorio/Pulse%20Hub/SofLIA%20-%20Hub/SofLIA-HUB/node_modules/vite/dist/node/module-runner.js:1053:73)\n    at C:/Users/fysg5/OneDrive/Escritorio/Pulse Hub/SofLIA - Hub/SofLIA-HUB/electron/computer-use-handlers.ts:22:1\n    at VitestModuleEvaluator._runInlinedModule (file:///C:/Users/fysg5/OneDrive/Escritorio/Pulse%20Hub/SofLIA%20-%20Hub/SofLIA-HUB/node_modules/vitest/dist/module-evaluator.js:206:4)\n    at VitestModuleRunner.directRequest (file:///C:/Users/fysg5/OneDrive/Escritorio/Pulse%20Hub/SofLIA%20-%20Hub/SofLIA-HUB/node_modules/vite/dist/node/module-runner.js:1146:59)"],"meta":{},"tags":[]},{"ancestorTitles":["Filesystem operations"],"fullName":"Filesystem operations CU-032: get_file_info returns metadata","status":"failed","title":"CU-032: get_file_info returns metadata","duration":0.17579999999998108,"failureMessages":["Error: [vitest] No \"execFile\" export is defined on the \"node:child_process\" mock. Did you forget to return it from \"vi.mock\"?\nIf you need to partially mock a module, you can use \"importOriginal\" helper inside:\n\n    at VitestMocker.createError (file:///C:/Users/fysg5/OneDrive/Escritorio/Pulse%20Hub/SofLIA%20-%20Hub/SofLIA-HUB/node_modules/vitest/dist/chunks/startVitestModuleRunner.C3ZR-4J3.js:62:17)\n    at Object.get (file:///C:/Users/fysg5/OneDrive/Escritorio/Pulse%20Hub/SofLIA%20-%20Hub/SofLIA-HUB/node_modules/vitest/dist/chunks/startVitestModuleRunner.C3ZR-4J3.js:310:16)\n    at C:/Users/fysg5/OneDrive/Escritorio/Pulse Hub/SofLIA - Hub/SofLIA-HUB/electron/background-process-service.ts:11:33\n    at processTicksAndRejections (node:internal/process/task_queues:104:5)\n    at VitestModuleEvaluator._runInlinedModule (file:///C:/Users/fysg5/OneDrive/Escritorio/Pulse%20Hub/SofLIA%20-%20Hub/SofLIA-HUB/node_modules/vitest/dist/module-evaluator.js:206:4)\n    at VitestModuleRunner.directRequest (file:///C:/Users/fysg5/OneDrive/Escritorio/Pulse%20Hub/SofLIA%20-%20Hub/SofLIA-HUB/node_modules/vite/dist/node/module-runner.js:1146:59)\n    at VitestModuleRunner.cachedRequest (file:///C:/Users/fysg5/OneDrive/Escritorio/Pulse%20Hub/SofLIA%20-%20Hub/SofLIA-HUB/node_modules/vite/dist/node/module-runner.js:1053:73)\n    at C:/Users/fysg5/OneDrive/Escritorio/Pulse Hub/SofLIA - Hub/SofLIA-HUB/electron/computer-use-handlers.ts:22:1\n    at VitestModuleEvaluator._runInlinedModule (file:///C:/Users/fysg5/OneDrive/Escritorio/Pulse%20Hub/SofLIA%20-%20Hub/SofLIA-HUB/node_modules/vitest/dist/module-evaluator.js:206:4)\n    at VitestModuleRunner.directRequest (file:///C:/Users/fysg5/OneDrive/Escritorio/Pulse%20Hub/SofLIA%20-%20Hub/SofLIA-HUB/node_modules/vite/dist/node/module-runner.js:1146:59)"],"meta":{},"tags":[]},{"ancestorTitles":["Filesystem operations"],"fullName":"Filesystem operations CU-033: get_file_info returns error for nonexistent","status":"failed","title":"CU-033: get_file_info returns error for nonexistent","duration":0.15460000000007312,"failureMessages":["Error: [vitest] No \"execFile\" export is defined on the \"node:child_process\" mock. Did you forget to return it from \"vi.mock\"?\nIf you need to partially mock a module, you can use \"importOriginal\" helper inside:\n\n    at VitestMocker.createError (file:///C:/Users/fysg5/OneDrive/Escritorio/Pulse%20Hub/SofLIA%20-%20Hub/SofLIA-HUB/node_modules/vitest/dist/chunks/startVitestModuleRunner.C3ZR-4J3.js:62:17)\n    at Object.get (file:///C:/Users/fysg5/OneDrive/Escritorio/Pulse%20Hub/SofLIA%20-%20Hub/SofLIA-HUB/node_modules/vitest/dist/chunks/startVitestModuleRunner.C3ZR-4J3.js:310:16)\n    at C:/Users/fysg5/OneDrive/Escritorio/Pulse Hub/SofLIA - Hub/SofLIA-HUB/electron/background-process-service.ts:11:33\n    at processTicksAndRejections (node:internal/process/task_queues:104:5)\n    at VitestModuleEvaluator._runInlinedModule (file:///C:/Users/fysg5/OneDrive/Escritorio/Pulse%20Hub/SofLIA%20-%20Hub/SofLIA-HUB/node_modules/vitest/dist/module-evaluator.js:206:4)\n    at VitestModuleRunner.directRequest (file:///C:/Users/fysg5/OneDrive/Escritorio/Pulse%20Hub/SofLIA%20-%20Hub/SofLIA-HUB/node_modules/vite/dist/node/module-runner.js:1146:59)\n    at VitestModuleRunner.cachedRequest (file:///C:/Users/fysg5/OneDrive/Escritorio/Pulse%20Hub/SofLIA%20-%20Hub/SofLIA-HUB/node_modules/vite/dist/node/module-runner.js:1053:73)\n    at C:/Users/fysg5/OneDrive/Escritorio/Pulse Hub/SofLIA - Hub/SofLIA-HUB/electron/computer-use-handlers.ts:22:1\n    at VitestModuleEvaluator._runInlinedModule (file:///C:/Users/fysg5/OneDrive/Escritorio/Pulse%20Hub/SofLIA%20-%20Hub/SofLIA-HUB/node_modules/vitest/dist/module-evaluator.js:206:4)\n    at VitestModuleRunner.directRequest (file:///C:/Users/fysg5/OneDrive/Escritorio/Pulse%20Hub/SofLIA%20-%20Hub/SofLIA-HUB/node_modules/vite/dist/node/module-runner.js:1146:59)"],"meta":{},"tags":[]},{"ancestorTitles":["Command Execution Security"],"fullName":"Command Execution Security CU-034: execute_command runs simple echo","status":"failed","title":"CU-034: execute_command runs simple echo","duration":0.24279999999998836,"failureMessages":["Error: [vitest] No \"execFile\" export is defined on the \"node:child_process\" mock. Did you forget to return it from \"vi.mock\"?\nIf you need to partially mock a module, you can use \"importOriginal\" helper inside:\n\n    at VitestMocker.createError (file:///C:/Users/fysg5/OneDrive/Escritorio/Pulse%20Hub/SofLIA%20-%20Hub/SofLIA-HUB/node_modules/vitest/dist/chunks/startVitestModuleRunner.C3ZR-4J3.js:62:17)\n    at Object.get (file:///C:/Users/fysg5/OneDrive/Escritorio/Pulse%20Hub/SofLIA%20-%20Hub/SofLIA-HUB/node_modules/vitest/dist/chunks/startVitestModuleRunner.C3ZR-4J3.js:310:16)\n    at C:/Users/fysg5/OneDrive/Escritorio/Pulse Hub/SofLIA - Hub/SofLIA-HUB/elec
[...]
0Hub/SofLIA%20-%20Hub/SofLIA-HUB/node_modules/@vitest/runner/dist/index.js:1258:26\n    at file:///C:/Users/fysg5/OneDrive/Escritorio/Pulse%20Hub/SofLIA%20-%20Hub/SofLIA-HUB/node_modules/@vitest/runner/dist/index.js:1681:20\n    at new Promise (<anonymous>)\n    at runWithCancel (file:///C:/Users/fysg5/OneDrive/Escritorio/Pulse%20Hub/SofLIA%20-%20Hub/SofLIA-HUB/node_modules/@vitest/runner/dist/index.js:1678:10)\n    at file:///C:/Users/fysg5/OneDrive/Escritorio/Pulse%20Hub/SofLIA%20-%20Hub/SofLIA-HUB/node_modules/@vitest/runner/dist/index.js:1660:20\n    at new Promise (<anonymous>)\n    at runWithTimeout (file:///C:/Users/fysg5/OneDrive/Escritorio/Pulse%20Hub/SofLIA%20-%20Hub/SofLIA-HUB/node_modules/@vitest/runner/dist/index.js:1627:10)\n    at file:///C:/Users/fysg5/OneDrive/Escritorio/Pulse%20Hub/SofLIA%20-%20Hub/SofLIA-HUB/node_modules/@vitest/runner/dist/index.js:2309:64"],"meta":{},"tags":[]},{"ancestorTitles":["WA_TOOL_DECLARATIONS — structure and integrity"],"fullName":"WA_TOOL_DECLARATIONS — structure and integrity WA-057: every parameters.type is OBJECT","status":"passed","title":"WA-057: every parameters.type is OBJECT","duration":2.3577999999999975,"failureMessages":[],"meta":{},"tags":[]},{"ancestorTitles":["WA_TOOL_DECLARATIONS — structure and integrity"],"fullName":"WA_TOOL_DECLARATIONS — structure and integrity WA-058: required fields (when present) are a subset of properties keys","status":"passed","title":"WA-058: required fields (when present) are a subset of properties keys","duration":6.231700000000046,"failureMessages":[],"meta":{},"tags":[]},{"ancestorTitles":["WA_TOOL_DECLARATIONS — specific tool parameter validation"],"fullName":"WA_TOOL_DECLARATIONS — specific tool parameter validation WA-059: list_directory has path property","status":"passed","title":"WA-059: list_directory has path property","duration":0.5008000000000266,"failureMessages":[],"meta":{},"tags":[]},{"ancestorTitles":["WA_TOOL_DECLARATIONS — specific tool parameter validation"],"fullName":"WA_TOOL_DECLARATIONS — specific tool parameter validation WA-060: read_file has path in required","status":"passed","title":"WA-060: read_file has path in required","duration":0.36959999999999127,"failureMessages":[],"meta":{},"tags":[]},{"ancestorTitles":["WA_TOOL_DECLARATIONS — specific tool parameter validation"],"fullName":"WA_TOOL_DECLARATIONS — specific tool parameter validation WA-061: write_file has path and content in required","status":"passed","title":"WA-061: write_file has path and content in required","duration":0.2563999999999851,"failureMessages":[],"meta":{},"tags":[]},{"ancestorTitles":["WA_TOOL_DECLARATIONS — specific tool parameter validation"],"fullName":"WA_TOOL_DECLARATIONS — specific tool parameter validation WA-062: gmail_send has to, subject, body in required","status":"passed","title":"WA-062: gmail_send has to, subject, body in required","duration":0.24459999999999127,"failureMessages":[],"meta":{},"tags":[]},{"ancestorTitles":["WA_TOOL_DECLARATIONS — specific tool parameter validation"],"fullName":"WA_TOOL_DECLARATIONS — specific tool parameter validation WA-063: web_search has query in required","status":"passed","title":"WA-063: web_search has query in required","duration":0.18909999999999627,"failureMessages":[],"meta":{},"tags":[]},{"ancestorTitles":["WA_TOOL_DECLARATIONS — specific tool parameter validation"],"fullName":"WA_TOOL_DECLARATIONS — specific tool parameter validation WA-064: execute_command has command in required","status":"passed","title":"WA-064: execute_command has command in required","duration":0.16610000000002856,"failureMessages":[],"meta":{},"tags":[]},{"ancestorTitles":["WA_TOOL_DECLARATIONS — specific tool parameter validation"],"fullName":"WA_TOOL_DECLARATIONS — specific tool parameter validation WA-065: send_email has to, subject, body in required","status":"passed","title":"WA-065: send_email has to, subject, body in required","duration":0.23239999999998417,"failureMessages":[],"meta":{},"tags":[]},{"ancestorTitles":["WA_TOOL_DECLARATIONS — specific tool parameter validation"],"fullName":"WA_TOOL_DECLARATIONS — specific tool parameter validation WA-066: use_computer has task in required","status":"passed","title":"WA-066: use_computer has task in required","duration":0.17339999999995825,"failureMessages":[],"meta":{},"tags":[]},{"ancestorTitles":["WA_TOOL_DECLARATIONS — specific tool parameter validation"],"fullName":"WA_TOOL_DECLARATIONS — specific tool parameter validation WA-067: delete_item has path in required","status":"passed","title":"WA-067: delete_item has path in required","duration":0.1863999999999919,"failureMessages":[],"meta":{},"tags":[]},{"ancestorTitles":["WA_TOOL_DECLARATIONS — specific tool parameter validation"],"fullName":"WA_TOOL_DECLARATIONS — specific tool parameter validation WA-068: search_files has pattern in required","status":"passed","title":"WA-068: search_files has pattern in required","duration":0.1792000000000371,"failureMessages":[],"meta":{},"tags":[]},{"ancestorTitles":["BLOCKED_TOOLS_WA"],"fullName":"BLOCKED_TOOLS_WA WA-069: BLOCKED_TOOLS_WA is an empty Set (size === 0)","status":"passed","title":"WA-069: BLOCKED_TOOLS_WA is an empty Set (size === 0)","duration":0.3853000000000293,"failureMessages":[],"meta":{},"tags":[]},{"ancestorTitles":["BLOCKED_TOOLS_WA"],"fullName":"BLOCKED_TOOLS_WA WA-070: no declared tool is blocked","status":"passed","title":"WA-070: no declared tool is blocked","duration":2.5686999999999784,"failureMessages":[],"meta":{},"tags":[]},{"ancestorTitles":["CONFIRM_TOOLS_WA"],"fullName":"CONFIRM_TOOLS_WA WA-071: CONFIRM_TOOLS_WA is a Set with size >= 40","status":"failed","title":"WA-071: CONFIRM_TOOLS_WA is a Set with size >= 40","duration":1.0937000000000126,"failureMessages":["AssertionError: expected 36 to be greater than or equal to 40\n    at C:/Users/fysg5/OneDrive/Escritorio/Pulse Hub/SofLIA - Hub/SofLIA-HUB/electron/__tests__/whatsapp-tools.test.ts:178:35\n    at file:///C:/Users/fysg5/OneDrive/Escritorio/Pulse%20Hub/SofLIA%20-%20Hub/SofLIA-HUB/node_modules/@vitest/runner/dist/index.js:296:11\n    at file:///C:/Users/fysg5/OneDrive/Escritorio/Pulse%20Hub/SofLIA%20-%20Hub/SofLIA-HUB/node_modules/@vitest/runner/dist/index.js:1258:26\n    at file:///C:/Users/fysg5/OneDrive/Escritorio/Pulse%20Hub/SofLIA%20-%20Hub/SofLIA-HUB/node_modules/@vitest/runner/dist/index.js:1681:20\n    at new Promise (<anonymous>)\n    at runWithCancel (file:///C:/Users/fysg5/OneDrive/Escritorio/Pulse%20Hub/SofLIA%20-%20Hub/SofLIA-HUB/node_modules/@vitest/runner/dist/index.js:1678:10)\n    at file:///C:/Users/fysg5/OneDrive/Escritorio/Pulse%20Hub/SofLIA%20-%20Hub/SofLIA-HUB/node_modules/@vitest/runner/dist/index.js:1660:20\n    at new Promise (<anonymous>)\n    at runWithTimeout (file:///C:/Users/fysg5/OneDrive/Escritorio/Pulse%20Hub/SofLIA%20-%20Hub/SofLIA-HUB/node_modules/@vitest/runner/dist/index.js:1627:10)\n    at file:///C:/Users/fysg5/OneDrive/Escritorio/Pulse%20Hub/SofLIA%20-%20Hub/SofLIA-HUB/node_modules/@vitest/runner/dist/index.js:2309:64"],"meta":{},"tags":[]},{"ancestorTitles":["CONFIRM_TOOLS_WA"],"fullName":"CONFIRM_TOOLS_WA WA-072: contains delete_item","status":"passed","title":"WA-072: contains delete_item","duration":0.22509999999999764,"failureMessages":[],"meta":{},"tags":[]},{"ancestorTitles":["CONFIRM_TOOLS_WA"],"fullName":"CONFIRM_TOOLS_WA WA-073: contains execute_command","status":"passed","title":"WA-073: contains execute_command","duration":0.12760000000002947,"failureMessages":[],"meta":{},"tags":[]},{"ancestorTitles":["CONFIRM_TOOLS_WA"],"fullName":"CONFIRM_TOOLS_WA WA-074: contains send_email","status":"passed","title":"WA-074: contains send_email","duration":0.11009999999998854,"failureMessages":[],"meta":{},"tags":[]},{"ancestorTitles":["CONFIRM_TOOLS_WA"],"fullName":"CONFIRM_TOOLS_WA WA-075: contains shutdown_computer","status":"passed","title":"WA-075: contains shutdown_computer","duration":0.10259999999999536,"failureMessages":[],"meta":{},"tags":[]},{"ancestorTitles":["CONFIRM_TOOLS_WA"],"fullName":"CONFIRM_TOOLS_WA WA-076: contains gmail_send and gchat_send_message","status":"passed","title":"WA-076: contains gmail_send and gchat_send_message","duration":0.11669999999998026,"failureMessages":[],"meta":{},"tags":[]},{"ancestorTitles":["GROUP_BLOCKED_TOOLS"],"fullName":"GROUP_BLOCKED_TOOLS WA-077: GROUP_BLOCKED_TOOLS is a Set with size >= 20","status":"passed","title":"WA-077: GROUP_BLOCKED_TOOLS is a Set with size >= 20","duration":0.16420000000005075,"failureMessages":[],"meta":{},"tags":[]},{"ancestorTitles":["GROUP_BLOCKED_TOOLS"],"fullName":"GROUP_BLOCKED_TOOLS WA-078: contains execute_command, write_file, delete_item, clipboard_write, kill_process, lock_session, open_application, organize_files","status":"passed","title":"WA-078: contains execute_command, write_file, delete_item, clipboard_write, kill_process, lock_session, open_application, organize_files","duration":0.24890000000004875,"failureMessages":[],"meta":{},"tags":[]},{"ancestorTitles":["GROUP_BLOCKED_TOOLS"],"fullName":"GROUP_BLOCKED_TOOLS WA-079: GROUP_BLOCKED_TOOLS is a subset of CONFIRM_TOOLS_WA union BLOCKED_TOOLS_WA (consistency)","status":"passed","title":"WA-079: GROUP_BLOCKED_TOOLS is a subset of CONFIRM_TOOLS_WA union BLOCKED_TOOLS_WA (consistency)","duration":0.2896000000000072,"failureMessages":[],"meta":{},"tags":[]},{"ancestorTitles":["GROUP_BLOCKED_TOOLS"],"fullName":"GROUP_BLOCKED_TOOLS WA-080: GROUP_BLOCKED_TOOLS entries are all valid strings","status":"passed","title":"WA-080: GROUP_BLOCKED_TOOLS entries are all valid strings","duration":1.7503000000000384,"failureMessages":[],"meta":{},"tags":[]}],"startTime":1774127367958,"endTime":1774127367999.7502,"status":"failed","message":"","name":"C:/Users/fysg5/OneDrive/Escritorio/Pulse Hub/SofLIA - Hub/SofLIA-HUB/electron/__tests__/whatsapp-tools.test.ts"},{"assertionResults":[{"ancestorTitles":["PresentacionWorkflow"],"fullName":"PresentacionWorkflow WA-151: el workflow inicia en estado AWAITING_DATA","status":"passed","title":"WA-151: el workflow inicia en estado AWAITING_DATA","duration":5.225000000000023,"failureMessages":[],"meta":{},"tags":[]},{"ancestorTitles":["PresentacionWorkflow"],"fullName":"PresentacionWorkflow WA-152: transiciona a PROCESSING_PROPOSAL cuando se extraen empresa y correo","status":"passed","title":"WA-152: transiciona a PROCESSING_PROPOSAL cuando se extraen empresa y correo","duration":1.294399999999996,"failureMessages":[],"meta":{},"tags":[]},{"ancestorTitles":["PresentacionWorkflow"],"fullName":"PresentacionWorkflow WA-153: transiciona a AWAITING_APPROVAL despues de generar la propuesta","status":"passed","title":"WA-153: transiciona a AWAITING_APPROVAL despues de generar la propuesta","duration":61.39499999999998,"failureMessages":[],"meta":{},"tags":[]},{"ancestorTitles":["PresentacionWorkflow"],"fullName":"PresentacionWorkflow WA-154: aprobacion HITL con \"si\" transiciona a GENERATING_PRESENTATION","status":"passed","title":"WA-154: aprobacion HITL con \"si\" transiciona a GENERATING_PRESENTATION","duration":1.1786000000000172,"failureMessages":[],"meta":{},"tags":[]},{"ancestorTitles":["PresentacionWorkflow"],"fullName":"PresentacionWorkflow WA-155: rechazo HITL con \"cancelar\" finaliza el workflow","status":"passed","title":"WA-155: rechazo HITL con \"cancelar\" finaliza el workflow","duration":0.5985999999999763,"failureMessages":[],"meta":{},"tags":[]},{"ancestorTitles":["PresentacionWorkflow"],"fullName":"PresentacionWorkflow WA-156: finishPresentation transiciona al estado COMPLETED","status":"passed","title":"WA-156: finishPresentation transiciona al estado COMPLETED","duration":0.6940999999999917,"failureMessages":[],"meta":{},"tags":[]},{"ancestorTitles":["PresentacionWorkflow"],"fullName":"PresentacionWorkflow WA-157: extractData extrae el nombre de empresa del texto via Gemini","status":"passed","title":"WA-157: extractData extrae el nombre de empresa del texto via Gemini","duration":0.3586999999999989,"failureMessages":[],"meta":{},"tags":[]},{"ancestorTitles":["PresentacionWorkflow"],"fullName":"PresentacionWorkflow WA-158: extractData extrae el correo electronico del texto via Gemini","status":"passed","title":"WA-158: extractData extrae el correo electronico del texto via Gemini","duration":0.3258000000000152,"failureMessages":[],"meta":{},"tags":[]},{"ancestorTitles":["PresentacionWorkflow"],"fullName":"PresentacionWorkflow WA-159: rechaza input adicional durante GENERATING_PRESENTATION con mensaje de espera","status":"passed","title":"WA-159: rechaza input adicional durante GENERATING_PRESENTATION con mensaje de espera","duration":0.5341000000000236,"failureMessages":[],"meta":{},"tags":[]},{"ancestorTitles":["PresentacionWorkflow"],"fullName":"PresentacionWorkflow WA-160: finishPresentation invoca Gamma API cuando la clave esta disponible","status":"passed","title":"WA-160: finishPresentation invoca Gamma API cuando la clave esta disponible","duration":1.383799999999951,"failureMessages":[],"meta":{},"tags":[]},{"ancestorTitles":["WorkflowManager"],"fullName":"WorkflowManager isActive retorna false para sesion inexistente","status":"passed","title":"isActive retorna false para sesion inexistente","duration":0.4544999999999959,"failureMessages":[],"meta":{},"tags":[]},{"ancestorTitles":["WorkflowManager"],"fullName":"WorkflowManager startWorkflow crea un workflow activo","status":"passed","title":"startWorkflow crea un workflow activo","duration":0.28530000000000655,"failureMessages":[],"meta":{},"tags":[]},{"ancestorTitles":["WorkflowManager"],"fullName":"WorkflowManager endWorkflow elimina el workflow activo","status":"passed","title":"endWorkflow elimina el workflow activo","duration":0.22450000000003456,"failureMessages":[],"meta":{},"tags":[]}],"startTime":1774127369113,"endTime":1774127369188.2854,"status":"passed","message":"","name":"C:/Users/fysg5/OneDrive/Escritorio/Pulse Hub/SofLIA - Hub/SofLIA-HUB/electron/__tests__/whatsapp-workflow-presentacion.test.ts"},{"assertionResults":[{"ancestorTitles":["WorkflowEngine — Maquina de Estados"],"fullName":"WorkflowEngine — Maquina de Estados WF-001: transicion valida de AWAITING_DATA a PROCESSING_PROPOSAL","status":"passed","title":"WF-001: transicion valida de AWAITING_DATA a PROCESSING_PROPOSAL","duration":3.2982000000000653,"failureMessages":[],"meta":{},"tags":[]},{"ancestorTitles":["WorkflowEngine — Maquina de Estados"],"fullName":"WorkflowEngine — Maquina de Estados WF-002: transicion invalida es rechazada con mensaje de error","status":"passed","title":"WF-002: transicion invalida es rechazada con mensaje de error","duration":0.6630000000000109,"failureMessages":[],"meta":{},"tags":[]},{"ancestorTitles":["WorkflowEngine — Maquina de Estados"],"fullName":"WorkflowEngine — Maquina de Estados WF-003: transicion HITL bloqueada cuando no hay aprobacion","status":"passed","title":"WF-003: transicion HITL bloqueada cuando no hay aprobacion","duration":0.43089999999995143,"failureMessages":[],"meta":{},"tags":[]},{"ancestorTitles":["WorkflowEngine — Maquina de Estados"],"fullName":"WorkflowEngine — Maquina de Estados WF-004: transicion HITL exitosa despues de aprobacion humana","status":"passed","title":"WF-004: transicion HITL exitosa despues de aprobacion humana","duration":0.27120000000002165,"failureMessages":[],"meta":{},"tags":[]},{"ancestorTitles":["WorkflowEngine — Maquina de Estados"],"fullName":"WorkflowEngine — Maquina de Estados WF-005: clave de idempotencia previene transiciones duplicadas","status":"passed","title":"WF-005: clave de idempotencia previene transiciones duplicadas","duration":0.39239999999995234,"failureMessages":[],"meta":{},"tags":[]},{"ancestorTitles":["WorkflowEngine — Maquina de Estados"],"fullName":"WorkflowEngine — Maquina de Estados WF-006: trace_id se preserva en todas las transiciones","status":"passed","title":"WF-006: trace_id se preserva en todas las transiciones","duration":0.42050000000006094,"failureMessages":[],"meta":{},"tags":[]},{"ancestorTitles":["WorkflowEngine — Maquina de Estados"],"fullName":"WorkflowEngine — Maquina de Estados WF-007: cancel() establece el estado a CANCELLED desde cualquier punto","status":"passed","title":"WF-007: cancel() establece el estado a CANCELLED desde cualquier punto","duration":0.4772000000000389,"failureMessages":[],"meta":{},"tags":[]},{"ancestorTitles":["WorkflowEngine — Maquina de Estados"],"fullName":"WorkflowEngine — Maquina de Estados WF-008: workflow entra en TIMED_OUT al exceder el umbral","status":"passed","title":"WF-008: workflow entra en TIMED_OUT al exceder el umbral","duration":0.9840000000000373,"failureMessages":[],"meta":{},"tags":[]},{"ancestorTitles":["CRM Workflow — Operaciones con Supabase y Gemini mockeados"],"fullName":"CRM Workflow — Operaciones con Supabase y Gemini mockeados CRM-WF-001: flujo valido crea empresa y vincula contacto","status":"passed","title":"CRM-WF-001: flujo valido crea empresa y vincula contacto","duration":3.0325000000000273,"failureMessages":[],"meta":{},"tags":[]},{"ancestorTitles":["CRM Workflow — Operaciones con Supabase y Gemini mockeados"],"fullName":"CRM Workflow — Operaciones con Supabase y Gemini mockeados CRM-WF-002: crear empresa duplicada es rechazado por deduplicacion Jaccard","status":"passed","title":"CRM-WF-002: crear empresa duplicada es rechazado por deduplicacion Jaccard","duration":1.7994999999999663,"failureMessages":[],"meta":{},"tags":[]},{"ancestorTitles":["CRM Workflow — Operaciones con Supabase y Gemini mockeados"],"fullName":"CRM Workflow — Operaciones con Supabase y Gemini mockeados CRM-WF-003: oportunidad requiere empresa existente (bloqueo HITL simulado)","status":"passed","title":"CRM-WF-003: oportunidad requiere empresa existente (bloqueo HITL simulado)","duration":0.37370000000009895,"failureMessages":[],"meta":{},"tags":[]},{"ancestorTitles":["CRM Workflow — Operaciones con Supabase y Gemini mockeados"],"fullName":"CRM Workflow — Operaciones con Supabase y Gemini mockeados CRM-WF-004: oportunidad se crea despues de aprobacion HITL","status":"passed","title":"CRM-WF-004: oportunidad se crea despues de aprobacion HITL","duration":0.788599999999974,"failureMessages":[],"meta":{},"tags":[]},{"ancestorTitles":["CRM Workflow — Operaciones con Supabase y Gemini mockeados"],"fullName":"CRM Workflow — Operaciones con Supabase y Gemini mockeados CRM-WF-005: idempotencia previene creacion duplicada de oportunidad","status":"passed","title":"CRM-WF-005: idempotencia previene creacion duplicada de oportunidad","duration":1.0480000000000018,"failureMessages":[],"meta":{},"tags":[]},{"ancestorTitles":["CRM Workflow — Operaciones con Supabase y Gemini mockeados"],"fullName":"CRM Workflow — Operaciones con Supabase y Gemini mockeados CRM-WF-006: trace_id se mantiene consistente en todo el flujo CRM","status":"passed","title":"CRM-WF-006: trace_id se mantiene consistente en todo el flujo CRM","duration":0.5661000000000058,"failureMessages":[],"meta":{},"tags":[]},{"ancestorTitles":["CRM Workflow — Operaciones con Supabase y Gemini mockeados"],"fullName":"CRM Workflow — Operaciones con Supabase y Gemini mockeados CRM-WF-007: cancelar flujo CRM limpia el estado correctamente","status":"passed","title":"CRM-WF-007: cancelar flujo CRM limpia el estado correctamente","duration":0.5732999999999038,"failureMessages":[],"meta":{},"tags":[]},{"ancestorTitles":["CRM Workflow — Operaciones con Supabase y Gemini mockeados"],"fullName":"CRM Workflow — Operaciones con Supabase y Gemini mockeados CRM-WF-008: flujo CRM entra en timeout y bloquea operaciones posteriores","status":"passed","title":"CRM-WF-008: flujo CRM entra en timeout y bloquea operaciones posteriores","duration":0.7740999999999758,"failureMessages":[],"meta":{},"tags":[]}],"startTime":1774127371177,"endTime":1774127371193.7742,"status":"passed","message":"","name":"C:/Users/fysg5/OneDrive/Escritorio/Pulse Hub/SofLIA - Hub/SofLIA-HUB/electron/__tests__/workflow-engine.test.ts"}]}
