{"numTotalTestSuites":173,"numPassedTestSuites":173,"numFailedTestSuites":0,"numPendingTestSuites":0,"numTotalTests":544,"numPassedTests":544,"numFailedTests":0,"numPendingTests":0,"numTodoTests":0,"snapshot":{"added":0,"failure":false,"filesAdded":0,"filesRemoved":0,"filesRemovedList":[],"filesUnmatched":0,"filesUpdated":0,"matched":0,"total":0,"unchecked":0,"uncheckedKeysByFile":[],"unmatched":0,"updated":0,"didUpdate":false},"startTime":1774130229180,"success":true,"testResults":[{"assertionResults":[{"ancestorTitles":["AgentTaskQueue","ATQ-001: Success on first attempt"],"fullName":"AgentTaskQueue ATQ-001: Success on first attempt should resolve with the result when the task succeeds immediately","status":"passed","title":"should resolve with the result when the task succeeds immediately","duration":7.095100000000002,"failureMessages":[],"meta":{},"tags":[]},{"ancestorTitles":["AgentTaskQueue","ATQ-002: Retry then success"],"fullName":"AgentTaskQueue ATQ-002: Retry then success should retry on failure and succeed on second attempt","status":"passed","title":"should retry on failure and succeed on second attempt","duration":4.077300000000037,"failureMessages":[],"meta":{},"tags":[]},{"ancestorTitles":["AgentTaskQueue","ATQ-003: All retries exhausted"],"fullName":"AgentTaskQueue ATQ-003: All retries exhausted should throw the last error after all retries are exhausted","status":"passed","title":"should throw the last error after all retries are exhausted","duration":16.017900000000054,"failureMessages":[],"meta":{},"tags":[]},{"ancestorTitles":["AgentTaskQueue","ATQ-004: Cancellation via cancelTask"],"fullName":"AgentTaskQueue ATQ-004: Cancellation via cancelTask should cancel a running task and throw cancellation error","status":"passed","title":"should cancel a running task and throw cancellation error","duration":2.33420000000001,"failureMessages":[],"meta":{},"tags":[]},{"ancestorTitles":["AgentTaskQueue","ATQ-005: Exponential backoff timing"],"fullName":"AgentTaskQueue ATQ-005: Exponential backoff timing should use exponential backoff: baseDelay * 2^(attempt-1)","status":"passed","title":"should use exponential backoff: baseDelay * 2^(attempt-1)","duration":2.6913000000000693,"failureMessages":[],"meta":{},"tags":[]},{"ancestorTitles":["AgentTaskQueue","ATQ-006: task:added event"],"fullName":"AgentTaskQueue ATQ-006: task:added event should emit task:added when a task is queued","status":"passed","title":"should emit task:added when a task is queued","duration":1.3944999999999936,"failureMessages":[],"meta":{},"tags":[]},{"ancestorTitles":["AgentTaskQueue","ATQ-007: task:running event"],"fullName":"AgentTaskQueue ATQ-007: task:running event should emit task:running when execution starts","status":"passed","title":"should emit task:running when execution starts","duration":0.704900000000066,"failureMessages":[],"meta":{},"tags":[]},{"ancestorTitles":["AgentTaskQueue","ATQ-008: task:completed event"],"fullName":"AgentTaskQueue ATQ-008: task:completed event should emit task:completed on success","status":"passed","title":"should emit task:completed on success","duration":0.7617999999999938,"failureMessages":[],"meta":{},"tags":[]},{"ancestorTitles":["AgentTaskQueue","ATQ-009: task:retrying event"],"fullName":"AgentTaskQueue ATQ-009: task:retrying event should emit task:retrying when a retry is scheduled","status":"passed","title":"should emit task:retrying when a retry is scheduled","duration":3.3290000000000646,"failureMessages":[],"meta":{},"tags":[]},{"ancestorTitles":["AgentTaskQueue","ATQ-010: task:failed event"],"fullName":"AgentTaskQueue ATQ-010: task:failed event should emit task:failed when all retries are exhausted","status":"passed","title":"should emit task:failed when all retries are exhausted","duration":5.997499999999945,"failureMessages":[],"meta":{},"tags":[]},{"ancestorTitles":["AgentTaskQueue","ATQ-011: TaskId format"],"fullName":"AgentTaskQueue ATQ-011: TaskId format should generate taskId as taskName-timestamp-random7chars","status":"passed","title":"should generate taskId as taskName-timestamp-random7chars","duration":0.8765000000000782,"failureMessages":[],"meta":{},"tags":[]},{"ancestorTitles":["AgentTaskQueue","ATQ-012: Concurrent tasks tracked independently"],"fullName":"AgentTaskQueue ATQ-012: Concurrent tasks tracked independently should track multiple active tasks simultaneously","status":"passed","title":"should track multiple active tasks simultaneously","duration":1.2174999999999727,"failureMessages":[],"meta":{},"tags":[]},{"ancestorTitles":["AgentTaskQueue","ATQ-013: cancelTask with invalid id"],"fullName":"AgentTaskQueue ATQ-013: cancelTask with invalid id should return false when cancelling a non-existent task","status":"passed","title":"should return false when cancelling a non-existent task","duration":1.3164000000000442,"failureMessages":[],"meta":{},"tags":[]},{"ancestorTitles":["AgentTaskQueue","ATQ-014: handleTaskQueueTool"],"fullName":"AgentTaskQueue ATQ-014: handleTaskQueueTool should return empty message for list_active_tasks when no tasks active","status":"passed","title":"should return empty message for list_active_tasks when no tasks active","duration":1.7695999999999685,"failureMessages":[],"meta":{},"tags":[]},{"ancestorTitles":["AgentTaskQueue","ATQ-014: handleTaskQueueTool"],"fullName":"AgentTaskQueue ATQ-014: handleTaskQueueTool should return error for cancel_background_task without taskId","status":"passed","title":"should return error for cancel_background_task without taskId","duration":0.7916000000000167,"failureMessages":[],"meta":{},"tags":[]},{"ancestorTitles":["AgentTaskQueue","ATQ-014: handleTaskQueueTool"],"fullName":"AgentTaskQueue ATQ-014: handleTaskQueueTool should return success:false for cancel_background_task with unknown taskId","status":"passed","title":"should return success:false for cancel_background_task with unknown taskId","duration":0.5419999999999163,"failureMessages":[],"meta":{},"tags":[]},{"ancestorTitles":["AgentTaskQueue","ATQ-014: handleTaskQueueTool"],"fullName":"AgentTaskQueue ATQ-014: handleTaskQueueTool should throw for unknown tool name","status":"passed","title":"should throw for unknown tool name","duration":0.6183999999999514,"failureMessages":[],"meta":{},"tags":[]},{"ancestorTitles":["AgentTaskQueue","ATQ-015: TASK_QUEUE_TOOLS structure"],"fullName":"AgentTaskQueue ATQ-015: TASK_QUEUE_TOOLS structure should have exactly 2 tools with correct names and OBJECT parameters","status":"passed","title":"should have exactly 2 tools with correct names and OBJECT parameters","duration":1.2429999999999382,"failureMessages":[],"meta":{},"tags":[]},{"ancestorTitles":["AgentTaskQueue","ATQ-015: TASK_QUEUE_TOOLS structure"],"fullName":"AgentTaskQueue ATQ-015: TASK_QUEUE_TOOLS structure should export agentTaskQueue as a singleton instance","status":"passed","title":"should export agentTaskQueue as a singleton instance","duration":0.5758999999999332,"failureMessages":[],"meta":{},"tags":[]}],"startTime":1774130232492,"endTime":1774130232546.576,"status":"passed","message":"","name":"C:/Users/fysg5/OneDrive/Escritorio/Pulse Hub/SofLIA - Hub/SofLIA-HUB/electron/__tests__/agent-task-queue.test.ts"},{"assertionResults":[{"ancestorTitles":["CalendarService"],"fullName":"CalendarService CAL-001: should be an EventEmitter instance","status":"passed","title":"CAL-001: should be an EventEmitter instance","duration":5.125800000000027,"failureMessages":[],"meta":{},"tags":[]},{"ancestorTitles":["CalendarService"],"fullName":"CalendarService CAL-002: setConfig stores Google OAuth config","status":"passed","title":"CAL-002: setConfig stores Google OAuth config","duration":1.1411000000000513,"failureMessages":[],"meta":{},"tags":[]},{"ancestorTitles":["CalendarService"],"fullName":"CalendarService CAL-003: connectGoogle returns error when OAuth credentials are not configured","status":"passed","title":"CAL-003: connectGoogle returns error when OAuth credentials are not configured","duration":1.2483999999999469,"failureMessages":[],"meta":{},"tags":[]},{"ancestorTitles":["CalendarService"],"fullName":"CalendarService CAL-004: loadConnections emits \"connected\" for each saved connection","status":"passed","title":"CAL-004: loadConnections emits \"connected\" for each saved connection","duration":1.4967000000000326,"failureMessages":[],"meta":{},"tags":[]},{"ancestorTitles":["CalendarService"],"fullName":"CalendarService CAL-005: loadConnections handles missing file gracefully","status":"passed","title":"CAL-005: loadConnections handles missing file gracefully","duration":2.01299999999992,"failureMessages":[],"meta":{},"tags":[]},{"ancestorTitles":["CalendarService"],"fullName":"CalendarService CAL-006: checkWorkHours detects current event as in work hours","status":"passed","title":"CAL-006: checkWorkHours detects current event as in work hours","duration":3.8512000000000626,"failureMessages":[],"meta":{},"tags":[]},{"ancestorTitles":["CalendarService"],"fullName":"CalendarService CAL-007: checkWorkHours returns false when no current event","status":"passed","title":"CAL-007: checkWorkHours returns false when no current event","duration":0.9506000000000085,"failureMessages":[],"meta":{},"tags":[]},{"ancestorTitles":["CalendarService"],"fullName":"CalendarService CAL-008: checkWorkHours skips all-day events","status":"passed","title":"CAL-008: checkWorkHours skips all-day events","duration":0.7052999999999656,"failureMessages":[],"meta":{},"tags":[]},{"ancestorTitles":["CalendarService"],"fullName":"CalendarService CAL-009: disconnect removes connection and emits \"disconnected\"","status":"passed","title":"CAL-009: disconnect removes connection and emits \"disconnected\"","duration":2.444499999999948,"failureMessages":[],"meta":{},"tags":[]},{"ancestorTitles":["CalendarService"],"fullName":"CalendarService CAL-010: getPollingStatus returns not polling by default","status":"passed","title":"CAL-010: getPollingStatus returns not polling by default","duration":0.8035999999999603,"failureMessages":[],"meta":{},"tags":[]}],"startTime":1774130233984,"endTime":1774130234003.8037,"status":"passed","message":"","name":"C:/Users/fysg5/OneDrive/Escritorio/Pulse Hub/SofLIA - Hub/SofLIA-HUB/electron/__tests__/calendar-service.test.ts"},{"assertionResults":[{"ancestorTitles":["Filesystem operations"],"fullName":"Filesystem operations CU-001: read_file returns content for existing file","status":"passed","title":"CU-001: read_file returns content for existing file","duration":87.70129999999995,"failureMessages":[],"meta":{},"tags":[]},{"ancestorTitles":["Filesystem operations"],"fullName":"Filesystem operations CU-002: read_file rejects files >1MB","status":"passed","title":"CU-002: read_file rejects files >1MB","duration":0.8027999999999338,"failureMessages":[],"meta":{},"tags":[]},{"ancestorTitles":["Filesystem operations"],"fullName":"Filesystem operations CU-003: read_file uses UTF-8 encoding","status":"passed","title":"CU-003: read_file uses UTF-8 encoding","duration":2.778099999999995,"failureMessages":[],"meta":{},"tags":[]},{"ancestorTitles":["Filesystem operations"],"fullName":"Filesystem operations CU-004: read_file returns error for nonexistent file","status":"passed","title":"CU-004: read_file returns error for nonexistent file","duration":0.7606000000000677,"failureMessages":[],"meta":{},"tags":[]},{"ancestorTitles":["Filesystem operations"],"fullName":"Filesystem operations CU-005: read_file handles empty path gracefully","status":"passed","title":"CU-005: read_file handles empty path gracefully","duration":1.5616999999999734,"failureMessages":[],"meta":{},"tags":[]},{"ancestorTitles":["Filesystem operations"],"fullName":"Filesystem operations CU-006: read_file handles paths with special characters","status":"passed","title":"CU-006: read_file handles paths with special characters","duration":1.0108000000000175,"failureMessages":[],"meta":{},"tags":[]},{"ancestorTitles":["Filesystem operations"],"fullName":"Filesystem operations CU-007: read_file rejects directory paths","status":"passed","title":"CU-007: read_file rejects directory paths","duration":1.0321000000001277,"failureMessages":[],"meta":{},"tags":[]},{"ancestorTitles":["Filesystem operations"],"fullName":"Filesystem operations CU-008: write_file creates a new file","status":"passed","title":"CU-008: write_file creates a new file","duration":0.7209000000000287,"failureMessages":[],"meta":{},"tags":[]},{"ancestorTitles":["Filesystem operations"],"fullName":"Filesystem operations CU-009: write_file overwrites existing file","status":"passed","title":"CU-009: write_file overwrites existing file","duration":0.43479999999999563,"failureMessages":[],"meta":{},"tags":[]},{"ancestorTitles":["Filesystem operations"],"fullName":"Filesystem operations CU-010: write_file creates parent directories","status":"passed","title":"CU-010: write_file creates parent directories","duration":0.9903999999999087,"failureMessages":[],"meta":{},"tags":[]},{"ancestorTitles":["Filesystem operations"],"fullName":"Filesystem operations CU-011: write_file handles empty content","status":"passed","title":"CU-011: write_file handles empty content","duration":0.3675999999998112,"failureMessages":[],"meta":{},"tags":[]},{"ancestorTitles":["Filesystem operations"],"fullName":"Filesystem operations CU-012: write_file handles Unicode content","status":"passed","title":"CU-012: write_file handles Unicode content","duration":0.2905000000000655,"failureMessages":[],"meta":{},"tags":[]},{"ancestorTitles":["Filesystem operations"],"fullName":"Filesystem operations CU-013: list_directory lists existing directory","status":"passed","title":"CU-013: list_directory lists existing directory","duration":2.2933000000000447,"failureMessages":[],"meta":{},"tags":[]},{"ancestorTitles":["Filesystem operations"],"fullName":"Filesystem operations CU-014: list_directory handles empty directory","status":"passed","title":"CU-014: list_directory handles empty directory","duration":0.6169999999999618,"failureMessages":[],"meta":{},"tags":[]},{"ancestorTitles":["Filesystem operations"],"fullName":"Filesystem operations CU-015: list_directory returns error for nonexistent","status":"passed","title":"CU-015: list_directory returns error for nonexistent","duration":0.5089000000000397,"failureMessages":[],"meta":{},"tags":[]},{"ancestorTitles":["Filesystem operations"],"fullName":"Filesystem operations CU-016: list_directory distinguishes files and dirs","status":"passed","title":"CU-016: list_directory distinguishes files and dirs","duration":0.7080000000000837,"failureMessages":[],"meta":{},"tags":[]},{"ancestorTitles":["Filesystem operations"],"fullName":"Filesystem operations CU-017: list_directory filters hidden files by default","status":"passed","title":"CU-017: list_directory filters hidden files by default","duration":0.8058999999998377,"failureMessages":[],"meta":{},"tags":[]},{"ancestorTitles":["Filesystem operations"],"fullName":"Filesystem operations CU-018: list_directory shows hidden when show_hidden=true","status":"passed","title":"CU-018: list_directory shows hidden when show_hidden=true","duration":17.450900000000047,"failureMessages":[],"meta":{},"tags":[]},{"ancestorTitles":["Filesystem operations"],"fullName":"Filesystem operations CU-019: create_directory creates simple directory","status":"passed","title":"CU-019: create_directory creates simple directory","duration":0.6677999999999429,"failureMessages":[],"meta":{},"tags":[]},{"ancestorTitles":["Filesystem operations"],"fullName":"Filesystem operations CU-020: create_directory creates recursive path","status":"passed","title":"CU-020: create_directory creates recursive path","duration":0.41909999999984393,"failureMessages":[],"meta":{},"tags":[]},{"ancestorTitles":["Filesystem operations"],"fullName":"Filesystem operations CU-021: create_directory handles already exists (EEXIST)","status":"passed","title":"CU-021: create_directory handles already exists (EEXIST)","duration":0.47329999999988104,"failureMessages":[],"meta":{},"tags":[]},{"ancestorTitles":["Filesystem operations"],"fullName":"Filesystem operations CU-022: move_item moves a file","status":"passed","title":"CU-022: move_item moves a file","duration":0.38479999999981374,"failureMessages":[],"meta":{},"tags":[]},{"ancestorTitles":["Filesystem operations"],"fullName":"Filesystem operations CU-023: move_item moves a directory","status":"passed","title":"CU-023: move_item moves a directory","duration":0.2925000000000182,"failureMessages":[],"meta":{},"tags":[]},{"ancestorTitles":["Filesystem operations"],"fullName":"Filesystem operations CU-024: move_item creates parent when ENOENT","status":"passed","title":"CU-024: move_item creates parent when ENOENT","duration":0.5731000000000677,"failureMessages":[],"meta":{},"tags":[]},{"ancestorTitles":["Filesystem operations"],"fullName":"Filesystem operations CU-025: move_item returns error on general failure","status":"passed","title":"CU-025: move_item returns error on general failure","duration":0.40829999999982647,"failureMessages":[],"meta":{},"tags":[]},{"ancestorTitles":["Filesystem operations"],"fullName":"Filesystem operations CU-026: copy_item copies a file","status":"passed","title":"CU-026: copy_item copies a file","duration":2.6339000000000397,"failureMessages":[],"meta":{},"tags":[]},{"ancestorTitles":["Filesystem operations"],"fullName":"Filesystem operations CU-027: copy_item copies directory recursively","status":"passed","title":"CU-027: copy_item copies directory recursively","duration":1.1072999999998956,"failureMessages":[],"meta":{},"tags":[]},{"ancestorTitles":["Filesystem operations"],"fullName":"Filesystem operations CU-028: copy_item returns error when source nonexistent","status":"passed","title":"CU-028: copy_item returns error when source nonexistent","duration":0.7176999999999225,"failureMessages":[],"meta":{},"tags":[]},{"ancestorTitles":["Filesystem operations"],"fullName":"Filesystem operations CU-029: delete_item sends file to trash","status":"passed","title":"CU-029: delete_item sends file to trash","duration":0.5020999999999276,"failureMessages":[],"meta":{},"tags":[]},{"ancestorTitles":["Filesystem operations"],"fullName":"Filesystem operations CU-030: delete_item handles directory","status":"passed","title":"CU-030: delete_item handles directory","duration":0.4353000000000975,"failureMessages":[],"meta":{},"tags":[]},{"ancestorTitles":["Filesystem operations"],"fullName":"Filesystem operations CU-031: delete_item returns error for nonexistent","status":"passed","title":"CU-031: delete_item returns error for nonexistent","duration":0.35209999999983665,"failureMessages":[],"meta":{},"tags":[]},{"ancestorTitles":["Filesystem operations"],"fullName":"Filesystem operations CU-032: get_file_info returns metadata","status":"passed","title":"CU-032: get_file_info returns metadata","duration":0.6739999999999782,"failureMessages":[],"meta":{},"tags":[]},{"ancestorTitles":["Filesystem operations"],"fullName":"Filesystem operations CU-033: get_file_info returns error for nonexistent","status":"passed","title":"CU-033: get_file_info returns error for nonexistent","duration":0.4617000000000644,"failureMessages":[],"meta":{},"tags":[]},{"ancestorTitles":["Command Execution Security"],"fullName":"Command Execution Security CU-034: execute_command runs simple echo","status":"passed","title":"CU-034: execute_command runs simple echo","duration":0.6514999999999418,"failureMessages":[],"meta":{},"tags":[]},{"ancestorTitles":["Command Execution Security"],"fullName":"Command Execution Security CU-035: execute_command captures stderr","status":"passed","title":"CU-035: execute_command captures stderr","duration":0.4088000000001557,"failureMessages":[],"meta":{},"tags":[]},{"ancestorTitles":["Command Execution Security"],"fullName":"Command Execution Security CU-036: execute_command uses 30s timeout","status":"passed","title":"CU-036: execute_command uses 30s timeout","duration":0.3466000000000804,"failureMessages":[],"meta":{},"tags":[]},{"ancestorTitles":["Command Execution Security"],"fullName":"Command Execution Security CU-037: blocks \"format\" command","status":"passed","title":"CU-037: blocks \"format\" command","duration":0.43470000000002074,"failureMessages":[],"meta":{},"tags":[]},{"ancestorTitles":["Command Execution Security"],"fullName":"Command Execution Security CU-038: blocks \"diskpart\" command","status":"passed","title":"CU-038: blocks \"diskpart\" command","duration":0.28319999999985157,"failureMessages":[],"meta":{},"tags":[]},{"ancestorTitles":["Command Execution Security"],"fullName":"Command Execution Security CU-039: blocks \"cipher /w\" command","status":"passed","title":"CU-039: blocks \"cipher /w\" command","duration":0.20269999999982247,"failureMessages":[],"meta":{},"tags":[]},{"ancestorTitles":["Command Execution Security"],"fullName":"Command Execution Security CU-040: blocks \"sfc\" command","status":"passed","title":"CU-040: blocks \"sfc\" command","duration":0.1932000000001608,"failureMessages":[],"meta":{},"tags":[]},{"ancestorTitles":["Command Execution Security"],"fullName":"Command Execution Security CU-041: blocks \"bcdedit\" command","status":"passed","title":"CU-041: blocks \"bcdedit\" command","duration":0.2118000000000393,"failureMessages":[],"meta":{},"tags":[]},{"ancestorTitles":["Command Execution Security"],"fullName":"Command Execution Security CU-042: blocks \"reg delete\" command","status":"passed","title":"CU-042: blocks \"reg delete\" command","duration":0.1791000000000622,"failureMessages":[],"meta":{},"tags":[]},{"ancestorTitles":["Command Execution Security"],"fullName":"Command Execution Security CU-043: blocks \"reg add\" command","status":"passed","title":"CU-043: blocks \"reg add\" command","duration":0.1675000000000182,"failureMessages":[],"meta":{},"tags":[]},{"ancestorTitles":["Command Execution Security"],"fullName":"Command Execution Security CU-044: blocks \"shutdown\" command","status":"passed","title":"CU-044: blocks \"shutdown\" command","duration":0.2056999999999789,"failureMessages":[],"meta":{},"tags":[]},{"ancestorTitles":["Command Execution Security"],"fullName":"Command Execution Security CU-045: blocks \"taskkill /f /im explorer\" command","status":"passed","title":"CU-045: blocks \"taskkill /f /im explorer\" command","duration":0.23420000000010077,"failureMessages":[],"meta":{},"tags":[]},{"ancestorTitles":["Command Execution Security"],"fullName":"Command Execution Security CU-046: blocks \"rm -rf /\" command","status":"passed","title":"CU-046: blocks \"rm -rf /\" command","duration":0.23139999999989413,"failureMessages":[],"meta":{},"tags":[]},{"ancestorTitles":["Command Execution Security"],"fullName":"Command Execution Security CU-047: blocks \"mkfs\" command","status":"passed","title":"CU-047: blocks \"mkfs\" command","duration":0.611699999999928,"failureMessages":[],"meta":{},"tags":[]},{"ancestorTitles":["Command Execution Security"],"fullName":"Command Execution Security CU-048: blocks \"dd if=\" command","status":"passed","title":"CU-048: blocks \"dd if=\" command","duration":1.5884000000000924,"failureMessages":[],"meta":{},"tags":[]},{"ancestorTitles":["Command Execution Security"],"fullName":"Command Execution Security CU-049: blocks \"fork bomb\" command","status":"passed","title":"CU-049: blocks \"fork bomb\" command","duration":0.4257999999999811,"failureMessages":[],"meta":{},"tags":[]},{"ancestorTitles":["Command Execution Security"],"fullName":"Command Execution Security CU-050: blocks \"net user\" command","status":"passed","title":"CU-050: blocks \"net user\" command","duration":0.6521999999999935,"failureMessages":[],"meta":{},"tags":[]},{"ancestorTitles":["Command Execution Security"],"fullName":"Command Execution Security CU-051: blocks \"net localgroup administrators\" command","status":"passed","title":"CU-051: blocks \"net localgroup administrators\" command","duration":0.5092999999999392,"failureMessages":[],"meta":{},"tags":[]},{"ancestorTitles":["Command Execution Security"],"fullName":"Command Execution Security CU-052: allows safe commands like dir","status":"passed","title":"CU-052: allows safe commands like dir","duration":0.49139999999988504,"failureMessages":[],"meta":{},"tags":[]},{"ancestorTitles":["Command Execution Security"],"fullName":"Command Execution Security CU-053: allows npm list","status":"passed","title":"CU-053: allows npm list","duration":0.4613999999999123,"failureMessages":[],"meta":{},"tags":[]},{"ancestorTitles":["Command Execution Security"],"fullName":"Command Execution Security CU-054: allows git status","status":"passed","title":"CU-054: allows git status","duration":0.4433000000001357,"failureMessages":[],"meta":{},"tags":[]},{"ancestorTitles":["Command Execution Security"],"fullName":"Command Execution Security CU-055: case insensitive blocking (FORMAT C:)","status":"passed","title":"CU-055: case insensitive blocking (FORMAT C:)","duration":0.4029000000000451,"failureMessages":[],"meta":{},"tags":[]},{"ancestorTitles":["Command Execution Security"],"fullName":"Command Execution Security CU-056: blocks command with blocked pattern embedded","status":"passed","title":"CU-056: blocks command with blocked pattern embedded","duration":0.4172000000000935,"failureMessages":[],"meta":{},"tags":[]},{"ancestorTitles":["Command Execution Security"],"fullName":"Command Execution Security CU-057: blocks pipe to blocked command","status":"passed","title":"CU-057: blocks pipe to blocked command","duration":0.3693000000000666,"failureMessages":[],"meta":{},"tags":[]},{"ancestorTitles":["Clipboard & System Info"],"fullName":"Clipboard & System Info CU-058: clipboard_read returns clipboard text","status":"passed","title":"CU-058: clipboard_read returns clipboard text","duration":0.4249999999999545,"failureMessages":[],"meta":{},"tags":[]},{"ancestorTitles":["Clipboard & System Info"],"fullName":"Clipboard & System Info CU-059: clipboard_write writes text to clipboard","status":"passed","title":"CU-059: clipboard_write writes text to clipboard","duration":0.4411999999999807,"failureMessages":[],"meta":{},"tags":[]},{"ancestorTitles":["Clipboard & System Info"],"fullName":"Clipboard & System Info CU-060: clipboard_read handles empty clipboard","status":"passed","title":"CU-060: clipboard_read handles empty clipboard","duration":0.32209999999986394,"failureMessages":[],"meta":{},"tags":[]},{"ancestorTitles":["Clipboard & System Info"],"fullName":"Clipboard & System Info CU-061: clipboard_write handles long text","status":"passed","title":"CU-061: clipboard_write handles long text","duration":0.5890999999999167,"failureMessages":[],"meta":{},"tags":[]},{"ancestorTitles":["Clipboard & System Info"],"fullName":"Clipboard & System Info CU-062: get_system_info returns CPU info","status":"passed","title":"CU-062: get_system_info returns CPU info","duration":9.805100000000039,"failureMessages":[],"meta":{},"tags":[]},{"ancestorTitles":["Clipboard & System Info"],"fullName":"Clipboard & System Info CU-063: get_system_info returns memory info","status":"passed","title":"CU-063: get_system_info returns memory info","duration":1.2597999999998137,"failureMessages":[],"meta":{},"tags":[]},{"ancestorTitles":["Clipboard & System Info"],"fullName":"Clipboard & System Info CU-064: get_system_info returns OS info","status":"passed","title":"CU-064: get_system_info returns OS info","duration":1.1783999999997832,"failureMessages":[],"meta":{},"tags":[]},{"ancestorTitles":["Clipboard & System Info"],"fullName":"Clipboard & System Info CU-065: get_system_info returns disk paths","status":"passed","title":"CU-065: get_system_info returns disk paths","duration":1.1479999999999109,"failureMessages":[],"meta":{},"tags":[]},{"ancestorTitles":["Clipboard & System Info"],"fullName":"Clipboard & System Info CU-066: get_system_info returns uptime","status":"passed","title":"CU-066: get_system_info returns uptime","duration":2.590400000000045,"failureMessages":[],"meta":{},"tags":[]},{"ancestorTitles":["File Search"],"fullName":"File Search CU-067: search_files finds by name pattern","status":"passed","title":"CU-067: search_files finds by name pattern","duration":1.2412999999999101,"failureMessages":[],"meta":{},"tags":[]},{"ancestorTitles":["File Search"],"fullName":"File Search CU-068: search_files respects MAX_SEARCH_RESULTS=200","status":"passed","title":"CU-068: search_files respects MAX_SEARCH_RESULTS=200","duration":3.84719999999993,"failureMessages":[],"meta":{},"tags":[]},{"ancestorTitles":["File Search"],"fullName":"File Search CU-069: search_files returns empty for no matches","status":"passed","title":"CU-069: search_files returns empty for no matches","duration":0.6061999999999443,"failureMessages":[],"meta":{},"tags":[]},{"ancestorTitles":["File Search"],"fullName":"File Search CU-070: search_files case insensitive matching","status":"passed","title":"CU-070: search_files case insensitive matching","duration":0.5406000000000404,"failureMessages":[],"meta":{},"tags":[]},{"ancestorTitles":["File Search"],"fullName":"File Search CU-071: search_files skips node_modules","status":"passed","title":"CU-071: search_files skips node_modules","duration":0.5110999999999422,"failureMessages":[],"meta":{},"tags":[]},{"ancestorTitles":["File Search"],"fullName":"File Search CU-072: search_files skips .git directories","status":"passed","title":"CU-072: search_files skips .git directories","duration":0.3851000000001932,"failureMessages":[],"meta":{},"tags":[]},{"ancestorTitles":["File Search"],"fullName":"File Search CU-073: search_files defaults to homedir when no directory","status":"passed","title":"CU-073: search_files defaults to homedir when no directory","duration":0.39010000000007494,"failureMessages":[],"meta":{},"tags":[]},{"ancestorTitles":["File Search"],"fullName":"File Search CU-074: search_files includes matching directories","status":"passed","title":"CU-074: search_files includes matching directories","duration":0.4318999999998141,"failureMessages":[],"meta":{},"tags":[]},{"ancestorTitles":["Screenshots & Processes"],"fullName":"Screenshots & Processes CU-075: take_screenshot captures screen","status":"passed","title":"CU-075: take_screenshot captures screen","duration":0.5575999999998658,"failureMessages":[],"meta":{},"tags":[]},{"ancestorTitles":["Screenshots & Processes"],"fullName":"Screenshots & Processes CU-076: take_screenshot uses configured quality/dimensions","status":"passed","title":"CU-076: take_screenshot uses configured quality/dimensions","duration":4.7362000000000535,"failureMessages":[],"meta":{},"tags":[]},{"ancestorTitles":["Screenshots & Processes"],"fullName":"Screenshots & Processes CU-077: take_screenshot handles multi-monitor with display_id","status":"passed","title":"CU-077: take_screenshot handles multi-monitor with display_id","duration":0.46880000000010114,"failureMessages":[],"meta":{},"tags":[]},{"ancestorTitles":["Screenshots & Processes"],"fullName":"Screenshots & Processes CU-078: take_screenshot returns error when no displays","status":"passed","title":"CU-078: take_screenshot returns error when no displays","duration":0.3409999999998945,"failureMessages":[],"meta":{},"tags":[]},{"ancestorTitles":["Screenshots & Processes"],"fullName":"Screenshots & Processes CU-079: list_processes returns process list","status":"passed","title":"CU-079: list_processes returns process list","duration":2.654800000000023,"failureMessages":[],"meta":{},"tags":[]},{"ancestorTitles":["Screenshots & Processes"],"fullName":"Screenshots & Processes CU-080: kill_process terminates valid PID","status":"passed","title":"CU-080: kill_process terminates valid PID","duration":1.1316999999999098,"failureMessages":[],"meta":{},"tags":[]},{"ancestorTitles":["Screenshots & Processes"],"fullName":"Screenshots & Processes CU-081: kill_process rejects invalid PID","status":"passed","title":"CU-081: kill_process rejects invalid PID","duration":0.9429999999999836,"failureMessages":[],"meta":{},"tags":[]},{"ancestorTitles":["Screenshots & Processes"],"fullName":"Screenshots & Processes CU-082: kill_process rejects NaN PID","status":"passed","title":"CU-082: kill_process rejects NaN PID","duration":0.5851000000000113,"failureMessages":[],"meta":{},"tags":[]},{"ancestorTitles":["Screenshots & Processes"],"fullName":"Screenshots & Processes CU-083: list_screens returns screen list","status":"passed","title":"CU-083: list_screens returns screen list","duration":4.3624999999999545,"failureMessages":[],"meta":{},"tags":[]},{"ancestorTitles":["Screenshots & Processes"],"fullName":"Screenshots & Processes CU-084: open_file_on_computer returns error without path","status":"passed","title":"CU-084: open_file_on_computer returns error without path","duration":0.42029999999999745,"failureMessages":[],"meta":{},"tags":[]},{"ancestorTitles":["Email operations"],"fullName":"Email operations CU-085: send_email sends successfully","status":"passed","title":"CU-085: send_email sends successfully","duration":0.5272999999999683,"failureMessages":[],"meta":{},"tags":[]},{"ancestorTitles":["Email operations"],"fullName":"Email operations CU-086: send_email returns error without email config","status":"passed","title":"CU-086: send_email returns error without email config","duration":0.6715999999998985,"failureMessages":[],"meta":{},"tags":[]},{"ancestorTitles":["Email operations"],"fullName":"Email operations CU-087: send_email supports attachments","status":"passed","title":"CU-087: send_email supports attachments","duration":0.7533999999998287,"failureMessages":[],"meta":{},"tags":[]},{"ancestorTitles":["Email operations"],"fullName":"Email operations CU-088: send_email supports HTML body","status":"passed","title":"CU-088: send_email supports HTML body","duration":0.941899999999805,"failureMessages":[],"meta":{},"tags":[]},{"ancestorTitles":["Email operations"],"fullName":"Email operations CU-089: send_email handles SMTP timeout/error","status":"passed","title":"CU-089: send_email handles SMTP timeout/error","duration":0.4480999999998403,"failureMessages":[],"meta":{},"tags":[]},{"ancestorTitles":["Email operations"],"fullName":"Email operations CU-090: configure_email rejects unknown provider","status":"passed","title":"CU-090: configure_email rejects unknown provider","duration":0.35210000000006403,"failureMessages":[],"meta":{},"tags":[]},{"ancestorTitles":["Security Edge Cases"],"fullName":"Security Edge Cases CU-091: all handlers return {success, error?} on success","status":"passed","title":"CU-091: all handlers return {success, error?} on success","duration":0.3201000000001386,"failureMessages":[],"meta":{},"tags":[]},{"ancestorTitles":["Security Edge Cases"],"fullName":"Security Edge Cases CU-092: handler exception does not crash process","status":"passed","title":"CU-092: handler exception does not crash process","duration":0.2838000000001557,"failureMessages":[],"meta":{},"tags":[]},{"ancestorTitles":["Security Edge Cases"],"fullName":"Security Edge Cases CU-093: unknown tool returns {success: false}","status":"passed","title":"CU-093: unknown tool returns {success: false}","duration":0.25759999999991123,"failureMessages":[],"meta":{},"tags":[]},{"ancestorTitles":["Security Edge Cases"],"fullName":"Security Edge Cases CU-094: blocked command with mixed case","status":"passed","title":"CU-094: blocked command with mixed case","duration":0.22790000000009059,"failureMessages":[],"meta":{},"tags":[]},{"ancestorTitles":["Security Edge Cases"],"fullName":"Security Edge Cases CU-095: blocked command with leading/trailing whitespace","status":"passed","title":"CU-095: blocked command with leading/trailing whitespace","duration":0.24309999999991305,"failureMessages":[],"meta":{},"tags":[]},{"ancestorTitles":["Security Edge Cases"],"fullName":"Security Edge Cases CU-096: blocked rd /s /q c:\\ command","status":"passed","title":"CU-096: blocked rd /s /q c:\\ command","duration":0.27719999999999345,"failureMessages":[],"meta":{},"tags":[]},{"ancestorTitles":["Security Edge Cases"],"fullName":"Security Edge Cases CU-097: blocked del /f /s /q c:\\ command","status":"passed","title":"CU-097: blocked del /f /s /q c:\\ command","duration":0.2588999999998123,"failureMessages":[],"meta":{},"tags":[]},{"ancestorTitles":["Security Edge Cases"],"fullName":"Security Edge Cases CU-098: command exec returns exit code on error","status":"passed","title":"CU-098: command exec returns exit code on error","duration":0.3749000000000251,"failureMessages":[],"meta":{},"tags":[]},{"ancestorTitles":["Security Edge Cases"],"fullName":"Security Edge Cases CU-099: command exec uses powershell on win32","status":"passed","title":"CU-099: command exec uses powershell on win32","duration":0.3627999999998792,"failureMessages":[],"meta":{},"tags":[]},{"ancestorTitles":["Security Edge Cases"],"fullName":"Security Edge Cases CU-100: registerComputerUseHandlers registers all IPC channels","status":"passed","title":"CU-100: registerComputerUseHandlers registers all IPC channels","duration":5.481700000000046,"failureMessages":[],"meta":{},"tags":[]}],"startTime":1774130230481,"endTime":1774130230678.4817,"status":"passed","message":"","name":"C:/Users/fysg5/OneDrive/Escritorio/Pulse Hub/SofLIA - Hub/SofLIA-HUB/electron/__tests__/computer-use-handlers.test.ts"},{"assertionResults":[{"ancestorTitles":["CRM Service — Jaccard Deduplication & CRUD"],"fullName":"CRM Service — Jaccard Deduplication & CRUD CRM-001: createCompany stores a new company with generated id","status":"passed","title":"CRM-001: createCompany stores a new company with generated id","duration":6.083700000000022,"failureMessages":[],"meta":{},"tags":[]},{"ancestorTitles":["CRM Service — Jaccard Deduplication & CRUD"],"fullName":"CRM Service — Jaccard Deduplication & CRUD CRM-002: Jaccard detects similar names (\"Acme Corp\" vs \"Acme Corporation\")","status":"passed","title":"CRM-002: Jaccard detects similar names (\"Acme Corp\" vs \"Acme Corporation\")","duration":0.865799999999922,"failureMessages":[],"meta":{},"tags":[]},{"ancestorTitles":["CRM Service — Jaccard Deduplication & CRUD"],"fullName":"CRM Service — Jaccard Deduplication & CRUD CRM-003: Jaccard passes different names (\"Acme\" vs \"Globex\")","status":"passed","title":"CRM-003: Jaccard passes different names (\"Acme\" vs \"Globex\")","duration":0.5230999999999995,"failureMessages":[],"meta":{},"tags":[]},{"ancestorTitles":["CRM Service — Jaccard Deduplication & CRUD"],"fullName":"CRM Service — Jaccard Deduplication & CRUD CRM-004: createContact links contact to correct company","status":"passed","title":"CRM-004: createContact links contact to correct company","duration":0.5632000000000517,"failureMessages":[],"meta":{},"tags":[]},{"ancestorTitles":["CRM Service — Jaccard Deduplication & CRUD"],"fullName":"CRM Service — Jaccard Deduplication & CRUD CRM-005: opportunity status transitions through lifecycle","status":"passed","title":"CRM-005: opportunity status transitions through lifecycle","duration":0.6498000000000275,"failureMessages":[],"meta":{},"tags":[]},{"ancestorTitles":["CRM Service — Jaccard Deduplication & CRUD"],"fullName":"CRM Service — Jaccard Deduplication & CRUD CRM-006: Jaccard returns 0 for empty strings","status":"passed","title":"CRM-006: Jaccard returns 0 for empty strings","duration":0.34569999999996526,"failureMessages":[],"meta":{},"tags":[]},{"ancestorTitles":["CRM Service — Jaccard Deduplication & CRUD"],"fullName":"CRM Service — Jaccard Deduplication & CRUD CRM-007: Jaccard returns 1.0 for identical strings","status":"passed","title":"CRM-007: Jaccard returns 1.0 for identical strings","duration":0.2946999999999207,"failureMessages":[],"meta":{},"tags":[]},{"ancestorTitles":["CRM Service — Jaccard Deduplication & CRUD"],"fullName":"CRM Service — Jaccard Deduplication & CRUD CRM-008: Jaccard is case insensitive","status":"passed","title":"CRM-008: Jaccard is case insensitive","duration":0.25549999999998363,"failureMessages":[],"meta":{},"tags":[]}],"startTime":1774130235115,"endTime":1774130235124.3457,"status":"passed","message":"","name":"C:/Users/fysg5/OneDrive/Escritorio/Pulse Hub/SofLIA - Hub/SofLIA-HUB/electron/__tests__/crm-service.test.ts"},{"assertionResults":[{"ancestorTitles":["Desktop Agent Types & Config"],"fullName":"Desktop Agent Types & Config CU-101: DEFAULT_CONFIG has maxSteps=200","status":"passed","title":"CU-101: DEFAULT_CONFIG has maxSteps=200","duration":2.554300000000012,"failureMessages":[],"meta":{},"tags":[]},{"ancestorTitles":["Desktop Agent Types & Config"],"fullName":"Desktop Agent Types & Config CU-102: DEFAULT_CONFIG has maxTotalSteps=500","status":"passed","title":"CU-102: DEFAULT_CONFIG has maxTotalSteps=500","duration":0.3109999999999786,"failureMessages":[],"meta":{},"tags":[]},{"ancestorTitles":["Desktop Agent Types & Config"],"fullName":"Desktop Agent Types & Config CU-103: DEFAULT_CONFIG has screenshotWidth=1024","status":"passed","title":"CU-103: DEFAULT_CONFIG has screenshotWidth=1024","duration":0.23390000000000555,"failureMessages":[],"meta":{},"tags":[]},{"ancestorTitles":["Desktop Agent Types & Config"],"fullName":"Desktop Agent Types & Config CU-104: DEFAULT_CONFIG has screenshotHeight=768","status":"passed","title":"CU-104: DEFAULT_CONFIG has screenshotHeight=768","duration":0.26370000000002847,"failureMessages":[],"meta":{},"tags":[]},{"ancestorTitles":["Desktop Agent Types & Config"],"fullName":"Desktop Agent Types & Config CU-105: DEFAULT_CONFIG has somEnabled=true","status":"passed","title":"CU-105: DEFAULT_CONFIG has somEnabled=true","duration":0.2358000000000402,"failureMessages":[],"meta":{},"tags":[]},{"ancestorTitles":["Desktop Agent Types & Config"],"fullName":"Desktop Agent Types & Config CU-106: DEFAULT_CONFIG has somFallbackToGrid=true","status":"passed","title":"CU-106: DEFAULT_CONFIG has somFallbackToGrid=true","duration":0.17360000000002174,"failureMessages":[],"meta":{},"tags":[]},{"ancestorTitles":["Desktop Agent Types & Config"],"fullName":"Desktop Agent Types & Config CU-107: DEFAULT_CONFIG has hierarchicalPlanningEnabled=true","status":"passed","title":"CU-107: DEFAULT_CONFIG has hierarchicalPlanningEnabled=true","duration":0.17480000000000473,"failureMessages":[],"meta":{},"tags":[]},{"ancestorTitles":["Desktop Agent Types & Config"],"fullName":"Desktop Agent Types & Config CU-108: DEFAULT_CONFIG has verificationEnabled=true","status":"passed","title":"CU-108: DEFAULT_CONFIG has verificationEnabled=true","duration":0.16460000000000719,"failureMessages":[],"meta":{},"tags":[]},{"ancestorTitles":["Desktop Agent Types & Config"],"fullName":"Desktop Agent Types & Config CU-109: DEFAULT_CONFIG has summarizeEveryNSteps=15","status":"passed","title":"CU-109: DEFAULT_CONFIG has summarizeEveryNSteps=15","duration":0.19650000000001455,"failureMessages":[],"meta":{},"tags":[]},{"ancestorTitles":["Desktop Agent Types & Config"],"fullName":"Desktop Agent Types & Config CU-110: DEFAULT_CONFIG has maxRawHistorySteps=8","status":"passed","title":"CU-110: DEFAULT_CONFIG has maxRawHistorySteps=8","duration":0.24130000000002383,"failureMessages":[],"meta":{},"tags":[]},{"ancestorTitles":["Desktop Agent Types & Config"],"fullName":"Desktop Agent Types & Config CU-111: DEFAULT_CONFIG has defaultActionDelay=300","status":"passed","title":"CU-111: DEFAULT_CONFIG has defaultActionDelay=300","duration":0.15569999999996753,"failureMessages":[],"meta":{},"tags":[]},{"ancestorTitles":["Desktop Agent Types & Config"],"fullName":"Desktop Agent Types & Config CU-112: DEFAULT_CONFIG has waitForChangeTimeout=8000","status":"passed","title":"CU-112: DEFAULT_CONFIG has waitForChangeTimeout=8000","duration":0.1390999999999849,"failureMessages":[],"meta":{},"tags":[]},{"ancestorTitles":["Desktop Agent Types & Config"],"fullName":"Desktop Agent Types & Config CU-113: DEFAULT_CONFIG has maxConsecutiveFailures=3","status":"passed","title":"CU-113: DEFAULT_CONFIG has maxConsecutiveFailures=3","duration":0.1342000000000212,"failureMessages":[],"meta":{},"tags":[]},{"ancestorTitles":["Desktop Agent Types & Config"],"fullName":"Desktop Agent Types & Config CU-114: DEFAULT_CONFIG has stuckDetectionThreshold=4","status":"passed","title":"CU-114: DEFAULT_CONFIG has stuckDetectionThreshold=4","duration":0.120900000000006,"failureMessages":[],"meta":{},"tags":[]},{"ancestorTitles":["Desktop Agent Types & Config"],"fullName":"Desktop Agent Types & Config CU-115: DEFAULT_CONFIG has maxConcurrentAgents=3","status":"passed","title":"CU-115: DEFAULT_CONFIG has maxConcurrentAgents=3","duration":0.1302000000000021,"failureMessages":[],"meta":{},"tags":[]},{"ancestorTitles":["Desktop Agent Types & Config"],"fullName":"Desktop Agent Types & Config CU-116: DEFAULT_CONFIG has planningEnabled=true","status":"passed","title":"CU-116: DEFAULT_CONFIG has planningEnabled=true","duration":0.1297999999999888,"failureMessages":[],"meta":{},"tags":[]},{"ancestorTitles":["Desktop Agent Types & Config"],"fullName":"Desktop Agent Types & Config CU-117: DEFAULT_CONFIG has gridEnabled=true","status":"passed","title":"CU-117: DEFAULT_CONFIG has gridEnabled=true","duration":0.3795000000000073,"failureMessages":[],"meta":{},"tags":[]},{"ancestorTitles":["Desktop Agent Types & Config"],"fullName":"Desktop Agent Types & Config CU-118: DEFAULT_CONFIG has zoomEnabled=true","status":"passed","title":"CU-118: DEFAULT_CONFIG has zoomEnabled=true","duration":0.2533999999999992,"failureMessages":[],"meta":{},"tags":[]},{"ancestorTitles":["Desktop Agent Types & Config"],"fullName":"Desktop Agent Types & Config CU-119: DEFAULT_CONFIG has progressReportEveryNSteps=25","status":"passed","title":"CU-119: DEFAULT_CONFIG has progressReportEveryNSteps=25","duration":0.15780000000000882,"failureMessages":[],"meta":{},"tags":[]},{"ancestorTitles":["Desktop Agent Types & Config"],"fullName":"Desktop Agent Types & Config CU-120: DEFAULT_CONFIG has autoRecoverFromDialogs=true","status":"passed","title":"CU-120: DEFAULT_CONFIG has autoRecoverFromDialogs=true","duration":0.3125,"failureMessages":[],"meta":{},"tags":[]},{"ancestorTitles":["Key Mapping & Constants"],"fullName":"Key Mapping & Constants CU-121: SEND_KEYS_MAP maps enter to {ENTER}","status":"passed","title":"CU-121: SEND_KEYS_MAP maps enter to {ENTER}","duration":0.3129999999999882,"failureMessages":[],"meta":{},"tags":[]},{"ancestorTitles":["Key Mapping & Constants"],"fullName":"Key Mapping & Constants CU-122: SEND_KEYS_MAP maps tab to {TAB}","status":"passed","title":"CU-122: SEND_KEYS_MAP maps tab to {TAB}","duration":0.5009999999999764,"failureMessages":[],"meta":{},"tags":[]},{"ancestorTitles":["Key Mapping & Constants"],"fullName":"Key Mapping & Constants CU-123: SEND_KEYS_MAP maps escape/esc to {ESC}","status":"passed","title":"CU-123: SEND_KEYS_MAP maps escape/esc to {ESC}","duration":0.3469000000000051,"failureMessages":[],"meta":{},"tags":[]},{"ancestorTitles":["Key Mapping & Constants"],"fullName":"Key Mapping & Constants CU-124: SEND_KEYS_MAP maps ctrl+c to ^c","status":"passed","title":"CU-124: SEND_KEYS_MAP maps ctrl+c to ^c","duration":0.2277000000000271,"failureMessages":[],"meta":{},"tags":[]},{"ancestorTitles":["Key Mapping & Constants"],"fullName":"Key Mapping & Constants CU-125: SEND_KEYS_MAP maps ctrl+v to ^v","status":"passed","title":"CU-125: SEND_KEYS_MAP maps ctrl+v to ^v","duration":0.16469999999998208,"failureMessages":[],"meta":{},"tags":[]},{"ancestorTitles":["Key Mapping & Constants"],"fullName":"Key Mapping & Constants CU-126: SEND_KEYS_MAP maps alt+f4 to %{F4}","status":"passed","title":"CU-126: SEND_KEYS_MAP maps alt+f4 to %{F4}","duration":0.16620000000000346,"failureMessages":[],"meta":{},"tags":[]},{"ancestorTitles":["Key Mapping & Constants"],"fullName":"Key Mapping & Constants CU-127: SEND_KEYS_MAP maps F1-F12 function keys","status":"passed","title":"CU-127: SEND_KEYS_MAP maps F1-F12 function keys","duration":0.3845999999999776,"failureMessages":[],"meta":{},"tags":[]},{"ancestorTitles":["Key Mapping & Constants"],"fullName":"Key Mapping & Constants CU-128: PINVOKE_HEADER contains user32.dll imports","status":"passed","title":"CU-128: PINVOKE_HEADER contains user32.dll imports","duration":0.351600000000019,"failureMessages":[],"meta":{},"tags":[]},{"ancestorTitles":["Key Mapping & Constants"],"fullName":"Key Mapping & Constants CU-129: mouse event flags have correct values","status":"passed","title":"CU-129: mouse event flags have correct values","duration":0.3564000000000078,"failureMessages":[],"meta":{},"tags":[]},{"ancestorTitles":["Key Mapping & Constants"],"fullName":"Key Mapping & Constants CU-130: SEND_KEYS_MAP maps arrow keys","status":"passed","title":"CU-130: SEND_KEYS_MAP maps arrow keys","duration":0.21300000000002228,"failureMessages":[],"meta":{},"tags":[]},{"ancestorTitles":["Config Persistence"],"fullName":"Config Persistence CU-131: loadConfig returns DEFAULT_CONFIG when no file","status":"passed","title":"CU-131: loadConfig returns DEFAULT_CONFIG when no file","duration":0.5707000000000448,"failureMessages":[],"meta":{},"tags":[]},{"ancestorTitles":["Config Persistence"],"fullName":"Config Persistence CU-132: loadConfig merges saved config with defaults","status":"passed","title":"CU-132: loadConfig merges saved config with defaults","duration":0.3728999999999587,"failureMessages":[],"meta":{},"tags":[]},{"ancestorTitles":["Config Persistence"],"fullName":"Config Persistence CU-133: loadConfig returns defaults on JSON parse error","status":"passed","title":"CU-133: loadConfig returns defaults on JSON parse error","duration":0.30429999999995516,"failureMessages":[],"meta":{},"tags":[]},{"ancestorTitles":["Config Persistence"],"fullName":"Config Persistence CU-134: saveConfig writes JSON to file","status":"passed","title":"CU-134: saveConfig writes JSON to file","duration":0.647199999999998,"failureMessages":[],"meta":{},"tags":[]},{"ancestorTitles":["Config Persistence"],"fullName":"Config Persistence CU-135: saveConfig does not throw on write error","status":"passed","title":"CU-135: saveConfig does not throw on write error","duration":2.2450999999999794,"failureMessages":[],"meta":{},"tags":[]},{"ancestorTitles":["DesktopAgentService"],"fullName":"DesktopAgentService CU-136: getConfig returns copy of config","status":"passed","title":"CU-136: getConfig returns copy of config","duration":93.6705,"failureMessages":[],"meta":{},"tags":[]},{"ancestorTitles":["DesktopAgentService"],"fullName":"DesktopAgentService CU-137: setConfig merges partial updates","status":"passed","title":"CU-137: setConfig merges partial updates","duration":0.9741999999999962,"failureMessages":[],"meta":{},"tags":[]},{"ancestorTitles":["DesktopAgentService"],"fullName":"DesktopAgentService CU-138: setConfig emits config-updated event","status":"passed","title":"CU-138: setConfig emits config-updated event","duration":3.584100000000035,"failureMessages":[],"meta":{},"tags":[]},{"ancestorTitles":["DesktopAgentService"],"fullName":"DesktopAgentService CU-139: setApiKey clears cached genAI","status":"passed","title":"CU-139: setApiKey clears cached genAI","duration":0.786200000000008,"failureMessages":[],"meta":{},"tags":[]},{"ancestorTitles":["DesktopAgentService"],"fullName":"DesktopAgentService CU-140: getStatus returns DesktopAgentStatus shape","status":"passed","title":"CU-140: getStatus returns DesktopAgentStatus shape","duration":1.251800000000003,"failureMessages":[],"meta":{},"tags":[]},{"ancestorTitles":["DesktopAgentService"],"fullName":"DesktopAgentService CU-141: getStatus returns idle when no task running","status":"passed","title":"CU-141: getStatus returns idle when no task running","duration":0.7628999999999451,"failureMessages":[],"meta":{},"tags":[]},{"ancestorTitles":["DesktopAgentService"],"fullName":"DesktopAgentService CU-142: getActiveTasks returns empty array initially","status":"passed","title":"CU-142: getActiveTasks returns empty array initially","duration":1.7534999999999172,"failureMessages":[],"meta":{},"tags":[]},{"ancestorTitles":["DesktopAgentService"],"fullName":"DesktopAgentService CU-143: service extends EventEmitter","status":"passed","title":"CU-143: service extends EventEmitter","duration":1.2282999999999902,"failureMessages":[],"meta":{},"tags":[]},{"ancestorTitles":["Desktop Agent Handlers Registration"],"fullName":"Desktop Agent Handlers Registration CU-144: registers all expected desktop-agent IPC channels","status":"passed","title":"CU-144: registers all expected desktop-agent IPC channels","duration":15.134399999999914,"failureMessages":[],"meta":{},"tags":[]},{"ancestorTitles":["Desktop Agent Handlers Registration"],"fullName":"Desktop Agent Handlers Registration CU-145: execute-task handler calls service.executeTask","status":"passed","title":"CU-145: execute-task handler calls service.executeTask","duration":1.2151000000000067,"failureMessages":[],"meta":{},"tags":[]},{"ancestorTitles":["Desktop Agent Handlers Registration"],"fullName":"Desktop Agent Handlers Registration CU-146: execute-task handler returns error on failure","status":"passed","title":"CU-146: execute-task handler returns error on failure","duration":0.9955999999999676,"failureMessages":[],"meta":{},"tags":[]},{"ancestorTitles":["Desktop Agent Handlers Registration"],"fullName":"Desktop Agent Handlers Registration CU-147: abort handler calls abortAll","status":"passed","title":"CU-147: abort handler calls abortAll","duration":0.7943000000000211,"failureMessages":[],"meta":{},"tags":[]},{"ancestorTitles":["Desktop Agent Handlers Registration"],"fullName":"Desktop Agent Handlers Registration CU-148: click handler calls mouseClick with coordinates","status":"passed","title":"CU-148: click handler calls mouseClick with coordinates","duration":1.0471000000000004,"failureMessages":[],"meta":{},"tags":[]},{"ancestorTitles":["Desktop Agent Handlers Registration"],"fullName":"Desktop Agent Handlers Registration CU-149: set-config handler calls setConfig and returns updated config","status":"passed","title":"CU-149: set-config handler calls setConfig and returns updated config","duration":3.0896000000000186,"failureMessages":[],"meta":{},"tags":[]},{"ancestorTitles":["Desktop Agent Handlers Registration"],"fullName":"Desktop Agent Handlers Registration CU-150: take-screenshot handler returns base64 data","status":"passed","title":"CU-150: take-screenshot handler returns base64 data","duration":1.4025000000000318,"failureMessages":[],"meta":{},"tags":[]}],"startTime":1774130231190,"endTime":1774130231333.4026,"status":"passed","message":"","name":"C:/Users/fysg5/OneDrive/Escritorio/Pulse Hub/SofLIA - Hub/SofLIA-HUB/electron/__tests__/desktop-agent-service.test.ts"},{"assertionResults":[{"ancestorTitles":["DriveService"],"fullName":"DriveService DRV-001: listFiles returns files matching query","status":"passed","title":"DRV-001: listFiles returns files matching query","duration":5.001999999999953,"failureMessages":[],"meta":{},"tags":[]},{"ancestorTitles":["DriveService"],"fullName":"DriveService DRV-002: searchFiles falls through 3 strategies when strict match returns empty","status":"passed","title":"DRV-002: searchFiles falls through 3 strategies when strict match returns empty","duration":1.5195999999999685,"failureMessages":[],"meta":{},"tags":[]},{"ancestorTitles":["DriveService"],"fullName":"DriveService DRV-003: uploadFile creates file in Drive and returns metadata","status":"passed","title":"DRV-003: uploadFile creates file in Drive and returns metadata","duration":2.9465000000000146,"failureMessages":[],"meta":{},"tags":[]},{"ancestorTitles":["DriveService"],"fullName":"DriveService DRV-004: downloadFile exports Google Docs as text/plain","status":"passed","title":"DRV-004: downloadFile exports Google Docs as text/plain","duration":23.511999999999944,"failureMessages":[],"meta":{},"tags":[]},{"ancestorTitles":["DriveService"],"fullName":"DriveService DRV-005: downloadFile exports Google Sheets as CSV","status":"passed","title":"DRV-005: downloadFile exports Google Sheets as CSV","duration":10.919899999999984,"failureMessages":[],"meta":{},"tags":[]},{"ancestorTitles":["DriveService"],"fullName":"DriveService DRV-006: downloadFile truncates text content exceeding 50KB","status":"passed","title":"DRV-006: downloadFile truncates text content exceeding 50KB","duration":17.970300000000066,"failureMessages":[],"meta":{},"tags":[]},{"ancestorTitles":["DriveService"],"fullName":"DriveService DRV-007: createFolder creates folder with correct parent","status":"passed","title":"DRV-007: createFolder creates folder with correct parent","duration":1.2266000000000759,"failureMessages":[],"meta":{},"tags":[]},{"ancestorTitles":["DriveService"],"fullName":"DriveService DRV-008: deleteFile removes file from Drive","status":"passed","title":"DRV-008: deleteFile removes file from Drive","duration":1.2685000000000173,"failureMessages":[],"meta":{},"tags":[]}],"startTime":1774130233248,"endTime":1774130233313.2686,"status":"passed","message":"","name":"C:/Users/fysg5/OneDrive/Escritorio/Pulse Hub/SofLIA - Hub/SofLIA-HUB/electron/__tests__/drive-service.test.ts"},{"assertionResults":[{"ancestorTitles":["GChatService"],"fullName":"GChatService GCH-001: listSpaces returns all chat spaces with metadata","status":"passed","title":"GCH-001: listSpaces returns all chat spaces with metadata","duration":4.604300000000023,"failureMessages":[],"meta":{},"tags":[]},{"ancestorTitles":["GChatService"],"fullName":"GChatService GCH-002: sendMessage sends text to space with optional thread","status":"passed","title":"GCH-002: sendMessage sends text to space with optional thread","duration":3.4764999999999873,"failureMessages":[],"meta":{},"tags":[]},{"ancestorTitles":["GChatService"],"fullName":"GChatService GCH-003: getMessages returns paginated messages from a space","status":"passed","title":"GCH-003: getMessages returns paginated messages from a space","duration":2.11220000000003,"failureMessages":[],"meta":{},"tags":[]},{"ancestorTitles":["GChatService"],"fullName":"GChatService GCH-004: addReaction sends unicode emoji reaction to message","status":"passed","title":"GCH-004: addReaction sends unicode emoji reaction to message","duration":1.4539000000000328,"failureMessages":[],"meta":{},"tags":[]},{"ancestorTitles":["GChatService"],"fullName":"GChatService GCH-005: getMembers returns space members with email when available","status":"passed","title":"GCH-005: getMembers returns space members with email when available","duration":1.2302999999999997,"failureMessages":[],"meta":{},"tags":[]}],"startTime":1774130234988,"endTime":1774130235001.2302,"status":"passed","message":"","name":"C:/Users/fysg5/OneDrive/Escritorio/Pulse Hub/SofLIA - Hub/SofLIA-HUB/electron/__tests__/gchat-service.test.ts"},{"assertionResults":[{"ancestorTitles":["GmailService"],"fullName":"GmailService GML-001: sendEmail builds MIME message and sends via Gmail API","status":"passed","title":"GML-001: sendEmail builds MIME message and sends via Gmail API","duration":6.058100000000081,"failureMessages":[],"meta":{},"tags":[]},{"ancestorTitles":["GmailService"],"fullName":"GmailService GML-002: sendEmail rejects email with invalid format","status":"passed","title":"GML-002: sendEmail rejects email with invalid format","duration":2.1067999999999074,"failureMessages":[],"meta":{},"tags":[]},{"ancestorTitles":["GmailService"],"fullName":"GmailService GML-003: getMessages returns messages with nextPageToken","status":"passed","title":"GML-003: getMessages returns messages with nextPageToken","duration":4.991000000000099,"failureMessages":[],"meta":{},"tags":[]},{"ancestorTitles":["GmailService"],"fullName":"GmailService GML-004: trashMessage calls Gmail trash API","status":"passed","title":"GML-004: trashMessage calls Gmail trash API","duration":1.629000000000019,"failureMessages":[],"meta":{},"tags":[]},{"ancestorTitles":["GmailService"],"fullName":"GmailService GML-005: sendEmail with attachments creates multipart MIME","status":"passed","title":"GML-005: sendEmail with attachments creates multipart MIME","duration":3.3336000000000467,"failureMessages":[],"meta":{},"tags":[]},{"ancestorTitles":["GmailService"],"fullName":"GmailService GML-006: sendEmail with isHtml uses text/html content type","status":"passed","title":"GML-006: sendEmail with isHtml uses text/html content type","duration":1.384200000000078,"failureMessages":[],"meta":{},"tags":[]},{"ancestorTitles":["GmailService"],"fullName":"GmailService GML-007: sendEmail rejects emails containing newline characters","status":"passed","title":"GML-007: sendEmail rejects emails containing newline characters","duration":0.8586999999999989,"failureMessages":[],"meta":{},"tags":[]},{"ancestorTitles":["GmailService"],"fullName":"GmailService GML-008: getLabels returns list of Gmail labels","status":"passed","title":"GML-008: getLabels returns list of Gmail labels","duration":0.9478000000000293,"failureMessages":[],"meta":{},"tags":[]},{"ancestorTitles":["GmailService"],"fullName":"GmailService GML-009: getMessages returns error when Google auth is null","status":"passed","title":"GML-009: getMessages returns error when Google auth is null","duration":0.4538000000000011,"failureMessages":[],"meta":{},"tags":[]},{"ancestorTitles":["GmailService"],"fullName":"GmailService GML-010: sendEmail includes CC and BCC headers","status":"passed","title":"GML-010: sendEmail includes CC and BCC headers","duration":0.9171000000000049,"failureMessages":[],"meta":{},"tags":[]}],"startTime":1774130233969,"endTime":1774130233991.917,"status":"passed","message":"","name":"C:/Users/fysg5/OneDrive/Escritorio/Pulse Hub/SofLIA - Hub/SofLIA-HUB/electron/__tests__/gmail-service.test.ts"},{"assertionResults":[{"ancestorTitles":["IPC Handler Contract"],"fullName":"IPC Handler Contract INT-001: IPC handler returns success shape on valid call","status":"passed","title":"INT-001: IPC handler returns success shape on valid call","duration":4.63980000000015,"failureMessages":[],"meta":{},"tags":[]},{"ancestorTitles":["IPC Handler Contract"],"fullName":"IPC Handler Contract INT-002: IPC handler returns error shape on exception","status":"passed","title":"INT-002: IPC handler returns error shape on exception","duration":0.6268000000000029,"failureMessages":[],"meta":{},"tags":[]},{"ancestorTitles":["E2E Flow Simulation"],"fullName":"E2E Flow Simulation INT-003: simulates a complete message send/receive round-trip","status":"passed","title":"INT-003: simulates a complete message send/receive round-trip","duration":1.287900000000036,"failureMessages":[],"meta":{},"tags":[]},{"ancestorTitles":["E2E Flow Simulation"],"fullName":"E2E Flow Simulation INT-004: complete conversation lifecycle simulation","status":"passed","title":"INT-004: complete conversation lifecycle simulation","duration":0.7095999999999094,"failureMessages":[],"meta":{},"tags":[]},{"ancestorTitles":["Init Order and Service Failure Resilience"],"fullName":"Init Order and Service Failure Resilience INT-006: service initialization follows dependency order","status":"passed","title":"INT-006: service initialization follows dependency order","duration":0.9514999999998963,"failureMessages":[],"meta":{},"tags":[]},{"ancestorTitles":["Init Order and Service Failure Resilience"],"fullName":"Init Order and Service Failure Resilience INT-007: service failure is isolated and does not propagate","status":"passed","title":"INT-007: service failure is isolated and does not propagate","duration":1.5880999999999403,"failureMessages":[],"meta":{},"tags":[]},{"ancestorTitles":["Gemini Fallback"],"fullName":"Gemini Fallback INT-009: retries with fallback model on 503 error","status":"passed","title":"INT-009: retries with fallback model on 503 error","duration":0.7118000000000393,"failureMessages":[],"meta":{},"tags":[]},{"ancestorTitles":["Edge Cases"],"fullName":"Edge Cases EDGE-001: empty database returns empty arrays, not null","status":"passed","title":"EDGE-001: empty database returns empty arrays, not null","duration":0.4833000000000993,"failureMessages":[],"meta":{},"tags":[]},{"ancestorTitles":["Edge Cases"],"fullName":"Edge Cases EDGE-002: reconnection state tracks attempt count","status":"passed","title":"EDGE-002: reconnection state tracks attempt count","duration":0.6385000000000218,"failureMessages":[],"meta":{},"tags":[]},{"ancestorTitles":["Edge Cases"],"fullName":"Edge Cases EDGE-003: handles sharp module not available gracefully","status":"passed","title":"EDGE-003: handles sharp module not available gracefully","duration":95.57179999999994,"failureMessages":[],"meta":{},"tags":[]},{"ancestorTitles":["Edge Cases"],"fullName":"Edge Cases EDGE-004: empty screenshot data returns safe default","status":"passed","title":"EDGE-004: empty screenshot data returns safe default","duration":0.3283000000001266,"failureMessages":[],"meta":{},"tags":[]},{"ancestorTitles":["Edge Cases"],"fullName":"Edge Cases EDGE-005: expired OAuth token triggers refresh flow","status":"passed","title":"EDGE-005: expired OAuth token triggers refresh flow","duration":0.2357999999999265,"failureMessages":[],"meta":{},"tags":[]},{"ancestorTitles":["Edge Cases"],"fullName":"Edge Cases EDGE-006: concurrent writes are serialized via promise chain","status":"passed","title":"EDGE-006: concurrent writes are serialized via promise chain","duration":56.86400000000003,"failureMessages":[],"meta":{},"tags":[]},{"ancestorTitles":["Edge Cases"],"fullName":"Edge Cases EDGE-007: handles 429 rate limit with backoff","status":"passed","title":"EDGE-007: handles 429 rate limit with backoff","duration":0.28700000000003456,"failureMessages":[],"meta":{},"tags":[]},{"ancestorTitles":["Edge Cases"],"fullName":"Edge Cases EDGE-008: dynamic tool schema without handler is reported","status":"passed","title":"EDGE-008: dynamic tool schema without handler is reported","duration":0.26759999999990214,"failureMessages":[],"meta":{},"tags":[]},{"ancestorTitles":["Edge Cases"],"fullName":"Edge Cases EDGE-009: error messages are in Spanish","status":"passed","title":"EDGE-009: error messages are in Spanish","duration":3.5768000000000484,"failureMessages":[],"meta":{},"tags":[]},{"ancestorTitles":["Edge Cases"],"fullName":"Edge Cases EDGE-010: deeply nested payloads are handled without stack overflow","status":"passed","title":"EDGE-010: deeply nested payloads are handled without stack overflow","duration":0.7027000000000498,"failureMessages":[],"meta":{},"tags":[]},{"ancestorTitles":["Edge Cases"],"fullName":"Edge Cases EDGE-011: empty command string returns error","status":"passed","title":"EDGE-011: empty command string returns error","duration":0.2257999999999356,"failureMessages":[],"meta":{},"tags":[]},{"ancestorTitles":["Edge Cases"],"fullName":"Edge Cases EDGE-012: unicode arguments are preserved","status":"passed","title":"EDGE-012: unicode arguments are preserved","duration":0.21299999999996544,"failureMessages":[],"meta":{},"tags":[]},{"ancestorTitles":["Edge Cases"],"fullName":"Edge Cases EDGE-013: very long response is handled without truncation","status":"passed","title":"EDGE-013: very long response is handled without truncation","duration":0.17830000000003565,"failureMessages":[],"meta":{},"tags":[]},{"ancestorTitles":["Edge Cases"],"fullName":"Edge Cases EDGE-014: concurrent tasks get unique IDs","status":"passed","title":"EDGE-014: concurrent tasks get unique IDs","duration":0.42879999999991014,"failureMessages":[],"meta":{},"tags":[]},{"ancestorTitles":["Edge Cases"],"fullName":"Edge Cases EDGE-015: message with no text but has media is still valid","status":"passed","title":"EDGE-015: message with no text but has media is still valid","duration":0.2034000000001015,"failureMessages":[],"meta":{},"tags":[]},{"ancestorTitles":["Edge Cases"],"fullName":"Edge Cases EDGE-016: all-day event has no specific time","status":"passed","title":"EDGE-016: all-day event has no specific time","duration":0.15709999999990032,"failureMessages":[],"meta":{},"tags":[]},{"ancestorTitles":["Edge Cases"],"fullName":"Edge Cases EDGE-017: email MIME boundary is properly generated","status":"passed","title":"EDGE-017: email MIME boundary is properly generated","duration":0.28119999999989886,"failureMessages":[],"meta":{},"tags":[]},{"ancestorTitles":["Edge Cases"],"fullName":"Edge Cases EDGE-018: zero-byte file upload returns appropriate error","status":"passed","title":"EDGE-018: zero-byte file upload returns appropriate error","duration":0.20880000000011023,"failureMessages":[],"meta":{},"tags":[]},{"ancestorTitles":["Edge Cases"],"fullName":"Edge Cases EDGE-019: empty group chat returns no participants","status":"passed","title":"EDGE-019: empty group chat returns no participants","duration":0.6723999999999251,"failureMessages":[],"meta":{},"tags":[]},{"ancestorTitles":["Edge Cases"],"fullName":"Edge Cases EDGE-020: unknown action type returns descriptive error","status":"passed","title":"EDGE-020: unknown action type returns descriptive error","duration":0.310399999999845,"failureMessages":[],"meta":{},"tags":[]},{"ancestorTitles":["Additional Integration Tests"],"fullName":"Additional Integration Tests INT-005: IPC channels follow namespace:action pattern","status":"passed","title":"INT-005: IPC channels follow namespace:action pattern","duration":0.3281000000001768,"failureMessages":[],"meta":{},"tags":[]},{"ancestorTitles":["Additional Integration Tests"],"fullName":"Additional Integration Tests INT-008: memory layers cascade from L1 to L4","status":"passed","title":"INT-008: memory layers cascade from L1 to L4","duration":0.23240000000009786,"failureMessages":[],"meta":{},"tags":[]},{"ancestorTitles":["EDGE — Security and Validation"],"fullName":"EDGE — Security and Validation EDGE-SEC-001: dangerous tools are blocked in group chats","status":"passed","title":"EDGE-SEC-001: dangerous tools are blocked in group chats","duration":0.1880999999998494,"failureMessages":[],"meta":{},"tags":[]},{"ancestorTitles":["EDGE — Security and Validation"],"fullName":"EDGE — Security and Validation EDGE-SEC-002: payload sanitization strips dangerous keys","status":"passed","title":"EDGE-SEC-002: payload sanitization strips dangerous keys","duration":0.360700000000179,"failureMessages":[],"meta":{},"tags":[]},{"ancestorTitles":["EDGE — Security and Validation"],"fullName":"EDGE — Security and Validation EDGE-SEC-003: CSP policy blocks inline scripts","status":"passed","title":"EDGE-SEC-003: CSP policy blocks inline scripts","duration":0.1449999999999818,"failureMessages":[],"meta":{},"tags":[]},{"ancestorTitles":["EDGE — Data Integrity"],"fullName":"EDGE — Data Integrity EDGE-DATA-001: duplicate messages are deduplicated by ID","status":"passed","title":"EDGE-DATA-001: duplicate messages are deduplicated by ID","duration":0.2675000000001546,"failureMessages":[],"meta":{},"tags":[]},{"ancestorTitles":["EDGE — Data Integrity"],"fullName":"EDGE — Data Integrity EDGE-DATA-002: conversations are capped at MAX_CONVERSATIONS","status":"passed","title":"EDGE-DATA-002: conversations are capped at MAX_CONVERSATIONS","duration":5.89890000000014,"failureMessages":[],"meta":{},"tags":[]},{"ancestorTitles":["EDGE — Data Integrity"],"fullName":"EDGE — Data Integrity EDGE-DATA-003: Jaccard similarity detects near-duplicates","status":"passed","title":"EDGE-DATA-003: Jaccard similarity detects near-duplicates","duration":0.5601000000001477,"failureMessages":[],"meta":{},"tags":[]}],"startTime":1774130230418,"endTime":1774130230599.56,"status":"passed","message":"","name":"C:/Users/fysg5/OneDrive/Escritorio/Pulse Hub/SofLIA - Hub/SofLIA-HUB/electron/__tests__/integration-edge.test.ts"},{"assertionResults":[{"ancestorTitles":["MCPManager","MCP-001: Creación automática de directorio"],"fullName":"MCPManager MCP-001: Creación automática de directorio debe crear el directorio con recursive:true si no existe al inicializar","status":"passed","title":"debe crear el directorio con recursive:true si no existe al inicializar","duration":8.943699999999922,"failureMessages":[],"meta":{},"tags":[]},{"ancestorTitles":["MCPManager","MCP-002: Descubrimiento de archivos .json"],"fullName":"MCPManager MCP-002: Descubrimiento de archivos .json debe cargar herramientas válidas desde archivos .json","status":"passed","title":"debe cargar herramientas válidas desde archivos .json","duration":1.814200000000028,"failureMessages":[],"meta":{},"tags":[]},{"ancestorTitles":["MCPManager","MCP-003: Descubrimiento de módulos .ts/.js"],"fullName":"MCPManager MCP-003: Descubrimiento de módulos .ts/.js debe intentar importar archivos .ts y .js sin lanzar error","status":"passed","title":"debe intentar importar archivos .ts y .js sin lanzar error","duration":10.15039999999999,"failureMessages":[],"meta":{},"tags":[]},{"ancestorTitles":["MCPManager","MCP-004: Esquema inválido se omite con advertencia"],"fullName":"MCPManager MCP-004: Esquema inválido se omite con advertencia debe rechazar archivos con esquema incompleto y emitir warn","status":"passed","title":"debe rechazar archivos con esquema incompleto y emitir warn","duration":2.1858000000000857,"failureMessages":[],"meta":{},"tags":[]},{"ancestorTitles":["MCPManager","MCP-005: Herramienta duplicada se omite (gana la primera)"],"fullName":"MCPManager MCP-005: Herramienta duplicada se omite (gana la primera) debe registrar solo la primera herramienta y loguear la omisión","status":"passed","title":"debe registrar solo la primera herramienta y loguear la omisión","duration":17.580600000000004,"failureMessages":[],"meta":{},"tags":[]},{"ancestorTitles":["MCPManager","MCP-006: getTool devuelve herramienta por nombre"],"fullName":"MCPManager MCP-006: getTool devuelve herramienta por nombre debe devolver la herramienta correcta al buscar por nombre","status":"passed","title":"debe devolver la herramienta correcta al buscar por nombre","duration":1.1788999999999987,"failureMessages":[],"meta":{},"tags":[]},{"ancestorTitles":["MCPManager","MCP-007: getTool devuelve undefined para nombre desconocido"],"fullName":"MCPManager MCP-007: getTool devuelve undefined para nombre desconocido debe devolver undefined cuando la herramienta no está registrada","status":"passed","title":"debe devolver undefined cuando la herramienta no está registrada","duration":1.1117000000000417,"failureMessages":[],"meta":{},"tags":[]},{"ancestorTitles":["MCPManager","MCP-008: getTools devuelve todas las herramientas"],"fullName":"MCPManager MCP-008: getTools devuelve todas las herramientas debe devolver un arreglo con todas las herramientas registradas","status":"passed","title":"debe devolver un arreglo con todas las herramientas registradas","duration":1.629099999999994,"failureMessages":[],"meta":{},"tags":[]},{"ancestorTitles":["MCPManager","MCP-009: executeTool invoca el handler"],"fullName":"MCPManager MCP-009: executeTool invoca el handler debe ejecutar el handler y devolver su resultado","status":"passed","title":"debe ejecutar el handler y devolver su resultado","duration":1.2362000000000535,"failureMessages":[],"meta":{},"tags":[]},{"ancestorTitles":["MCPManager","MCP-010: executeTool sin handler lanza error"],"fullName":"MCPManager MCP-010: executeTool sin handler lanza error debe lanzar error si la herramienta no tiene handler ejecutable","status":"passed","title":"debe lanzar error si la herramienta no tiene handler ejecutable","duration":2.249200000000087,"failureMessages":[],"meta":{},"tags":[]},{"ancestorTitles":["MCPManager","MCP-011: destroy cierra los watchers"],"fullName":"MCPManager MCP-011: destroy cierra los watchers debe cerrar todos los watchers y remover listeners al destruir","status":"passed","title":"debe cerrar todos los watchers y remover listeners al destruir","duration":1.5377000000000862,"failureMessages":[],"meta":{},"tags":[]},{"ancestorTitles":["MCPManager","MCP-012: Cache busting en imports dinámicos usa ?t=timestamp"],"fullName":"MCPManager MCP-012: Cache busting en imports dinámicos usa ?t=timestamp debe construir la URL del módulo con parámetro ?t=timestamp","status":"passed","title":"debe construir la URL del módulo con parámetro ?t=timestamp","duration":4.040300000000002,"failureMessages":[],"meta":{},"tags":[]}],"startTime":1774130233048,"endTime":1774130233103.0403,"status":"passed","message":"","name":"C:/Users/fysg5/OneDrive/Escritorio/Pulse Hub/SofLIA - Hub/SofLIA-HUB/electron/__tests__/mcp-manager.test.ts"},{"assertionResults":[{"ancestorTitles":["MemoryService"],"fullName":"MemoryService MEM-001: init() creates all 4 required tables","status":"passed","title":"MEM-001: init() creates all 4 required tables","duration":13.006899999999973,"failureMessages":[],"meta":{},"tags":[]},{"ancestorTitles":["MemoryService"],"fullName":"MemoryService MEM-002: saveMessage inserts a row into messages table","status":"passed","title":"MEM-002: saveMessage inserts a row into messages table","duration":5.3729999999999905,"failureMessages":[],"meta":{},"tags":[]},{"ancestorTitles":["MemoryService"],"fullName":"MemoryService MEM-003: getRecentMessages returns messages in chronological order (oldest first)","status":"passed","title":"MEM-003: getRecentMessages returns messages in chronological order (oldest first)","duration":1.870900000000006,"failureMessages":[],"meta":{},"tags":[]},{"ancestorTitles":["MemoryService"],"fullName":"MemoryService MEM-004: summarization threshold is 15 messages","status":"passed","title":"MEM-004: summarization threshold is 15 messages","duration":1.9530000000000314,"failureMessages":[],"meta":{},"tags":[]},{"ancestorTitles":["MemoryService"],"fullName":"MemoryService MEM-005: memory_chunks table stores embedding as JSON text","status":"passed","title":"MEM-005: memory_chunks table stores embedding as JSON text","duration":1.830600000000004,"failureMessages":[],"meta":{},"tags":[]},{"ancestorTitles":["MemoryService"],"fullName":"MemoryService MEM-006: facts CRUD: insert, read, update (upsert), delete","status":"passed","title":"MEM-006: facts CRUD: insert, read, update (upsert), delete","duration":5.615400000000022,"failureMessages":[],"meta":{},"tags":[]},{"ancestorTitles":["MemoryService"],"fullName":"MemoryService MEM-007: all 4 layers can be queried independently from same DB","status":"passed","title":"MEM-007: all 4 layers can be queried independently from same DB","duration":1.8553999999999746,"failureMessages":[],"meta":{},"tags":[]},{"ancestorTitles":["MemoryService"],"fullName":"MemoryService MEM-008: semantic search filters results below MIN_SCORE (0.30)","status":"passed","title":"MEM-008: semantic search filters results below MIN_SCORE (0.30)","duration":1.611500000000035,"failureMessages":[],"meta":{},"tags":[]},{"ancestorTitles":["MemoryService"],"fullName":"MemoryService MEM-009: truncateToTokens respects token budget","status":"passed","title":"MEM-009: truncateToTokens respects token budget","duration":1.2946999999999775,"failureMessages":[],"meta":{},"tags":[]},{"ancestorTitles":["MemoryService"],"fullName":"MemoryService MEM-010: compactOldData deletes data older than cutoff","status":"passed","title":"MEM-010: compactOldData deletes data older than cutoff","duration":4.0289000000000215,"failureMessages":[],"meta":{},"tags":[]},{"ancestorTitles":["MemoryService"],"fullName":"MemoryService MEM-011: session key scoped queries isolate different sessions","status":"passed","title":"MEM-011: session key scoped queries isolate different sessions","duration":1.8371999999999957,"failureMessages":[],"meta":{},"tags":[]},{"ancestorTitles":["MemoryService"],"fullName":"MemoryService MEM-012: safeStorage token save, get, and delete work correctly","status":"passed","title":"MEM-012: safeStorage token save, get, and delete work correctly","duration":7.092100000000016,"failureMessages":[],"meta":{},"tags":[]},{"ancestorTitles":["MemoryService"],"fullName":"MemoryService MEM-013: formatContextForPrompt builds sections from context data","status":"passed","title":"ME
[...]
],"meta":{},"tags":[]}],"startTime":1774130233308,"endTime":1774130233356.6943,"status":"passed","message":"","name":"C:/Users/fysg5/OneDrive/Escritorio/Pulse Hub/SofLIA - Hub/SofLIA-HUB/electron/__tests__/whatsapp-tools.test.ts"},{"assertionResults":[{"ancestorTitles":["PresentacionWorkflow"],"fullName":"PresentacionWorkflow WA-151: el workflow inicia en estado AWAITING_DATA","status":"passed","title":"WA-151: el workflow inicia en estado AWAITING_DATA","duration":7.463199999999972,"failureMessages":[],"meta":{},"tags":[]},{"ancestorTitles":["PresentacionWorkflow"],"fullName":"PresentacionWorkflow WA-152: transiciona a PROCESSING_PROPOSAL cuando se extraen empresa y correo","status":"passed","title":"WA-152: transiciona a PROCESSING_PROPOSAL cuando se extraen empresa y correo","duration":1.481999999999971,"failureMessages":[],"meta":{},"tags":[]},{"ancestorTitles":["PresentacionWorkflow"],"fullName":"PresentacionWorkflow WA-153: transiciona a AWAITING_APPROVAL despues de generar la propuesta","status":"passed","title":"WA-153: transiciona a AWAITING_APPROVAL despues de generar la propuesta","duration":63.80160000000001,"failureMessages":[],"meta":{},"tags":[]},{"ancestorTitles":["PresentacionWorkflow"],"fullName":"PresentacionWorkflow WA-154: aprobacion HITL con \"si\" transiciona a GENERATING_PRESENTATION","status":"passed","title":"WA-154: aprobacion HITL con \"si\" transiciona a GENERATING_PRESENTATION","duration":1.0305999999999926,"failureMessages":[],"meta":{},"tags":[]},{"ancestorTitles":["PresentacionWorkflow"],"fullName":"PresentacionWorkflow WA-155: rechazo HITL con \"cancelar\" finaliza el workflow","status":"passed","title":"WA-155: rechazo HITL con \"cancelar\" finaliza el workflow","duration":0.48980000000000246,"failureMessages":[],"meta":{},"tags":[]},{"ancestorTitles":["PresentacionWorkflow"],"fullName":"PresentacionWorkflow WA-156: finishPresentation transiciona al estado COMPLETED","status":"passed","title":"WA-156: finishPresentation transiciona al estado COMPLETED","duration":0.5550999999999817,"failureMessages":[],"meta":{},"tags":[]},{"ancestorTitles":["PresentacionWorkflow"],"fullName":"PresentacionWorkflow WA-157: extractData extrae el nombre de empresa del texto via Gemini","status":"passed","title":"WA-157: extractData extrae el nombre de empresa del texto via Gemini","duration":0.3125,"failureMessages":[],"meta":{},"tags":[]},{"ancestorTitles":["PresentacionWorkflow"],"fullName":"PresentacionWorkflow WA-158: extractData extrae el correo electronico del texto via Gemini","status":"passed","title":"WA-158: extractData extrae el correo electronico del texto via Gemini","duration":0.2564000000000419,"failureMessages":[],"meta":{},"tags":[]},{"ancestorTitles":["PresentacionWorkflow"],"fullName":"PresentacionWorkflow WA-159: rechaza input adicional durante GENERATING_PRESENTATION con mensaje de espera","status":"passed","title":"WA-159: rechaza input adicional durante GENERATING_PRESENTATION con mensaje de espera","duration":0.42830000000003565,"failureMessages":[],"meta":{},"tags":[]},{"ancestorTitles":["PresentacionWorkflow"],"fullName":"PresentacionWorkflow WA-160: finishPresentation invoca Gamma API cuando la clave esta disponible","status":"passed","title":"WA-160: finishPresentation invoca Gamma API cuando la clave esta disponible","duration":1.186300000000017,"failureMessages":[],"meta":{},"tags":[]},{"ancestorTitles":["WorkflowManager"],"fullName":"WorkflowManager isActive retorna false para sesion inexistente","status":"passed","title":"isActive retorna false para sesion inexistente","duration":0.3464000000000169,"failureMessages":[],"meta":{},"tags":[]},{"ancestorTitles":["WorkflowManager"],"fullName":"WorkflowManager startWorkflow crea un workflow activo","status":"passed","title":"startWorkflow crea un workflow activo","duration":0.30169999999998254,"failureMessages":[],"meta":{},"tags":[]},{"ancestorTitles":["WorkflowManager"],"fullName":"WorkflowManager endWorkflow elimina el workflow activo","status":"passed","title":"endWorkflow elimina el workflow activo","duration":0.2067000000000121,"failureMessages":[],"meta":{},"tags":[]}],"startTime":1774130231650,"endTime":1774130231729.2068,"status":"passed","message":"","name":"C:/Users/fysg5/OneDrive/Escritorio/Pulse Hub/SofLIA - Hub/SofLIA-HUB/electron/__tests__/whatsapp-workflow-presentacion.test.ts"},{"assertionResults":[{"ancestorTitles":["WorkflowEngine — Maquina de Estados"],"fullName":"WorkflowEngine — Maquina de Estados WF-001: transicion valida de AWAITING_DATA a PROCESSING_PROPOSAL","status":"passed","title":"WF-001: transicion valida de AWAITING_DATA a PROCESSING_PROPOSAL","duration":3.954900000000009,"failureMessages":[],"meta":{},"tags":[]},{"ancestorTitles":["WorkflowEngine — Maquina de Estados"],"fullName":"WorkflowEngine — Maquina de Estados WF-002: transicion invalida es rechazada con mensaje de error","status":"passed","title":"WF-002: transicion invalida es rechazada con mensaje de error","duration":0.801900000000046,"failureMessages":[],"meta":{},"tags":[]},{"ancestorTitles":["WorkflowEngine — Maquina de Estados"],"fullName":"WorkflowEngine — Maquina de Estados WF-003: transicion HITL bloqueada cuando no hay aprobacion","status":"passed","title":"WF-003: transicion HITL bloqueada cuando no hay aprobacion","duration":0.5805000000000291,"failureMessages":[],"meta":{},"tags":[]},{"ancestorTitles":["WorkflowEngine — Maquina de Estados"],"fullName":"WorkflowEngine — Maquina de Estados WF-004: transicion HITL exitosa despues de aprobacion humana","status":"passed","title":"WF-004: transicion HITL exitosa despues de aprobacion humana","duration":0.37990000000002055,"failureMessages":[],"meta":{},"tags":[]},{"ancestorTitles":["WorkflowEngine — Maquina de Estados"],"fullName":"WorkflowEngine — Maquina de Estados WF-005: clave de idempotencia previene transiciones duplicadas","status":"passed","title":"WF-005: clave de idempotencia previene transiciones duplicadas","duration":0.46469999999999345,"failureMessages":[],"meta":{},"tags":[]},{"ancestorTitles":["WorkflowEngine — Maquina de Estados"],"fullName":"WorkflowEngine — Maquina de Estados WF-006: trace_id se preserva en todas las transiciones","status":"passed","title":"WF-006: trace_id se preserva en todas las transiciones","duration":0.5016999999999712,"failureMessages":[],"meta":{},"tags":[]},{"ancestorTitles":["WorkflowEngine — Maquina de Estados"],"fullName":"WorkflowEngine — Maquina de Estados WF-007: cancel() establece el estado a CANCELLED desde cualquier punto","status":"passed","title":"WF-007: cancel() establece el estado a CANCELLED desde cualquier punto","duration":0.4083999999999719,"failureMessages":[],"meta":{},"tags":[]},{"ancestorTitles":["WorkflowEngine — Maquina de Estados"],"fullName":"WorkflowEngine — Maquina de Estados WF-008: workflow entra en TIMED_OUT al exceder el umbral","status":"passed","title":"WF-008: workflow entra en TIMED_OUT al exceder el umbral","duration":1.0405000000000086,"failureMessages":[],"meta":{},"tags":[]},{"ancestorTitles":["CRM Workflow — Operaciones con Supabase y Gemini mockeados"],"fullName":"CRM Workflow — Operaciones con Supabase y Gemini mockeados CRM-WF-001: flujo valido crea empresa y vincula contacto","status":"passed","title":"CRM-WF-001: flujo valido crea empresa y vincula contacto","duration":2.87519999999995,"failureMessages":[],"meta":{},"tags":[]},{"ancestorTitles":["CRM Workflow — Operaciones con Supabase y Gemini mockeados"],"fullName":"CRM Workflow — Operaciones con Supabase y Gemini mockeados CRM-WF-002: crear empresa duplicada es rechazado por deduplicacion Jaccard","status":"passed","title":"CRM-WF-002: crear empresa duplicada es rechazado por deduplicacion Jaccard","duration":1.9132999999999925,"failureMessages":[],"meta":{},"tags":[]},{"ancestorTitles":["CRM Workflow — Operaciones con Supabase y Gemini mockeados"],"fullName":"CRM Workflow — Operaciones con Supabase y Gemini mockeados CRM-WF-003: oportunidad requiere empresa existente (bloqueo HITL simulado)","status":"passed","title":"CRM-WF-003: oportunidad requiere empresa existente (bloqueo HITL simulado)","duration":0.35259999999999536,"failureMessages":[],"meta":{},"tags":[]},{"ancestorTitles":["CRM Workflow — Operaciones con Supabase y Gemini mockeados"],"fullName":"CRM Workflow — Operaciones con Supabase y Gemini mockeados CRM-WF-004: oportunidad se crea despues de aprobacion HITL","status":"passed","title":"CRM-WF-004: oportunidad se crea despues de aprobacion HITL","duration":0.8453000000000088,"failureMessages":[],"meta":{},"tags":[]},{"ancestorTitles":["CRM Workflow — Operaciones con Supabase y Gemini mockeados"],"fullName":"CRM Workflow — Operaciones con Supabase y Gemini mockeados CRM-WF-005: idempotencia previene creacion duplicada de oportunidad","status":"passed","title":"CRM-WF-005: idempotencia previene creacion duplicada de oportunidad","duration":0.6181000000000267,"failureMessages":[],"meta":{},"tags":[]},{"ancestorTitles":["CRM Workflow — Operaciones con Supabase y Gemini mockeados"],"fullName":"CRM Workflow — Operaciones con Supabase y Gemini mockeados CRM-WF-006: trace_id se mantiene consistente en todo el flujo CRM","status":"passed","title":"CRM-WF-006: trace_id se mantiene consistente en todo el flujo CRM","duration":0.6300999999999704,"failureMessages":[],"meta":{},"tags":[]},{"ancestorTitles":["CRM Workflow — Operaciones con Supabase y Gemini mockeados"],"fullName":"CRM Workflow — Operaciones con Supabase y Gemini mockeados CRM-WF-007: cancelar flujo CRM limpia el estado correctamente","status":"passed","title":"CRM-WF-007: cancelar flujo CRM limpia el estado correctamente","duration":0.5649999999999977,"failureMessages":[],"meta":{},"tags":[]},{"ancestorTitles":["CRM Workflow — Operaciones con Supabase y Gemini mockeados"],"fullName":"CRM Workflow — Operaciones con Supabase y Gemini mockeados CRM-WF-008: flujo CRM entra en timeout y bloquea operaciones posteriores","status":"passed","title":"CRM-WF-008: flujo CRM entra en timeout y bloquea operaciones posteriores","duration":0.8065999999999462,"failureMessages":[],"meta":{},"tags":[]}],"startTime":1774130234527,"endTime":1774130234544.8066,"status":"passed","message":"","name":"C:/Users/fysg5/OneDrive/Escritorio/Pulse Hub/SofLIA - Hub/SofLIA-HUB/electron/__tests__/workflow-engine.test.ts"},{"assertionResults":[{"ancestorTitles":["Auth component"],"fullName":"Auth component UI-001: renders login form with identifier and password inputs","status":"passed","title":"UI-001: renders login form with identifier and password inputs","duration":59.93229999999994,"failureMessages":[],"meta":{},"tags":[]},{"ancestorTitles":["Auth component"],"fullName":"Auth component UI-002: shows error message in Spanish on failed login","status":"passed","title":"UI-002: shows error message in Spanish on failed login","duration":59.64170000000013,"failureMessages":[],"meta":{},"tags":[]},{"ancestorTitles":["Auth component"],"fullName":"Auth component UI-013: submit button is disabled when fields are empty","status":"passed","title":"UI-013: submit button is disabled when fields are empty","duration":362.7231999999999,"failureMessages":[],"meta":{},"tags":[]},{"ancestorTitles":["Auth component"],"fullName":"Auth component UI-014: submit button is enabled with valid inputs","status":"passed","title":"UI-014: submit button is enabled with valid inputs","duration":78.0603000000001,"failureMessages":[],"meta":{},"tags":[]},{"ancestorTitles":["Auth component"],"fullName":"Auth component UI-015: password field has type password for security","status":"passed","title":"UI-015: password field has type password for security","duration":21.49240000000009,"failureMessages":[],"meta":{},"tags":[]}],"startTime":1774130238342,"endTime":1774130238923.4924,"status":"passed","message":"","name":"C:/Users/fysg5/OneDrive/Escritorio/Pulse Hub/SofLIA - Hub/SofLIA-HUB/src/__tests__/components/Auth.test.tsx"},{"assertionResults":[{"ancestorTitles":["Sidebar component"],"fullName":"Sidebar component UI-003: renders sidebar with user info when open","status":"passed","title":"UI-003: renders sidebar with user info when open","duration":67.90099999999984,"failureMessages":[],"meta":{},"tags":[]},{"ancestorTitles":["Sidebar component"],"fullName":"Sidebar component UI-004: renders conversation entries when provided","status":"passed","title":"UI-004: renders conversation entries when provided","duration":32.09870000000001,"failureMessages":[],"meta":{},"tags":[]},{"ancestorTitles":["Sidebar component"],"fullName":"Sidebar component UI-014: clicking a conversation triggers onSelectConversation","status":"passed","title":"UI-014: clicking a conversation triggers onSelectConversation","duration":23.608099999999922,"failureMessages":[],"meta":{},"tags":[]}],"startTime":1774130238527,"endTime":1774130238650.6082,"status":"passed","message":"","name":"C:/Users/fysg5/OneDrive/Escritorio/Pulse Hub/SofLIA - Hub/SofLIA-HUB/src/__tests__/components/Sidebar.test.tsx"},{"assertionResults":[{"ancestorTitles":["AuthContext"],"fullName":"AuthContext AUTH-001: AuthProvider initializes with loading=true","status":"passed","title":"AUTH-001: AuthProvider initializes with loading=true","duration":27.99810000000025,"failureMessages":[],"meta":{},"tags":[]},{"ancestorTitles":["AuthContext"],"fullName":"AuthContext AUTH-002: signInWithSofia sets user on success","status":"passed","title":"AUTH-002: signInWithSofia sets user on success","duration":5.99330000000009,"failureMessages":[],"meta":{},"tags":[]},{"ancestorTitles":["AuthContext"],"fullName":"AuthContext AUTH-003: signOut clears user and session","status":"passed","title":"AUTH-003: signOut clears user and session","duration":5.253299999999854,"failureMessages":[],"meta":{},"tags":[]},{"ancestorTitles":["AuthContext"],"fullName":"AuthContext AUTH-004: setCurrentOrganization updates sofiaContext","status":"passed","title":"AUTH-004: setCurrentOrganization updates sofiaContext","duration":3.0856000000003405,"failureMessages":[],"meta":{},"tags":[]},{"ancestorTitles":["AuthContext"],"fullName":"AuthContext AUTH-005: auth state change triggers session refresh","status":"passed","title":"AUTH-005: auth state change triggers session refresh","duration":6.541000000000167,"failureMessages":[],"meta":{},"tags":[]}],"startTime":1774130242217,"endTime":1774130242266.541,"status":"passed","message":"","name":"C:/Users/fysg5/OneDrive/Escritorio/Pulse Hub/SofLIA - Hub/SofLIA-HUB/src/__tests__/contexts/AuthContext.test.tsx"},{"assertionResults":[{"ancestorTitles":["chat-service"],"fullName":"chat-service RS-001: createConversation calls Supabase insert via sync","status":"passed","title":"RS-001: createConversation calls Supabase insert via sync","duration":43.78670000000011,"failureMessages":[],"meta":{},"tags":[]},{"ancestorTitles":["chat-service"],"fullName":"chat-service RS-002: loadMessages calls Supabase select with ascending order","status":"passed","title":"RS-002: loadMessages calls Supabase select with ascending order","duration":3.8209999999999127,"failureMessages":[],"meta":{},"tags":[]},{"ancestorTitles":["chat-service"],"fullName":"chat-service RS-003: createConversation returns null if userId is empty","status":"passed","title":"RS-003: createConversation returns null if userId is empty","duration":0.8440000000000509,"failureMessages":[],"meta":{},"tags":[]},{"ancestorTitles":["chat-service"],"fullName":"chat-service RS-004: loadMessages returns cached/empty on Supabase error","status":"passed","title":"RS-004: loadMessages returns cached/empty on Supabase error","duration":2.4935999999997875,"failureMessages":[],"meta":{},"tags":[]},{"ancestorTitles":["chat-service"],"fullName":"chat-service RS-005: generateTitle produces a trimmed title from messages","status":"passed","title":"RS-005: generateTitle produces a trimmed title from messages","duration":1.0104999999998654,"failureMessages":[],"meta":{},"tags":[]}],"startTime":1774130241859,"endTime":1774130241912.0105,"status":"passed","message":"","name":"C:/Users/fysg5/OneDrive/Escritorio/Pulse Hub/SofLIA - Hub/SofLIA-HUB/src/__tests__/services/chat-service.test.ts"},{"assertionResults":[{"ancestorTitles":["computer-use-service — Renderer IPC bridge"],"fullName":"computer-use-service — Renderer IPC bridge CU-148: listDirectory invokes window.computerUse.listDirectory IPC","status":"passed","title":"CU-148: listDirectory invokes window.computerUse.listDirectory IPC","duration":4.002599999999802,"failureMessages":[],"meta":{},"tags":[]},{"ancestorTitles":["computer-use-service — Renderer IPC bridge"],"fullName":"computer-use-service — Renderer IPC bridge CU-149: readFile invokes window.computerUse.readFile IPC","status":"passed","title":"CU-149: readFile invokes window.computerUse.readFile IPC","duration":0.5239000000001397,"failureMessages":[],"meta":{},"tags":[]},{"ancestorTitles":["computer-use-service — Renderer IPC bridge"],"fullName":"computer-use-service — Renderer IPC bridge CU-150: executeCommand invokes window.computerUse.executeCommand IPC","status":"passed","title":"CU-150: executeCommand invokes window.computerUse.executeCommand IPC","duration":0.507600000000366,"failureMessages":[],"meta":{},"tags":[]}],"startTime":1774130244488,"endTime":1774130244493.5076,"status":"passed","message":"","name":"C:/Users/fysg5/OneDrive/Escritorio/Pulse Hub/SofLIA - Hub/SofLIA-HUB/src/__tests__/services/computer-use-service.test.ts"},{"assertionResults":[{"ancestorTitles":["gemini-chat"],"fullName":"gemini-chat RS-003: buildGeminiHistory truncates to last 50 messages","status":"passed","title":"RS-003: buildGeminiHistory truncates to last 50 messages","duration":89.31169999999975,"failureMessages":[],"meta":{},"tags":[]},{"ancestorTitles":["gemini-chat"],"fullName":"gemini-chat RS-004: uses API key from database when available","status":"passed","title":"RS-004: uses API key from database when available","duration":3.233099999999922,"failureMessages":[],"meta":{},"tags":[]},{"ancestorTitles":["gemini-chat"],"fullName":"gemini-chat RS-005: falls back to env GOOGLE_API_KEY when DB returns null","status":"passed","title":"RS-005: falls back to env GOOGLE_API_KEY when DB returns null","duration":1.4274999999997817,"failureMessages":[],"meta":{},"tags":[]},{"ancestorTitles":["gemini-chat"],"fullName":"gemini-chat RS-009: tool declarations are passed to the model","status":"passed","title":"RS-009: tool declarations are passed to the model","duration":3.134099999999762,"failureMessages":[],"meta":{},"tags":[]},{"ancestorTitles":["gemini-chat"],"fullName":"gemini-chat RS-010: sendMessageStream handles empty history gracefully","status":"passed","title":"RS-010: sendMessageStream handles empty history gracefully","duration":6.1018999999996595,"failureMessages":[],"meta":{},"tags":[]}],"startTime":1774130238912,"endTime":1774130239015.1018,"status":"passed","message":"","name":"C:/Users/fysg5/OneDrive/Escritorio/Pulse Hub/SofLIA - Hub/SofLIA-HUB/src/__tests__/services/gemini-chat.test.ts"},{"assertionResults":[{"ancestorTitles":["iris-data"],"fullName":"iris-data RS-006: getTeams returns an array of teams","status":"passed","title":"RS-006: getTeams returns an array of teams","duration":57.77330000000029,"failureMessages":[],"meta":{},"tags":[]},{"ancestorTitles":["iris-data"],"fullName":"iris-data RS-007: getProjects returns projects filtered by team","status":"passed","title":"RS-007: getProjects returns projects filtered by team","duration":1.3243000000002212,"failureMessages":[],"meta":{},"tags":[]},{"ancestorTitles":["iris-data"],"fullName":"iris-data RS-008: getIssues returns issues for a project","status":"passed","title":"RS-008: getIssues returns issues for a project","duration":0.9203999999999724,"failureMessages":[],"meta":{},"tags":[]}],"startTime":1774130242013,"endTime":1774130242072.9204,"status":"passed","message":"","name":"C:/Users/fysg5/OneDrive/Escritorio/Pulse Hub/SofLIA - Hub/SofLIA-HUB/src/__tests__/services/iris-data.test.ts"}]}