{"numTotalTestSuites":169,"numPassedTestSuites":120,"numFailedTestSuites":49,"numPendingTestSuites":0,"numTotalTests":514,"numPassedTests":346,"numFailedTests":168,"numPendingTests":0,"numTodoTests":0,"snapshot":{"added":0,"failure":false,"filesAdded":0,"filesRemoved":0,"filesRemovedList":[],"filesUnmatched":0,"filesUpdated":0,"matched":0,"total":0,"unchecked":0,"uncheckedKeysByFile":[],"unmatched":0,"updated":0,"didUpdate":false},"startTime":1774128688620,"success":false,"testResults":[{"assertionResults":[{"ancestorTitles":["AgentTaskQueue","ATQ-001: Success on first attempt"],"fullName":"AgentTaskQueue ATQ-001: Success on first attempt should resolve with the result when the task succeeds immediately","status":"passed","title":"should resolve with the result when the task succeeds immediately","duration":7.8256999999999834,"failureMessages":[],"meta":{},"tags":[]},{"ancestorTitles":["AgentTaskQueue","ATQ-002: Retry then success"],"fullName":"AgentTaskQueue ATQ-002: Retry then success should retry on failure and succeed on second attempt","status":"passed","title":"should retry on failure and succeed on second attempt","duration":3.7672999999999774,"failureMessages":[],"meta":{},"tags":[]},{"ancestorTitles":["AgentTaskQueue","ATQ-003: All retries exhausted"],"fullName":"AgentTaskQueue ATQ-003: All retries exhausted should throw the last error after all retries are exhausted","status":"passed","title":"should throw the last error after all retries are exhausted","duration":20.799699999999973,"failureMessages":[],"meta":{},"tags":[]},{"ancestorTitles":["AgentTaskQueue","ATQ-004: Cancellation via cancelTask"],"fullName":"AgentTaskQueue ATQ-004: Cancellation via cancelTask should cancel a running task and throw cancellation error","status":"passed","title":"should cancel a running task and throw cancellation error","duration":1.7100000000000364,"failureMessages":[],"meta":{},"tags":[]},{"ancestorTitles":["AgentTaskQueue","ATQ-005: Exponential backoff timing"],"fullName":"AgentTaskQueue ATQ-005: Exponential backoff timing should use exponential backoff: baseDelay * 2^(attempt-1)","status":"passed","title":"should use exponential backoff: baseDelay * 2^(attempt-1)","duration":2.414199999999994,"failureMessages":[],"meta":{},"tags":[]},{"ancestorTitles":["AgentTaskQueue","ATQ-006: task:added event"],"fullName":"AgentTaskQueue ATQ-006: task:added event should emit task:added when a task is queued","status":"passed","title":"should emit task:added when a task is queued","duration":1.4756999999999607,"failureMessages":[],"meta":{},"tags":[]},{"ancestorTitles":["AgentTaskQueue","ATQ-007: task:running event"],"fullName":"AgentTaskQueue ATQ-007: task:running event should emit task:running when execution starts","status":"passed","title":"should emit task:running when execution starts","duration":1.355199999999968,"failureMessages":[],"meta":{},"tags":[]},{"ancestorTitles":["AgentTaskQueue","ATQ-008: task:completed event"],"fullName":"AgentTaskQueue ATQ-008: task:completed event should emit task:completed on success","status":"passed","title":"should emit task:completed on success","duration":0.7917000000000485,"failureMessages":[],"meta":{},"tags":[]},{"ancestorTitles":["AgentTaskQueue","ATQ-009: task:retrying event"],"fullName":"AgentTaskQueue ATQ-009: task:retrying event should emit task:retrying when a retry is scheduled","status":"passed","title":"should emit task:retrying when a retry is scheduled","duration":1.4420000000000073,"failureMessages":[],"meta":{},"tags":[]},{"ancestorTitles":["AgentTaskQueue","ATQ-010: task:failed event"],"fullName":"AgentTaskQueue ATQ-010: task:failed event should emit task:failed when all retries are exhausted","status":"passed","title":"should emit task:failed when all retries are exhausted","duration":5.5230999999999995,"failureMessages":[],"meta":{},"tags":[]},{"ancestorTitles":["AgentTaskQueue","ATQ-011: TaskId format"],"fullName":"AgentTaskQueue ATQ-011: TaskId format should generate taskId as taskName-timestamp-random7chars","status":"passed","title":"should generate taskId as taskName-timestamp-random7chars","duration":4.663599999999974,"failureMessages":[],"meta":{},"tags":[]},{"ancestorTitles":["AgentTaskQueue","ATQ-012: Concurrent tasks tracked independently"],"fullName":"AgentTaskQueue ATQ-012: Concurrent tasks tracked independently should track multiple active tasks simultaneously","status":"passed","title":"should track multiple active tasks simultaneously","duration":1.005800000000022,"failureMessages":[],"meta":{},"tags":[]},{"ancestorTitles":["AgentTaskQueue","ATQ-013: cancelTask with invalid id"],"fullName":"AgentTaskQueue ATQ-013: cancelTask with invalid id should return false when cancelling a non-existent task","status":"passed","title":"should return false when cancelling a non-existent task","duration":0.3961999999999648,"failureMessages":[],"meta":{},"tags":[]},{"ancestorTitles":["AgentTaskQueue","ATQ-014: handleTaskQueueTool"],"fullName":"AgentTaskQueue ATQ-014: handleTaskQueueTool should return empty message for list_active_tasks when no tasks active","status":"passed","title":"should return empty message for list_active_tasks when no tasks active","duration":0.5475000000000136,"failureMessages":[],"meta":{},"tags":[]},{"ancestorTitles":["AgentTaskQueue","ATQ-014: handleTaskQueueTool"],"fullName":"AgentTaskQueue ATQ-014: handleTaskQueueTool should return error for cancel_background_task without taskId","status":"passed","title":"should return error for cancel_background_task without taskId","duration":0.6340000000000146,"failureMessages":[],"meta":{},"tags":[]},{"ancestorTitles":["AgentTaskQueue","ATQ-014: handleTaskQueueTool"],"fullName":"AgentTaskQueue ATQ-014: handleTaskQueueTool should return success:false for cancel_background_task with unknown taskId","status":"passed","title":"should return success:false for cancel_background_task with unknown taskId","duration":0.49260000000003856,"failureMessages":[],"meta":{},"tags":[]},{"ancestorTitles":["AgentTaskQueue","ATQ-014: handleTaskQueueTool"],"fullName":"AgentTaskQueue ATQ-014: handleTaskQueueTool should throw for unknown tool name","status":"passed","title":"should throw for unknown tool name","duration":0.6219999999999573,"failureMessages":[],"meta":{},"tags":[]},{"ancestorTitles":["AgentTaskQueue","ATQ-015: TASK_QUEUE_TOOLS structure"],"fullName":"AgentTaskQueue ATQ-015: TASK_QUEUE_TOOLS structure should have exactly 2 tools with correct names and OBJECT parameters","status":"passed","title":"should have exactly 2 tools with correct names and OBJECT parameters","duration":1.1718999999999937,"failureMessages":[],"meta":{},"tags":[]},{"ancestorTitles":["AgentTaskQueue","ATQ-015: TASK_QUEUE_TOOLS structure"],"fullName":"AgentTaskQueue ATQ-015: TASK_QUEUE_TOOLS structure should export agentTaskQueue as a singleton instance","status":"passed","title":"should export agentTaskQueue as a singleton instance","duration":0.5067999999999984,"failureMessages":[],"meta":{},"tags":[]}],"startTime":1774128694047,"endTime":1774128694106.5068,"status":"passed","message":"","name":"C:/Users/fysg5/OneDrive/Escritorio/Pulse Hub/SofLIA - Hub/SofLIA-HUB/electron/__tests__/agent-task-queue.test.ts"},{"assertionResults":[{"ancestorTitles":["CalendarService"],"fullName":"CalendarService CAL-001: should be an EventEmitter instance","status":"passed","title":"CAL-001: should be an EventEmitter instance","duration":4.411000000000001,"failureMessages":[],"meta":{},"tags":[]},{"ancestorTitles":["CalendarService"],"fullName":"CalendarService CAL-002: setConfig stores Google OAuth config","status":"passed","title":"CAL-002: setConfig stores Google OAuth config","duration":1.092800000000011,"failureMessages":[],"meta":{},"tags":[]},{"ancestorTitles":["CalendarService"],"fullName":"CalendarService CAL-003: connectGoogle returns error when OAuth credentials are not configured","status":"passed","title":"CAL-003: connectGoogle returns error when OAuth credentials are not configured","duration":1.3179000000000087,"failureMessages":[],"meta":{},"tags":[]},{"ancestorTitles":["CalendarService"],"fullName":"CalendarService CAL-004: loadConnections emits \"connected\" for each saved connection","status":"passed","title":"CAL-004: loadConnections emits \"connected\" for each saved connection","duration":3.391399999999976,"failureMessages":[],"meta":{},"tags":[]},{"ancestorTitles":["CalendarService"],"fullName":"CalendarService CAL-005: loadConnections handles missing file gracefully","status":"passed","title":"CAL-005: loadConnections handles missing file gracefully","duration":1.892499999999984,"failureMessages":[],"meta":{},"tags":[]},{"ancestorTitles":["CalendarService"],"fullName":"CalendarService CAL-006: checkWorkHours detects current event as in work hours","status":"passed","title":"CAL-006: checkWorkHours detects current event as in work hours","duration":1.880299999999977,"failureMessages":[],"meta":{},"tags":[]},{"ancestorTitles":["CalendarService"],"fullName":"CalendarService CAL-007: checkWorkHours returns false when no current event","status":"passed","title":"CAL-007: checkWorkHours returns false when no current event","duration":0.9130000000000109,"failureMessages":[],"meta":{},"tags":[]},{"ancestorTitles":["CalendarService"],"fullName":"CalendarService CAL-008: checkWorkHours skips all-day events","status":"passed","title":"CAL-008: checkWorkHours skips all-day events","duration":0.6498000000000275,"failureMessages":[],"meta":{},"tags":[]},{"ancestorTitles":["CalendarService"],"fullName":"CalendarService CAL-009: disconnect removes connection and emits \"disconnected\"","status":"passed","title":"CAL-009: disconnect removes connection and emits \"disconnected\"","duration":2.0972000000000435,"failureMessages":[],"meta":{},"tags":[]},{"ancestorTitles":["CalendarService"],"fullName":"CalendarService CAL-010: getPollingStatus returns not polling by default","status":"passed","title":"CAL-010: getPollingStatus returns not polling by default","duration":0.7644999999999982,"failureMessages":[],"meta":{},"tags":[]}],"startTime":1774128695246,"endTime":1774128695264.7644,"status":"passed","message":"","name":"C:/Users/fysg5/OneDrive/Escritorio/Pulse Hub/SofLIA - Hub/SofLIA-HUB/electron/__tests__/calendar-service.test.ts"},{"assertionResults":[{"ancestorTitles":["Filesystem operations"],"fullName":"Filesystem operations CU-001: read_file returns content for existing file","status":"failed","title":"CU-001: read_file returns content for existing file","duration":226.16969999999992,"failureMessages":["Error: [vitest] No \"execFile\" export is defined on the \"node:child_process\" mock. Did you forget to return it from \"vi.mock\"?\nIf you need to partially mock a module, you can use \"importOriginal\" helper inside:\n\n    at VitestMocker.createError (file:///C:/Users/fysg5/OneDrive/Escritorio/Pulse%20Hub/SofLIA%20-%20Hub/SofLIA-HUB/node_modules/vitest/dist/chunks/startVitestModuleRunner.C3ZR-4J3.js:62:17)\n    at Object.get (file:///C:/Users/fysg5/OneDrive/Escritorio/Pulse%20Hub/SofLIA%20-%20Hub/SofLIA-HUB/node_modules/vitest/dist/chunks/startVitestModuleRunner.C3ZR-4J3.js:310:16)\n    at C:/Users/fysg5/OneDrive/Escritorio/Pulse Hub/SofLIA - Hub/SofLIA-HUB/electron/background-process-service.ts:11:33\n    at processTicksAndRejections (node:internal/process/task_queues:104:5)\n    at VitestModuleEvaluator._runInlinedModule (file:///C:/Users/fysg5/OneDrive/Escritorio/Pulse%20Hub/SofLIA%20-%20Hub/SofLIA-HUB/node_modules/vitest/dist/module-evaluator.js:206:4)\n    at VitestModuleRunner.directRequest (file:///C:/Users/fysg5/OneDrive/Escritorio/Pulse%20Hub/SofLIA%20-%20Hub/SofLIA-HUB/node_modules/vite/dist/node/module-runner.js:1146:59)\n    at VitestModuleRunner.cachedRequest (file:///C:/Users/fysg5/OneDrive/Escritorio/Pulse%20Hub/SofLIA%20-%20Hub/SofLIA-HUB/node_modules/vite/dist/node/module-runner.js:1053:73)\n    at C:/Users/fysg5/OneDrive/Escritorio/Pulse Hub/SofLIA - Hub/SofLIA-HUB/electron/computer-use-handlers.ts:22:1\n    at VitestModuleEvaluator._runInlinedModule (file:///C:/Users/fysg5/OneDrive/Escritorio/Pulse%20Hub/SofLIA%20-%20Hub/SofLIA-HUB/node_modules/vitest/dist/module-evaluator.js:206:4)\n    at VitestModuleRunner.directRequest (file:///C:/Users/fysg5/OneDrive/Escritorio/Pulse%20Hub/SofLIA%20-%20Hub/SofLIA-HUB/node_modules/vite/dist/node/module-runner.js:1146:59)"],"meta":{},"tags":[]},{"ancestorTitles":["Filesystem operations"],"fullName":"Filesystem operations CU-002: read_file rejects files >1MB","status":"failed","title":"CU-002: read_file rejects files >1MB","duration":0.4359999999999218,"failureMessages":["Error: [vitest] No \"execFile\" export is defined on the \"node:child_process\" mock. Did you forget to return it from \"vi.mock\"?\nIf you need to partially mock a module, you can use \"importOriginal\" helper inside:\n\n    at VitestMocker.createError (file:///C:/Users/fysg5/OneDrive/Escritorio/Pulse%20Hub/SofLIA%20-%20Hub/SofLIA-HUB/node_modules/vitest/dist/chunks/startVitestModuleRunner.C3ZR-4J3.js:62:17)\n    at Object.get (file:///C:/Users/fysg5/OneDrive/Escritorio/Pulse%20Hub/SofLIA%20-%20Hub/SofLIA-HUB/node_modules/vitest/dist/chunks/startVitestModuleRunner.C3ZR-4J3.js:310:16)\n    at C:/Users/fysg5/OneDrive/Escritorio/Pulse Hub/SofLIA - Hub/SofLIA-HUB/electron/background-process-service.ts:11:33\n    at processTicksAndRejections (node:internal/process/task_queues:104:5)\n    at VitestModuleEvaluator._runInlinedModule (file:///C:/Users/fysg5/OneDrive/Escritorio/Pulse%20Hub/SofLIA%20-%20Hub/SofLIA-HUB/node_modules/vitest/dist/module-evaluator.js:206:4)\n    at VitestModuleRunner.directRequest (file:///C:/Users/fysg5/OneDrive/Escritorio/Pulse%20Hub/SofLIA%20-%20Hub/SofLIA-HUB/node_modules/vite/dist/node/module-runner.js:1146:59)\n    at VitestModuleRunner.cachedRequest (file:///C:/Users/fysg5/OneDrive/Escritorio/Pulse%20Hub/SofLIA%20-%20Hub/SofLIA-HUB/node_modules/vite/dist/node/module-runner.js:1053:73)\n    at C:/Users/fysg5/OneDrive/Escritorio/Pulse Hub/SofLIA - Hub/SofLIA-HUB/electron/computer-use-handlers.ts:22:1\n    at VitestModuleEvaluator._runInlinedModule (file:///C:/Users/fysg5/OneDrive/Escritorio/Pulse%20Hub/SofLIA%20-%20Hub/SofLIA-HUB/node_modules/vitest/dist/module-evaluator.js:206:4)\n    at VitestModuleRunner.directRequest (file:///C:/Users/fysg5/OneDrive/Escritorio/Pulse%20Hub/SofLIA%20-%20Hub/SofLIA-HUB/node_modules/vite/dist/node/module-runner.js:1146:59)"],"meta":{},"tags":[]},{"ancestorTitles":["Filesystem operations"],"fullName":"Filesystem operations CU-003: read_file uses UTF-8 encoding","status":"failed","title":"CU-003: read_file uses UTF-8 encoding","duration":0.7502000000001772,"failureMessages":["Error: [vitest] No \"execFile\" export is defined on the \"node:child_process\" mock. Did you forget to return it from \"vi.mock\"?\nIf you need to partially mock a module, you can use \"importOriginal\" helper inside:\n\n    at VitestMocker.createError (file:///C:/Users/fysg5/OneDrive/Escritorio/Pulse%20Hub/SofLIA%20-%20Hub/SofLIA-HUB/node_modules/vitest/dist/chunks/startVitestModuleRunner.C3ZR-4J3.js:62:17)\n    at Object.get (file:///C:/Users/fysg5/OneDrive/Escritorio/Pulse%20Hub/SofLIA%20-%20Hub/SofLIA-HUB/node_modules/vitest/dist/chunks/startVitestModuleRunner.C3ZR-4J3.js:310:16)\n    at C:/Users/fysg5/OneDrive/Escritorio/Pulse Hub/SofLIA - Hub/SofLIA-HUB/electron/background-process-service.ts:11:33\n    at processTicksAndRejections (node:internal/process/task_queues:104:5)\n    at VitestModuleEvaluator._runInlinedModule (file:///C:/Users/fysg5/OneDrive/Escritorio/Pulse%20Hub/SofLIA%20-%20Hub/SofLIA-HUB/node_modules/vitest/dist/module-evaluator.js:206:4)\n    at VitestModuleRunner.directRequest (file:///C:/Users/fysg5/OneDrive/Escritorio/Pulse%20Hub/SofLIA%20-%20Hub/SofLIA-HUB/node_modules/vite/dist/node/module-runner.js:1146:59)\n    at VitestModuleRunner.cachedRequest (file:///C:/Users/fysg5/OneDrive/Escritorio/Pulse%20Hub/SofLIA%20-%20Hub/SofLIA-HUB/node_modules/vite/dist/node/module-runner.js:1053:73)\n    at C:/Users/fysg5/OneDrive/Escritorio/Pulse Hub/SofLIA - Hub/SofLIA-HUB/electron/computer-use-handlers.ts:22:1\n    at VitestModuleEvaluator._runInlinedModule (file:///C:/Users/fysg5/OneDrive/Escritorio/Pulse%20Hub/SofLIA%20-%20Hub/SofLIA-HUB/node_modules/vitest/dist/module-evaluator.js:206:4)\n    at VitestModuleRunner.directRequest (file:///C:/Users/fysg5/OneDrive/Escritorio/Pulse%20Hub/SofLIA%20-%20Hub/SofLIA-HUB/node_modules/vite/dist/node/module-runner.js:1146:59)"],"meta":{},"tags":[]},{"ancestorTitles":["Filesystem operations"],"fullName":"Filesystem operations CU-004: read_file returns error for nonexistent file","status":"failed","title":"CU-004: read_file returns error for nonexistent file","duration":0.5930000000000746,"failureMessages":["Error: [vitest] No \"execFile\" export is defined on the \"node:child_process\" mock. Did you forget to return it from \"vi.mock\"?\nIf you need to partially mock a module, you can use \"importOriginal\" helper inside:\n\n    at VitestMocker.createError (file:///C:/Users/fysg5/OneDrive/Escritorio/Pulse%20Hub/SofLIA%20-%20Hub/SofLIA-HUB/node_modules/vitest/dist/chunks/startVitestModuleRunner.C3ZR-4J3.js:62:17)\n    at Object.get (file:///C:/Users/fysg5/OneDrive/Escritorio/Pulse%20Hub/SofLIA%20-%20Hub/SofLIA-HUB/node_modules/vitest/dist/chunks/startVitestModuleRunner.C3ZR-4J3.js:310:16)\n    at C:/Users/fysg5/OneDrive/Escritorio/Pulse Hub/SofLIA - Hub/SofLIA-HUB/electron/background-process-service.ts:11:33\n    at processTicksAndRejections (node:internal/process/task_queues:104:5)\n    at VitestModuleEvaluator._runInlinedModule (file:///C:/Users/fysg5/OneDrive/Escritorio/Pulse%20Hub/SofLIA%20-%20Hub/SofLIA-HUB/node_modules/vitest/dist/module-evaluator.js:206:4)\n    at VitestModuleRunner.directRequest (file:///C:/Users/fysg5/OneDrive/Escritorio/Pulse%20Hub/SofLIA%20-%20Hub/SofLIA-HUB/node_modules/vite/dist/node/module-runner.js:1146:59)\n    at VitestModuleRunner.cachedRequest (file:///C:/Users/fysg5/OneDrive/Escritorio/Pulse%20Hub/SofLIA%20-%20Hub/SofLIA-HUB/node_modules/vite/dist/node/module-runner.js:1053:73)\n    at C:/Users/fysg5/OneDrive/Escritorio/Pulse Hub/SofLIA - Hub/SofLIA-HUB/electron/computer-use-handlers.ts:22:1\n    at VitestModuleEvaluator._runInlinedModule (file:///C:/Users/fysg5/OneDrive/Escritorio/Pulse%20Hub/SofLIA%20-%20Hub/SofLIA-HUB/node_modules/vitest/dist/module-evaluator.js:206:4)\n    at VitestModuleRunner.directRequest (file:///C:/Users/fysg5/OneDrive/Escritorio/Pulse%20Hub/SofLIA%20-%20Hub/SofLIA-HUB/node_modules/vite/dist/node/module-runner.js:1146:59)"],"meta":{},"tags":[]},{"ancestorTitles":["Filesystem operations"],"fullName":"Filesystem operations CU-005: read_file handles empty path gracefully","status":"failed","title":"CU-005: read_file handles empty path gracefully","duration":0.6817000000000917,"failureMessages":["Error: [vitest] No \"execFile\" export is defined on the \"node:child_process\" mock. Did you forget to return it from \"vi.mock\"?\nIf you need to partially mock a module, you can use \"importOriginal\" helper inside:\n\n    at VitestMocker.createError (file:///C:/Users/fysg5/OneDrive/Escritorio/Pulse%20Hub/SofLIA%20-%20Hub/SofLIA-HUB/node_modules/vitest/dist/chunks/startVitestModuleRunner.C3ZR-4J3.js:62:17)\n    at Object.get (file:///C:/Users/fysg5/OneDrive/Escritorio/Pulse%20Hub/SofLIA%20-%20Hub/SofLIA-HUB/node_modules/vitest/dist/chunks/startVitestModuleRunner.C3ZR-4J3.js:310:16)\n    at C:/Users/fysg5/OneDrive/Escritorio/Pulse Hub/SofLIA - Hub/SofLIA-HUB/electron/background-process-service.ts:11:33\n    at processTicksAndRejections (node:internal/process/task_queues:104:5)\n    at VitestModuleEvaluator._runInlinedModule (file:///C:/Users/fysg5/OneDrive/Escritorio/Pulse%20Hub/SofLIA%20-%20Hub/SofLIA-HUB/node_modules/vitest/dist/module-evaluator.js:206:4)\n    at VitestModuleRunner.directRequest (file:///C:/Users/fysg5/OneDrive/Escritorio/Pulse%20Hub/SofLIA%20-%20Hub/SofLIA-HUB/node_modules/vite/dist/node/module-runner.js:1146:59)\n    at VitestModuleRunner.cachedRequest (file:///C:/Users/fysg5/OneDrive/Escritorio/Pulse%20Hub/SofLIA%20-%20Hub/SofLIA-HUB/node_modules/vite/dist/node/module-runner.js:1053:73)\n    at C:/Users/fysg5/OneDrive/Escritorio/Pulse Hub/SofLIA - Hub/SofLIA-HUB/electron/computer-use-handlers.ts:22:1\n    at VitestModuleEvaluator._runInlinedModule (file:///C:/Users/fysg5/OneDrive/Escritorio/Pulse%20Hub/SofLIA%20-%20Hub/SofLIA-HUB/node_modules/vitest/dist/module-evaluator.js:206:4)\n    at VitestModuleRunner.directRequest (file:///C:/Users/fysg5/OneDrive/Escritorio/Pulse%20Hub/SofLIA%20-%20Hub/SofLIA-HUB/node_modules/vite/dist/node/module-runner.js:1146:59)"],"meta":{},"tags":[]},{"ancestorTitles":["Filesystem operations"],"fullName":"Filesystem operations CU-006: read_file handles paths with special characters","status":"failed","title":"CU-006: read_file handles paths with special characters","duration":0.7652000000000498,"failureMessages":["Error: [vitest] No \"execFile\" export is defined on the \"node:child_process\" mock. Did you forget to return it from \"vi.mock\"?\nIf you need to partially mock a module, you can use \"importOriginal\" helper inside:\n\n    at VitestMocker.createError (file:///C:/Users/fysg5/OneDrive/Escritorio/Pulse%20Hub/SofLIA%20-%20Hub/SofLIA-HUB/node_modules/vitest/dist/chunks/startVitestModuleRunner.C3ZR-4J3.js:62:17)\n    at Object.get (file:///C:/Users/fysg5/OneDrive/Escritorio/Pulse%20Hub/SofLIA%20-%20Hub/SofLIA-HUB/node_modules/vitest/dist/chunks/startVitestModuleRunner.C3ZR-4J3.js:310:16)\n    at C:/Users/fysg5/OneDrive/Escritorio/Pulse Hub/SofLIA - Hub/SofLIA-HUB/electron/background-process-service.ts:11:33\n    at processTicksAndRejections (node:internal/process/task_queues:104:5)\n    at VitestModuleEvaluator._runInlinedModule (file:///C:/Users/fysg5/OneDrive/Escritorio/Pulse%20Hub/SofLIA%20-%20Hub/SofLIA-HUB/node_modules/vitest/dist/module-evaluator.js:206:4)\n    at VitestModuleRunner.directRequest (file:///C:/Users/fysg5/OneDrive/Escritorio/Pulse%20Hub/SofLIA%20-%20Hub/SofLIA-HUB/node_modules/vite/dist/node/module-runner.js:1146:59)\n    at VitestModuleRunner.cachedRequest (file:///C:/Users/fysg5/OneDrive/Escritorio/Pulse%20Hub/SofLIA%20-%20Hub/SofLIA-HUB/node_modules/vite/dist/node/module-runner.js:1053:73)\n    at C:/Users/fysg5/OneDrive/Escritorio/Pulse Hub/SofLIA - Hub/SofLIA-HUB/electron/computer-use-handlers.ts:22:1\n    at VitestModuleEvaluator._runInlinedModule (file:///C:/Users/fysg5/OneDrive/Escritorio/Pulse%20Hub/SofLIA%20-%20Hub/SofLIA-HUB/node_modules/vitest/dist/module-evaluator.js:206:4)\n    at VitestModuleRunner.directRequest (file:///C:/Users/fysg5/OneDrive/Escritorio/Pulse%20Hub/SofLIA%20-%20Hub/SofLIA-HUB/node_modules/vite/dist/node/module-runner.js:1146:59)"],"meta":{},"tags":[]},{"ancestorTitles":["Filesystem operations"],"fullName":"Filesystem operations CU-007: read_file rejects directory paths","status":"failed","title":"CU-007: read_file rejects directory paths","duration":0.4459999999999127,"failureMessages":["Error: [vitest] No \"execFile\" export is defined on the \"node:child_process\" mock. Did you forget to return it from \"vi.mock\"?\nIf you need to partially mock a module, you can use \"importOriginal\" helper inside:\n\n    at VitestMocker.createError (file:///C:/Users/fysg5/OneDrive/Escritorio/Pulse%20Hub/SofLIA%20-%20Hub/SofLIA-HUB/node_modules/vitest/dist/chunks/startVitestModuleRunner.C3ZR-4J3.js:62:17)\n    at Object.get (file:///C:/Users/fysg5/OneDrive/Escritorio/Pulse%20Hub/SofLIA%20-%20Hub/SofLIA-HUB/node_modules/vitest/dist/chunks/startVitestModuleRunner.C3ZR-4J3.js:310:16)\n    at C:/Users/fysg5/OneDrive/Escritorio/Pulse Hub/SofLIA - Hub/SofLIA-HUB/electron/background-process-service.ts:11:33\n    at processTicksAndRejections (node:internal/process/task_queues:104:5)\n    at VitestModuleEvaluator._runInlinedModule (file:///C:/Users/fysg5/OneDrive/Escritorio/Pulse%20Hub/SofLIA%20-%20Hub/SofLIA-HUB/node_modules/vitest/dist/module-evaluator.js:206:4)\n    at VitestModuleRunner.directRequest (file:///C:/Users/fysg5/OneDrive/Escritorio/Pulse%20Hub/SofLIA%20-%20Hub/SofLIA-HUB/node_modules/vite/dist/node/module-runner.js:1146:59)\n    at VitestModuleRunner.cachedRequest (file:///C:/Users/fysg5/OneDrive/Escritorio/Pulse%20Hub/SofLIA%20-%20Hub/SofLIA-HUB/node_modules/vite/dist/node/module-runner.js:1053:73)\n    at C:/Users/fysg5/OneDrive/Escritorio/Pulse Hub/SofLIA - Hub/SofLIA-HUB/electron/computer-use-handlers.ts:22:1\n    at VitestModuleEvaluator._runInlinedModule (file:///C:/Users/fysg5/OneDrive/Escritorio/Pulse%20Hub/SofLIA%20-%20Hub/SofLIA-HUB/node_modules/vitest/dist/module-evaluator.js:206:4)\n    at VitestModuleRunner.directRequest (file:///C:/Users/fysg5/OneDrive/Escritorio/Pulse%20Hub/SofLIA%20-%20Hub/SofLIA-HUB/node_modules/vite/dist/node/module-runner.js:1146:59)"],"meta":{},"tags":[]},{"ancestorTitles":["Filesystem operations"],"fullName":"Filesystem operations CU-008: write_file creates a new file","status":"failed","title":"CU-008: write_file creates a new file","duration":0.43079999999986285,"failureMessages":["Error: [vitest] No \"execFile\" export is defined on the \"node:child_process\" mock. Did you forget to return it from \"vi.mock\"?\nIf you need to partially mock a module, you can use \"importOriginal\" helper inside:\n\n    at VitestMocker.createError (file:///C:/Users/fysg5/OneDrive/Escritorio/Pulse%20Hub/SofLIA%20-%20Hub/SofLIA-HUB/node_modules/vitest/dist/chunks/startVitestModuleRunner.C3ZR-4J3.js:62:17)\n    at Object.get (file:///C:/Users/fysg5/OneDrive/Escritorio/Pulse%20Hub/SofLIA%20-%20Hub/SofLIA-HUB/node_modules/vitest/dist/chunks/startVitestModuleRunner.C3ZR-4J3.js:310:16)\n    at C:/Users/fysg5/OneDrive/Escritorio/Pulse Hub/SofLIA - Hub/SofLIA-HUB/electron/background-process-service.ts:11:33\n    at processTicksAndRejections (node:internal/process/task_queues:104:5)\n    at VitestModuleEvaluator._runInlinedModule (file:///C:/Users/fysg5/OneDrive/Escritorio/Pulse%20Hub/SofLIA%20-%20Hub/SofLIA-HUB/node_modules/vitest/dist/module-evaluator.js:206:4)\n    at VitestModuleRunner.directRequest (file:///C:/Users/fysg5/OneDrive/Escritorio/Pulse%20Hub/SofLIA%20-%20Hub/SofLIA-HUB/node_modules/vite/dist/node/module-runner.js:1146:59)\n    at VitestModuleRunner.cachedRequest (file:///C:/Users/fysg5/OneDrive/Escritorio/Pulse%20Hub/SofLIA%20-%20Hub/SofLIA-HUB/node_modules/vite/dist/node/module-runner.js:1053:73)\n    at C:/Users/fysg5/OneDrive/Escritorio/Pulse Hub/SofLIA - Hub/SofLIA-HUB/electron/computer-use-handlers.ts:22:1\n    at VitestModuleEvaluator._runInlinedModule (file:///C:/Users/fysg5/OneDrive/Escritorio/Pulse%20Hub/SofLIA%20-%20Hub/SofLIA-HUB/node_modules/vitest/dist/module-evaluator.js:206:4)\n    at VitestModuleRunner.directRequest (file:///C:/Users/fysg5/OneDrive/Escritorio/Pulse%20Hub/SofLIA%20-%20Hub/SofLIA-HUB/node_modules/vite/dist/node/module-runner.js:1146:59)"],"meta":{},"tags":[]},{"ancestorTitles":["Filesystem operations"],"fullName":"Filesystem operations CU-009: write_file overwrites existing file","status":"failed","title":"CU-009: write_file overwrites existing file","duration":0.39400000000000546,"failureMessages":["Error: [vitest] No \"execFile\" export is defined on the \"node:child_process\" mock. Did you forget to return it from \"vi.mock\"?\nIf you need to partially mock a module, you can use \"importOriginal\" helper inside:\n\n    at VitestMocker.createError (file:///C:/Users/fysg5/OneDrive/Escritorio/Pulse%20Hub/SofLIA%20-%20Hub/SofLIA-HUB/node_modules/vitest/dist/chunks/startVitestModuleRunner.C3ZR-4J3.js:62:17)\n    at Object.get (file:///C:/Users/fysg5/OneDrive/Escritorio/Pulse%20Hub/SofLIA%20-%20Hub/SofLIA-HUB/node_modules/vitest/dist/chunks/startVitestModuleRunner.C3ZR-4J3.js:310:16)\n    at C:/Users/fysg5/OneDrive/Escritorio/Pulse Hub/SofLIA - Hub/SofLIA-HUB/electron/background-process-service.ts:11:33\n    at processTicksAndRejections (node:internal/process/task_queues:104:5)\n    at VitestModuleEvaluator._runInlinedModule (file:///C:/Users/fysg5/OneDrive/Escritorio/Pulse%20Hub/SofLIA%20-%20Hub/SofLIA-HUB/node_modules/vitest/dist/module-evaluator.js:206:4)\n    at VitestModuleRunner.directRequest (file:///C:/Users/fysg5/OneDrive/Escritorio/Pulse%20Hub/SofLIA%20-%20Hub/SofLIA-HUB/node_modules/vite/dist/node/module-runner.js:1146:59)\n    at VitestModuleRunner.cachedRequest (file:///C:/Users/fysg5/OneDrive/Escritorio/Pulse%20Hub/SofLIA%20-%20Hub/SofLIA-HUB/node_modules/vite/dist/node/module-runner.js:1053:73)\n    at C:/Users/fysg5/OneDrive/Escritorio/Pulse Hub/SofLIA - Hub/SofLIA-HUB/electron/computer-use-handlers.ts:22:1\n    at VitestModuleEvaluator._runInlinedModule (file:///C:/Users/fysg5/OneDrive/Escritorio/Pulse%20Hub/SofLIA%20-%20Hub/SofLIA-HUB/node_modules/vitest/dist/module-evaluator.js:206:4)\n    at VitestModuleRunner.directRequest (file:///C:/Users/fysg5/OneDrive/Escritorio/Pulse%20Hub/SofLIA%20-%20Hub/SofLIA-HUB/node_modules/vite/dist/node/module-runner.js:1146:59)"],"meta":{},"tags":[]},{"ancestorTitles":["Filesystem operations"],"fullName":"Filesystem operations CU-010: write_file creates parent directories","status":"failed","title":"CU-010: write_file creates parent directories","duration":0.3080999999999676,"failureMessages":["Error: [vitest] No \"execFile\" export is defined on the \"node:child_process\" mock. Did you forget to return it from \"vi.mock\"?\nIf you need to partially mock a module, you can use \"importOriginal\" helper inside:\n\n    at VitestMocker.createError (file:///C:/Users/fysg5/OneDrive/Escritorio/Pulse%20Hub/SofLIA%20-%20Hub/SofLIA-HUB/node_modules/vitest/dist/chunks/startVitestModuleRunner.C3ZR-4J3.js:62:17)\n    at Object.get (file:///C:/Users/fysg5/OneDrive/Escritorio/Pulse%20Hub/SofLIA%20-%20Hub/SofLIA-HUB/node_modules/vitest/dist/chunks/startVitestModuleRunner.C3ZR-4J3.js:310:16)\n    at C:/Users/fysg5/OneDrive/Escritorio/Pulse Hub/SofLIA - Hub/SofLIA-HUB/electron/background-process-service.ts:11:33\n    at processTicksAndRejections (node:internal/process/task_queues:104:5)\n    at VitestModuleEvaluator._runInlinedModule (file:///C:/Users/fysg5/OneDrive/Escritorio/Pulse%20Hub/SofLIA%20-%20Hub/SofLIA-HUB/node_modules/vitest/dist/module-evaluator.js:206:4)\n    at VitestModuleRunner.directRequest (file:///C:/Users/fysg5/OneDrive/Escritorio/Pulse%20Hub/SofLIA%20-%20Hub/SofLIA-HUB/node_modules/vite/dist/node/module-runner.js:1146:59)\n    at VitestModuleRunner.cachedRequest (file:///C:/Users/fysg5/OneDrive/Escritorio/Pulse%20Hub/SofLIA%20-%20Hub/SofLIA-HUB/node_modules/vite/dist/node/module-runner.js:1053:73)\n    at C:/Users/fysg5/OneDrive/Escritorio/Pulse Hub/SofLIA - Hub/SofLIA-HUB/electron/computer-use-handlers.ts:22:1\n    at VitestModuleEvaluator._runInlinedModule (file:///C:/Users/fysg5/OneDrive/Escritorio/Pulse%20Hub/SofLIA%20-%20Hub/SofLIA-HUB/node_modules/vitest/dist/module-evaluator.js:206:4)\n    at VitestModuleRunner.directRequest (file:///C:/Users/fysg5/OneDrive/Escritorio/Pulse%20Hub/SofLIA%20-%20Hub/SofLIA-HUB/node_modules/vite/dist/node/module-runner.js:1146:59)"],"meta":{},"tags":[]},{"ancestorTitles":["Filesystem operations"],"fullName":"Filesystem operations CU-011: write_file handles empty content","status":"failed","title":"CU-011: write_file handles empty content","duration":0.271900000000187,"failureMessages":["Error: [vitest] No \"execFile\" export is defined on the \"node:child_process\" mock. Did you forget to return it from \"vi.mock\"?\nIf you need to partially mock a module, you can use \"importOriginal\" helper inside:\n\n    at VitestMocker.createError (file:///C:/Users/fysg5/OneDrive/Escritorio/Pulse%20Hub/SofLIA%20-%20Hub/SofLIA-HUB/node_modules/vitest/dist/chunks/startVitestModuleRunner.C3ZR-4J3.js:62:17)\n    at Object.get (file:///C:/Users/fysg5/OneDrive/Escritorio/Pulse%20Hub/SofLIA%20-%20Hub/SofLIA-HUB/node_modules/vitest/dist/chunks/startVitestModuleRunner.C3ZR-4J3.js:310:16)\n    at C:/Users/fysg5/OneDrive/Escritorio/Pulse Hub/SofLIA - Hub/SofLIA-HUB/electron/background-process-service.ts:11:33\n    at processTicksAndRejections (node:internal/process/task_queues:104:5)\n    at VitestModuleEvaluator._runInlinedModule (file:///C:/Users/fysg5/OneDrive/Escritorio/Pulse%20Hub/SofLIA%20-%20Hub/SofLIA-HUB/node_modules/vitest/dist/module-evaluator.js:206:4)\n    at VitestModuleRunner.directRequest (file:///C:/Users/fysg5/OneDrive/Escritorio/Pulse%20Hub/SofLIA%20-%20Hub/SofLIA-HUB/node_modules/vite/dist/node/module-runner.js:1146:59)\n    at VitestModuleRunner.cachedRequest (file:///C:/Users/fysg5/OneDrive/Escritorio/Pulse%20Hub/SofLIA%20-%20Hub/SofLIA-HUB/node_modules/vite/dist/node/module-runner.js:1053:73)\n    at C:/Users/fysg5/OneDrive/Escritorio/Pulse Hub/SofLIA - Hub/SofLIA-HUB/electron/computer-use-handlers.ts:22:1\n    at VitestModuleEvaluator._runInlinedModule (file:///C:/Users/fysg5/OneDrive/Escritorio/Pulse%20Hub/SofLIA%20-%20Hub/SofLIA-HUB/node_modules/vitest/dist/module-evaluator.js:206:4)\n    at VitestModuleRunner.directRequest (file:///C:/Users/fysg5/OneDrive/Escritorio/Pulse%20Hub/SofLIA%20-%20Hub/SofLIA-HUB/node_modules/vite/dist/node/module-runner.js:1146:59)"],"meta":{},"tags":[]},{"ancestorTitles":["Filesystem operations"],"fullName":"Filesystem operations CU-012: write_file handles Unicode content","status":"failed","title":"CU-012: write_file handles Unicode content","duration":0.22829999999999018,"failureMessages":["Error: [vitest] No \"execFile\" export is defined on the \"node:child_process\" mock. Did you forget to return it from \"vi.mock\"?\nIf you need to partially mock a module, you can use \"importOriginal\" helper inside:\n\n    at VitestMocker.createError (file:///C:/Users/fysg5/OneDrive/Escritorio/Pulse%20Hub/SofLIA%20-%20Hub/SofLIA-HUB/node_modules/vitest/dist/chunks/startVitestModuleRunner.C3ZR-4J3.js:62:17)\n    at Object.get (file:///C:/Users/fysg5/OneDrive/Escritorio/Pulse%20Hub/SofLIA%20-%20Hub/SofLIA-HUB/node_modules/vitest/dist/chunks/startVitestModuleRunner.C3ZR-4J3.js:310:16)\n    at C:/Users/fysg5/OneDrive/Escritorio/Pulse Hub/SofLIA - Hub/SofLIA-HUB/electron/background-process-service.ts:11:33\n    at processTicksAndRejections (node:internal/process/task_queues:104:5)\n    at VitestModuleEvaluator._runInlinedModule (file:///C:/Users/fysg5/OneDrive/Escritorio/Pulse%20Hub/SofLIA%20-%20Hub/SofLIA-HUB/node_modules/vitest/dist/module-evaluator.js:206:4)\n    at VitestModuleRunner.directRequest (file:///C:/Users/fysg5/OneDrive/Escritorio/Pulse%20Hub/SofLIA%20-%20Hub/SofLIA-HUB/node_modules/vite/dist/node/module-runner.js:1146:59)\n    at VitestModuleRunner.cachedRequest (file:///C:/Users/fysg5/OneDrive/Escritorio/Pulse%20Hub/SofLIA%20-%20Hub/SofLIA-HUB/node_modules/vite/dist/node/module-runner.js:1053:73)\n    at C:/Users/fysg5/OneDrive/Escritorio/Pulse Hub/SofLIA - Hub/SofLIA-HUB/electron/computer-use-handlers.ts:22:1\n    at VitestModuleEvaluator._runInlinedModule (file:///C:/Users/fysg5/OneDrive/Escritorio/Pulse%20Hub/SofLIA%20-%20Hub/SofLIA-HUB/node_modules/vitest/dist/module-evaluator.js:206:4)\n    at VitestModuleRunner.directRequest (file:///C:/Users/fysg5/OneDrive/Escritorio/Pulse%20Hub/SofLIA%20-%20Hub/SofLIA-HUB/node_modules/vite/dist/node/module-runner.js:1146:59)"],"meta":{},"tags":[]},{"ancestorTitles":["Filesystem operations"],"fullName":"Filesystem operations CU-013: list_directory lists existing directory","status":"failed","title":"CU-013: list_directory lists existing directory","duration":0.18389999999999418,"failureMessages":["Error: [vitest] No \"execFile\" export is defined on the \"node:child_process\" mock. Did you forget to return it from \"vi.mock\"?\nIf you need to partially mock a module, you can use \"importOriginal\" helper inside:\n\n    at VitestMocker.createError (file:///C:/Users/fysg5/OneDrive/Escritorio/Pulse%20Hub/SofLIA%20-%20Hub/SofLIA-HUB/node_modules/vitest/dist/chunks/startVitestModuleRunner.C3ZR-4J3.js:62:17)\n    at Object.get (file:///C:/Users/fysg5/OneDrive/Escritorio/Pulse%20Hub/SofLIA%20-%20Hub/SofLIA-HUB/node_modules/vitest/dist/chunks/startVitestModuleRunner.C3ZR-4J3.js:310:16)\n    at C:/Users/fysg5/OneDrive/Escritorio/Pulse Hub/SofLIA - Hub/SofLIA-HUB/electron/background-process-service.ts:11:33\n    at processTicksAndRejections (node:internal/process/task_queues:104:5)\n    at VitestModuleEvaluator._runInlinedModule (file:///C:/Users/fysg5/OneDrive/Escritorio/Pulse%20Hub/SofLIA%20-%20Hub/SofLIA-HUB/node_modules/vitest/dist/module-evaluator.js:206:4)\n    at VitestModuleRunner.directRequest (file:///C:/Users/fysg5/OneDrive/Escritorio/Pulse%20Hub/SofLIA%20-%20Hub/SofLIA-HUB/node_modules/vite/dist/node/module-runner.js:1146:59)\n    at VitestModuleRunner.cachedRequest (file:///C:/Users/fysg5/OneDrive/Escritorio/Pulse%20Hub/SofLIA%20-%20Hub/SofLIA-HUB/node_modules/vite/dist/node/module-runner.js:1053:73)\n    at C:/Users/fysg5/OneDrive/Escritorio/Pulse Hub/SofLIA - Hub/SofLIA-HUB/electron/computer-use-handlers.ts:22:1\n    at VitestModuleEvaluator._runInlinedModule (file:///C:/Users/fysg5/OneDrive/Escritorio/Pulse%20Hub/SofLIA%20-%20Hub/SofLIA-HUB/node_modules/vitest/dist/module-evaluator.js:206:4)\n    at VitestModuleRunner.directRequest (file:///C:/Users/fysg5/OneDrive/Escritorio/Pulse%20Hub/SofLIA%20-%20Hub/SofLIA-HUB/node_modules/vite/dist/node/module-runner.js:1146:59)"],"meta":{},"tags":[]},{"ancestorTitles":["Filesystem operations"],"fullName":"Filesystem operations CU-014: list_directory handles empty directory","status":"failed","title":"CU-014: list_directory handles empty directory","duration":0.15750000000002728,"failureMessages":["Error: [vitest] No \"execFile\" export is defined on the \"node:child_process\" mock. Did you forget to return it from \"vi.mock\"?\nIf you need to partially mock a module, you can use \"importOriginal\" helper inside:\n\n    at VitestMocker.createError (file:///C:/Users/fysg5/OneDrive/Escritorio/Pulse%20Hub/SofLIA%20-%20Hub/SofLIA-HUB/node_modules/vitest/dist/chunks/startVitestModuleRunner.C3ZR-4J3.js:62:17)\n    at Object.get (file:///C:/Users/fysg5/OneDrive/Escritorio/Pulse%20Hub/SofLIA%20-%20Hub/SofLIA-HUB/node_modules/vitest/dist/chunks/startVitestModuleRunner.C3ZR-4J3.js:310:16)\n    at C:/Users/fysg5/OneDrive/Escritorio/Pulse Hub/SofLIA - Hub/SofLIA-HUB/electron/background-process-service.ts:11:33\n    at processTicksAndRejections (node:internal/process/task_queues:104:5)\n    at VitestModuleEvaluator._runInlinedModule (file:///C:/Users/fysg5/OneDrive/Escritorio/Pulse%20Hub/SofLIA%20-%20Hub/SofLIA-HUB/node_modules/vitest/dist/module-evaluator.js:206:4)\n    at VitestModuleRunner.directRequest (file:///C:/Users/fysg5/OneDrive/Escritorio/Pulse%20Hub/SofLIA%20-%20Hub/SofLIA-HUB/node_modules/vite/dist/node/module-runner.js:1146:59)\n    at VitestModuleRunner.cachedRequest (file:///C:/Users/fysg5/OneDrive/Escritorio/Pulse%20Hub/SofLIA%20-%20Hub/SofLIA-HUB/node_modules/vite/dist/node/module-runner.js:1053:73)\n    at C:/Users/fysg5/OneDrive/Escritorio/Pulse Hub/SofLIA - Hub/SofLIA-HUB/electron/computer-use-handlers.ts:22:1\n    at VitestModuleEvaluator._runInlinedModule (file:///C:/Users/fysg5/OneDrive/Escritorio/Pulse%20Hub/SofLIA%20-%20Hub/SofLIA-HUB/node_modules/vitest/dist/module-evaluator.js:206:4)\n    at VitestModuleRunner.directRequest (file:///C:/Users/fysg5/OneDrive/Escritorio/Pulse%20Hub/SofLIA%20-%20Hub/SofLIA-HUB/node_modules/vite/dist/node/module-runner.js:1146:59)"],"meta":{},"tags":[]},{"ancestorTitles":["Filesystem operations"],"fullName":"Filesystem operations CU-015: list_directory returns error for nonexistent","status":"failed","title":"CU-015: list_directory returns error for nonexistent","duration":0.15949999999998,"failureMessages":["Error: [vitest] No \"execFile\" export is defined on the \"node:child_process\" mock. Did you forget to return it from \"vi.mock\"?\nIf you need to partially mock a module, you can use \"importOriginal\" helper inside:\n\n    at VitestMocker.createError (file:///C:/Users/fysg5/OneDrive/Escritorio/Pulse%20Hub/SofLIA%20-%20Hub/SofLIA-HUB/node_modules/vitest/dist/chunks/startVitestModuleRunner.C3ZR-4J3.js:62:17)\n    at Object.get (file:///C:/Users/fysg5/OneDrive/Escritorio/Pulse%20Hub/SofLIA%20-%20Hub/SofLIA-HUB/node_modules/vitest/dist/chunks/startVitestModuleRunner.C3ZR-4J3.js:310:16)\n    at C:/Users/fysg5/OneDrive/Escritorio/Pulse Hub/SofLIA - Hub/SofLIA-HUB/electron/background-process-service.ts:11:33\n    at processTicksAndRejections (node:internal/process/task_queues:104:5)\n    at VitestModuleEvaluator._runInlinedModule (file:///C:/Users/fysg5/OneDrive/Escritorio/Pulse%20Hub/SofLIA%20-%20Hub/SofLIA-HUB/node_modules/vitest/dist/module-evaluator.js:206:4)\n    at VitestModuleRunner.directRequest (file:///C:/Users/fysg5/OneDrive/Escritorio/Pulse%20Hub/SofLIA%20-%20Hub/SofLIA-HUB/node_modules/vite/dist/node/module-runner.js:1146:59)\n    at VitestModuleRunner.cachedRequest (file:///C:/Users/fysg5/OneDrive/Escritorio/Pulse%20Hub/SofLIA%20-%20Hub/SofLIA-HUB/node_modules/vite/dist/node/module-runner.js:1053:73)\n    at C:/Users/fysg5/OneDrive/Escritorio/Pulse Hub/SofLIA - Hub/SofLIA-HUB/electron/computer-use-handlers.ts:22:1\n    at VitestModuleEvaluator._runInlinedModule (file:///C:/Users/fysg5/OneDrive/Escritorio/Pulse%20Hub/SofLIA%20-%20Hub/SofLIA-HUB/node_modules/vitest/dist/module-evaluator.js:206:4)\n    at VitestModuleRunner.directRequest (file:///C:/Users/fysg5/OneDrive/Escritorio/Pulse%20Hub/SofLIA%20-%20Hub/SofLIA-HUB/node_modules/vite/dist/node/module-runner.js:1146:59)"],"meta":{},"tags":[]},{"ancestorTitles":["Filesystem operations"],"fullName":"Filesystem operations CU-016: list_directory distinguishes files and dirs","status":"failed","title":"CU-016: list_directory distinguishes files and dirs","duration":0.17309999999997672,"failureMessages":["Error: [vitest] No \"execFile\" export is defined on the \"node:child_process\" mock. Did you forget to return it from \"vi.mock\"?\nIf you need to partially mock a module, you can use \"importOriginal\" helper inside:\n\n    at VitestMocker.createError (file:///C:/Users/fysg5/OneDrive/Escritorio/Pulse%20Hub/SofLIA%20-%20Hub/SofLIA-HUB/node_modules/vitest/dist/chunks/startVitestModuleRunner.C3ZR-4J3.js:62:17)\n    at Object.get (file:///C:/Users/fysg5/OneDrive/Escritorio/Pulse%20Hub/SofLIA%20-%20Hub/SofLIA-HUB/node_modules/vitest/dist/chunks/startVitestModuleRunner.C3ZR-4J3.js:310:16)\n    at C:/Users/fysg5/OneDrive/Escritorio/Pulse Hub/SofLIA - Hub/SofLIA-HUB/electron/background-process-service.ts:11:33\n    at processTicksAndRejections (node:internal/process/task_queues:104:5)\n    at VitestModuleEvaluator._runInlinedModule (file:///C:/Users/fysg5/OneDrive/Escritorio/Pulse%20Hub/SofLIA%20-%20Hub/SofLIA-HUB/node_modules/vitest/dist/module-evaluator.js:206:4)\n    at VitestModuleRunner.directRequest (file:///C:/Users/fysg5/OneDrive/Escritorio/Pulse%20Hub/SofLIA%20-%20Hub/SofLIA-HUB/node_modules/vite/dist/node/module-runner.js:1146:59)\n    at VitestModuleRunner.cachedRequest (file:///C:/Users/fysg5/OneDrive/Escritorio/Pulse%20Hub/SofLIA%20-%20Hub/SofLIA-HUB/node_modules/vite/dist/node/module-runner.js:1053:73)\n    at C:/Users/fysg5/OneDrive/Escritorio/Pulse Hub/SofLIA - Hub/SofLIA-HUB/electron/computer-use-handlers.ts:22:1\n    at VitestModuleEvaluator._runInlinedModule (file:///C:/Users/fysg5/OneDrive/Escritorio/Pulse%20Hub/SofLIA%20-%20Hub/SofLIA-HUB/node_modules/vitest/dist/module-evaluator.js:206:4)\n    at VitestModuleRunner.directRequest (file:///C:/Users/fysg5/OneDrive/Escritorio/Pulse%20Hub/SofLIA%20-%20Hub/SofLIA-HUB/node_modules/vite/dist/node/module-runner.js:1146:59)"],"meta":{},"tags":[]},{"ancestorTitles":["Filesystem operations"],"fullName":"Filesystem operations CU-017: list_directory filters hidden files by default","status":"failed","title":"CU-017: list_directory filters hidden files by default","duration":0.15970000000015716,"failureMessages":["Error: [vitest] No \"execFile\" export is defined on the \"node:child_process\" mock. Did you forget to return it from \"vi.mock\"?\nIf you need to partially mock a module, you can use \"importOriginal\" helper inside:\n\n    at VitestMocker.createError (file:///C:/Users/fysg5/OneDrive/Escritorio/Pulse%20Hub/SofLIA%20-%20Hub/SofLIA-HUB/node_modules/vitest/dist/chunks/startVitestModuleRunner.C3ZR-4J3.js:62:17)\n    at Object.get (file:///C:/Users/fysg5/OneDrive/Escritorio/Pulse%20Hub/SofLIA%20-%20Hub/SofLIA-HUB/node_modules/vitest/dist/chunks/startVitestModuleRunner.C3ZR-4J3.js:310:16)\n    at C:/Users/fysg5/OneDrive/Escritorio/Pulse Hub/SofLIA - Hub/SofLIA-HUB/electron/background-process-service.ts:11:33\n    at processTicksAndRejections (node:internal/process/task_queues:104:5)\n    at VitestModuleEvaluator._runInlinedModule (file:///C:/Users/fysg5/OneDrive/Escritorio/Pulse%20Hub/SofLIA%20-%20Hub/SofLIA-HUB/node_modules/vitest/dist/module-evaluator.js:206:4)\n    at VitestModuleRunner.directRequest (file:///C:/Users/fysg5/OneDrive/Escritorio/Pulse%20Hub/SofLIA%20-%20Hub/SofLIA-HUB/node_modules/vite/dist/node/module-runner.js:1146:59)\n    at VitestModuleRunner.cachedRequest (file:///C:/Users/fysg5/OneDrive/Escritorio/Pulse%20Hub/SofLIA%20-%20Hub/SofLIA-HUB/node_modules/vite/dist/node/module-runner.js:1053:73)\n    at C:/Users/fysg5/OneDrive/Escritorio/Pulse Hub/SofLIA - Hub/SofLIA-HUB/electron/computer-use-handlers.ts:22:1\n    at VitestModuleEvaluator._runInlinedModule (file:///C:/Users/fysg5/OneDrive/Escritorio/Pulse%20Hub/SofLIA%20-%20Hub/SofLIA-HUB/node_modules/vitest/dist/module-evaluator.js:206:4)\n    at VitestModuleRunner.directRequest (file:///C:/Users/fysg5/OneDrive/Escritorio/Pulse%20Hub/SofLIA%20-%20Hub/SofLIA-HUB/node_modules/vite/dist/node/module-runner.js:1146:59)"],"meta":{},"tags":[]},{"ancestorTitles":["Filesystem operations"],"fullName":"Filesystem operations CU-018: list_directory shows hidden when show_hidden=true","status":"failed","title":"CU-018: list_directory shows hidden when show_hidden=true","duration":0.12770000000000437,"failureMessages":["Error: [vitest] No \"execFile\" export is defined on the \"node:child_process\" mock. Did you forget to return it from \"vi.mock\"?\nIf you need to partially mock a module, you can use \"importOriginal\" helper inside:\n\n    at VitestMocker.createError (file:///C:/Users/fysg5/OneDrive/Escritorio/Pulse%20Hub/SofLIA%20-%20Hub/SofLIA-HUB/node_modules/vitest/dist/chunks/startVitestModuleRunner.C3ZR-4J3.js:62:17)\n    at Object.get (file:///C:/Users/fysg5/OneDrive/Escritorio/Pulse%20Hub/SofLIA%20-%20Hub/SofLIA-HUB/node_modules/vitest/dist/chunks/startVitestModuleRunner.C3ZR-4J3.js:310:16)\n    at C:/Users/fysg5/OneDrive/Escritorio/Pulse Hub/SofLIA - Hub/SofLIA-HUB/electron/background-process-service.ts:11:33\n    at processTicksAndRejections (node:internal/process/task_queues:104:5)\n    at VitestModuleEvaluator._runInlinedModule (file:///C:/Users/fysg5/OneDrive/Escritorio/Pulse%20Hub/SofLIA%20-%20Hub/SofLIA-HUB/node_modules/vitest/dist/module-evaluator.js:206:4)\n    at VitestModuleRunner.directRequest (file:///C:/Users/fysg5/OneDrive/Escritorio/Pulse%20Hub/SofLIA%20-%20Hub/SofLIA-HUB/node_modules/vite/dist/node/module-runner.js:1146:59)\n    at VitestModuleRunner.cachedRequest (file:///C:/Users/fysg5/OneDrive/Escritorio/Pulse%20Hub/SofLIA%20-%20Hub/SofLIA-HUB/node_modules/vite/dist/node/module-runner.js:1053:73)\n    at C:/Users/fysg5/OneDrive/Escritorio/Pulse Hub/SofLIA - Hub/SofLIA-HUB/electron/computer-use-handlers.ts:22:1\n    at VitestModuleEvaluator._runInlinedModule (file:///C:/Users/fysg5/OneDrive/Escritorio/Pulse%20Hub/SofLIA%20-%20Hub/SofLIA-HUB/node_modules/vitest/dist/module-evaluator.js:206:4)\n    at VitestModuleRunner.directRequest (file:///C:/Users/fysg5/OneDrive/Escritorio/Pulse%20Hub/SofLIA%20-%20Hub/SofLIA-HUB/node_modules/vite/dist/node/module-runner.js:1146:59)"],"meta":{},"tags":[]},{"ancestorTitles":["Filesystem operations"],"fullName":"Filesystem operations CU-019: create_directory creates simple directory","status":"failed","title":"CU-019: create_directory creates simple directory","duration":0.1290000000001328,"failureMessages":["Error: [vitest] No \"execFile\" export is defined on the \"node:child_process\" mock. Did you forget to return it from \"vi.mock\"?\nIf you need to partially mock a module, you can use \"importOriginal\" helper inside:\n\n    at VitestMocker.createError (file:///C:/Users/fysg5/OneDrive/Escritorio/Pulse%20Hub/SofLIA%20-%20Hub/SofLIA-HUB/node_modules/vitest/dist/chunks/startVitestModuleRunner.C3ZR-4J3.js:62:17)\n    at Object.get (file:///C:/Users/fysg5/OneDrive/Escritorio/Pulse%20Hub/SofLIA%20-%20Hub/SofLIA-HUB/node_modules/vitest/dist/chunks/startVitestModuleRunner.C3ZR-4J3.js:310:16)\n    at C:/Users/fysg5/OneDrive/Escritorio/Pulse Hub/SofLIA - Hub/SofLIA-HUB/electron/background-process-service.ts:11:33\n    at processTicksAndRejections (node:internal/process/task_queues:104:5)\n    at VitestModuleEvaluator._runInlinedModule (file:///C:/Users/fysg5/OneDrive/Escritorio/Pulse%20Hub/SofLIA%20-%20Hub/SofLIA-HUB/node_modules/vitest/dist/module-evaluator.js:206:4)\n    at VitestModuleRunner.directRequest (file:///C:/Users/fysg5/OneDrive/Escritorio/Pulse%20Hub/SofLIA%20-%20Hub/SofLIA-HUB/node_modules/vite/dist/node/module-runner.js:1146:59)\n    at VitestModuleRunner.cachedRequest (file:///C:/Users/fysg5/OneDrive/Escritorio/Pulse%20Hub/SofLIA%20-%20Hub/SofLIA-HUB/node_modules/vite/dist/node/module-runner.js:1053:73)\n    at C:/Users/fysg5/OneDrive/Escritorio/Pulse Hub/SofLIA - Hub/SofLIA-HUB/electron/computer-use-handlers.ts:22:1\n    at VitestModuleEvaluator._runInlinedModule (file:///C:/Users/fysg5/OneDrive/Escritorio/Pulse%20Hub/SofLIA%20-%20Hub/SofLIA-HUB/node_modules/vitest/dist/module-evaluator.js:206:4)\n    at VitestModuleRunner.directRequest (file:///C:/Users/fysg5/OneDrive/Escritorio/Pulse%20Hub/SofLIA%20-%20Hub/SofLIA-HUB/node_modules/vite/dist/node/module-runner.js:1146:59)"],"meta":{},"tags":[]},{"ancestorTitles":["Filesystem operations"],"fullName":"Filesystem operations CU-020: create_directory creates recursive path","status":"failed","title":"CU-020: create_directory creates recursive path","duration":0.13160000000016225,"failureMessages":["Error: [vitest] No \"execFile\" export is defined on the \"node:child_process\" mock. Did you forget to return it from \"vi.mock\"?\nIf you need to partially mock a module, you can use \"importOriginal\" helper inside:\n\n    at VitestMocker.createError (file:///C:/Users/fysg5/OneDrive/Escritorio/Pulse%20Hub/SofLIA%20-%20Hub/SofLIA-HUB/node_modules/vitest/dist/chunks/startVitestModuleRunner.C3ZR-4J3.js:62:17)\n    at Object.get (file:///C:/Users/fysg5/OneDrive/Escritorio/Pulse%20Hub/SofLIA%20-%20Hub/SofLIA-HUB/node_modules/vitest/dist/chunks/startVitestModuleRunner.C3ZR-4J3.js:310:16)\n    at C:/Users/fysg5/OneDrive/Escritorio/Pulse Hub/SofLIA - Hub/SofLIA-HUB/electron/background-process-service.ts:11:33\n    at processTicksAndRejections (node:internal/process/task_queues:104:5)\n    at VitestModuleEvaluator._runInlinedModule (file:///C:/Users/fysg5/OneDrive/Escritorio/Pulse%20Hub/SofLIA%20-%20Hub/SofLIA-HUB/node_modules/vitest/dist/module-evaluator.js:206:4)\n    at VitestModuleRunner.directRequest (file:///C:/Users/fysg5/OneDrive/Escritorio/Pulse%20Hub/SofLIA%20-%20Hub/SofLIA-HUB/node_modules/vite/dist/node/module-runner.js:1146:59)\n    at VitestModuleRunner.cachedRequest (file:///C:/Users/fysg5/OneDrive/Escritorio/Pulse%20Hub/SofLIA%20-%20Hub/SofLIA-HUB/node_modules/vite/dist/node/module-runner.js:1053:73)\n    at C:/Users/fysg5/OneDrive/Escritorio/Pulse Hub/SofLIA - Hub/SofLIA-HUB/electron/computer-use-handlers.ts:22:1\n    at VitestModuleEvaluator._runInlinedModule (file:///C:/Users/fysg5/OneDrive/Escritorio/Pulse%20Hub/SofLIA%20-%20Hub/SofLIA-HUB/node_modules/vitest/dist/module-evaluator.js:206:4)\n    at VitestModuleRunner.directRequest (file:///C:/Users/fysg5/OneDrive/Escritorio/Pulse%20Hub/SofLIA%20-%20Hub/SofLIA-HUB/node_modules/vite/dist/node/module-runner.js:1146:59)"],"meta":{},"tags":[]},{"ancestorTitles":["Filesystem operations"],"fullName":"Filesystem operations CU-021: create_directory handles already exists (EEXIST)","status":"failed","title":"CU-021: create_directory handles already exists (EEXIST)","duration":0.1619999999998072,"failureMessages":["Error: [vitest] No \"execFile\" export is defined on the \"node:child_process\" mock. Did you forget to return it from \"vi.mock\"?\nIf you need to partially mock a module, you can use \"importOriginal\" helper inside:\n\n    at VitestMocker.createError (file:///C:/Users/fysg5/OneDrive/Escritorio/Pulse%20Hub/SofLIA%20-%20Hub/SofLIA-HUB/node_modules/vitest/dist/chunks/startVitestModuleRunner.C3ZR-4J3.js:62:17)\n    at Object.get (file:///C:/Users/fysg5/OneDrive/Escritorio/Pulse%20Hub/SofLIA%20-%20Hub/SofLIA-HUB/node_modules/vitest/dist/chunks/startVitestModuleRunner.C3ZR-4J3.js:310:16)\n    at C:/Users/fysg5/OneDrive/Escritorio/Pulse Hub/SofLIA - Hub/SofLIA-HUB/electron/background-process-service.ts:11:33\n    at processTicksAndRejections (node:internal/process/task_queues:104:5)\n    at VitestModuleEvaluator._runInlinedModule (file:///C:/Users/fysg5/OneDrive/Escritorio/Pulse%20Hub/SofLIA%20-%20Hub/SofLIA-HUB/node_modules/vitest/dist/module-evaluator.js:206:4)\n    at VitestModuleRunner.directRequest (file:///C:/Users/fysg5/OneDrive/Escritorio/Pulse%20Hub/SofLIA%20-%20Hub/SofLIA-HUB/node_modules/vite/dist/node/module-runner.js:1146:59)\n    at VitestModuleRunner.cachedRequest (file:///C:/Users/fysg5/OneDrive/Escritorio/Pulse%20Hub/SofLIA%20-%20Hub/SofLIA-HUB/node_modules/vite/dist/node/module-runner.js:1053:73)\n    at C:/Users/fysg5/OneDrive/Escritorio/Pulse Hub/SofLIA - Hub/SofLIA-HUB/electron/computer-use-handlers.ts:22:1\n    at VitestModuleEvaluator._runInlinedModule (file:///C:/Users/fysg5/OneDrive/Escritorio/Pulse%20Hub/SofLIA%20-%20Hub/SofLIA-HUB/node_modules/vitest/dist/module-evaluator.js:206:4)\n    at VitestModuleRunner.directRequest (file:///C:/Users/fysg5/OneDrive/Escritorio/Pulse%20Hub/SofLIA%20-%20Hub/SofLIA-HUB/node_modules/vite/dist/node/module-runner.js:1146:59)"],"meta":{},"tags":[]},{"ancestorTitles":["Filesystem operations"],"fullName":"Filesystem operations CU-022: move_item moves a file","status":"failed","title":"CU-022: move_item moves a file","duration":0.17719999999985703,"failureMessages":["Error: [vitest] No \"execFile\" export is defined on the \"node:child_process\" mock. Did you forget to return it from \"vi.mock\"?\nIf you need to partially mock a module, you can use \"importOriginal\" helper inside:\n\n    at VitestMocker.createError (file:///C:/Users/fysg5/OneDrive/Escritorio/Pulse%20Hub/SofLIA%20-%20Hub/SofLIA-HUB/node_modules/vitest/dist/chunks/startVitestModuleRunner.C3ZR-4J3.js:62:17)\n    at Object.get (file:///C:/Users/fysg5/OneDrive/Escritorio/Pulse%20Hub/SofLIA%20-%20Hub/SofLIA-HUB/node_modules/vitest/dist/chunks/startVitestModuleRunner.C3ZR-4J3.js:310:16)\n    at C:/Users/fysg5/OneDrive/Escritorio/Pulse Hub/SofLIA - Hub/SofLIA-HUB/electron/background-process-service.ts:11:33\n    at processTicksAndRejections (node:internal/process/task_queues:104:5)\n    at VitestModuleEvaluator._runInlinedModule (file:///C:/Users/fysg5/OneDrive/Escritorio/Pulse%20Hub/SofLIA%20-%20Hub/SofLIA-HUB/node_modules/vitest/dist/module-evaluator.js:206:4)\n    at VitestModuleRunner.directRequest (file:///C:/Users/fysg5/OneDrive/Escritorio/Pulse%20Hub/SofLIA%20-%20Hub/SofLIA-HUB/node_modules/vite/dist/node/module-runner.js:1146:59)\n    at VitestModuleRunner.cachedRequest (file:///C:/Users/fysg5/OneDrive/Escritorio/Pulse%20Hub/SofLIA%20-%20Hub/SofLIA-HUB/node_modules/vite/dist/node/module-runner.js:1053:73)\n    at C:/Users/fysg5/OneDrive/Escritorio/Pulse Hub/SofLIA - Hub/SofLIA-HUB/electron/computer-use-handlers.ts:22:1\n    at VitestModuleEvaluator._runInlinedModule (file:///C:/Users/fysg5/OneDrive/Escritorio/Pulse%20Hub/SofLIA%20-%20Hub/SofLIA-HUB/node_modules/vitest/dist/module-evaluator.js:206:4)\n    at VitestModuleRunner.directRequest (file:///C:/Users/fysg5/OneDrive/Escritorio/Pulse%20Hub/SofLIA%20-%20Hub/SofLIA-HUB/node_modules/vite/dist/node/module-runner.js:1146:59)"],"meta":{},"tags":[]},{"ancestorTitles":["Filesystem operations"],"fullName":"Filesystem operations CU-023: move_item moves a directory","status":"failed","title":"CU-023: move_item moves a directory","duration":0.1413000000000011,"failureMessages":["Error: [vitest] No \"execFile\" export is defined on the \"node:child_process\" mock. Did you forget to return it from \"vi.mock\"?\nIf you need to partially mock a module, you can use \"importOriginal\" helper inside:\n\n    at VitestMocker.createError (file:///C:/Users/fysg5/OneDrive/Escritorio/Pulse%20Hub/SofLIA%20-%20Hub/SofLIA-HUB/node_modules/vitest/dist/chunks/startVitestModuleRunner.C3ZR-4J3.js:62:17)\n    at Object.get (file:///C:/Users/fysg5/OneDrive/Escritorio/Pulse%20Hub/SofLIA%20-%20Hub/SofLIA-HUB/node_modules/vitest/dist/chunks/startVitestModuleRunner.C3ZR-4J3.js:310:16)\n    at C:/Users/fysg5/OneDrive/Escritorio/Pulse Hub/SofLIA - Hub/SofLIA-HUB/electron/background-process-service.ts:11:33\n    at processTicksAndRejections (node:internal/process/task_queues:104:5)\n    at VitestModuleEvaluator._runInlinedModule (file:///C:/Users/fysg5/OneDrive/Escritorio/Pulse%20Hub/SofLIA%20-%20Hub/SofLIA-HUB/node_modules/vitest/dist/module-evaluator.js:206:4)\n    at VitestModuleRunner.directRequest (file:///C:/Users/fysg5/OneDrive/Escritorio/Pulse%20Hub/SofLIA%20-%20Hub/SofLIA-HUB/node_modules/vite/dist/node/module-runner.js:1146:59)\n    at VitestModuleRunner.cachedRequest (file:///C:/Users/fysg5/OneDrive/Escritorio/Pulse%20Hub/SofLIA%20-%20Hub/SofLIA-HUB/node_modules/vite/dist/node/module-runner.js:1053:73)\n    at C:/Users/fysg5/OneDrive/Escritorio/Pulse Hub/SofLIA - Hub/SofLIA-HUB/electron/computer-use-handlers.ts:22:1\n    at VitestModuleEvaluator._runInlinedModule (file:///C:/Users/fysg5/OneDrive/Escritorio/Pulse%20Hub/SofLIA%20-%20Hub/SofLIA-HUB/node_modules/vitest/dist/module-evaluator.js:206:4)\n    at VitestModuleRunner.directRequest (file:///C:/Users/fysg5/OneDrive/Escritorio/Pulse%20Hub/SofLIA%20-%20Hub/SofLIA-HUB/node_modules/vite/dist/node/module-runner.js:1146:59)"],"meta":{},"tags":[]},{"ancestorTitles":["Filesystem operations"],"fullName":"Filesystem operations CU-024: move_item creates parent when ENOENT","status":"failed","title":"CU-024: move_item creates parent when ENOENT","duration":0.11900000000014188,"failureMessages":["Error: [vitest] No \"execFile\" export is defined on the \"node:child_process\" mock. Did you forget to return it from \"vi.mock\"?\nIf you need to partially mock a module, you can use \"importOriginal\" helper inside:\n\n    at VitestMocker.createError (file:///C:/Users/fysg5/OneDrive/Escritorio/Pulse%20Hub/SofLIA%20-%20Hub/SofLIA-HUB/node_modules/vitest/dist/chunks/startVitestModuleRunner.C3ZR-4J3.js:62:17)\n    at Object.get (file:///C:/Users/fysg5/OneDrive/Escritorio/Pulse%20Hub/SofLIA%20-%20Hub/SofLIA-HUB/node_modules/vitest/dist/chunks/startVitestModuleRunner.C3ZR-4J3.js:310:16)\n    at C:/Users/fysg5/OneDrive/Escritorio/Pulse Hub/SofLIA - Hub/SofLIA-HUB/electron/background-process-service.ts:11:33\n    at processTicksAndRejections (node:internal/process/task_queues:104:5)\n    at VitestModuleEvaluator._runInlinedModule (file:///C:/Users/fysg5/OneDrive/Escritorio/Pulse%20Hub/SofLIA%20-%20Hub/SofLIA-HUB/node_modules/vitest/dist/module-evaluator.js:206:4)\n    at VitestModuleRunner.directRequest (file:///C:/Users/fysg5/OneDrive/Escritorio/Pulse%20Hub/SofLIA%20-%20Hub/SofLIA-HUB/node_modules/vite/dist/node/module-runner.js:1146:59)\n    at VitestModuleRunner.cachedRequest (file:///C:/Users/fysg5/OneDrive/Escritorio/Pulse%20Hub/SofLIA%20-%20Hub/SofLIA-HUB/node_modules/vite/dist/node/module-runner.js:1053:73)\n    at C:/Users/fysg5/OneDrive/Escritorio/Pulse Hub/SofLIA - Hub/SofLIA-HUB/electron/computer-use-handlers.ts:22:1\n    at VitestModuleEvaluator._runInlinedModule (file:///C:/Users/fysg5/OneDrive/Escritorio/Pulse%20Hub/SofLIA%20-%20Hub/SofLIA-HUB/node_modules/vitest/dist/module-evaluator.js:206:4)\n    at VitestModuleRunner.directRequest (file:///C:/Users/fysg5/OneDrive/Escritorio/Pulse%20Hub/SofLIA%20-%20Hub/SofLIA-HUB/node_modules/vite/dist/node/module-runner.js:1146:59)"],"meta":{},"tags":[]},{"ancestorTitles":["Filesystem operations"],"fullName":"Filesystem operations CU-025: move_item returns error on general failure","status":"failed","title":"CU-025: move_item returns error on general failure","duration":0.1149000000000342,"failureMessages":["Error: [vitest] No \"execFile\" export is defined on the \"node:child_process\" mock. Did you forget to return it from \"vi.mock\"?\nIf you need to partially mock a module, you can use \"importOriginal\" helper inside:\n\n    at VitestMocker.createError (file:///C:/Users/fysg5/OneDrive/Escritorio/Pulse%20Hub/SofLIA%20-%20Hub/SofLIA-HUB/node_modules/vitest/dist/chunks/startVitestModuleRunner.C3ZR-4J3.js:62:17)\n    at Object.get (file:///C:/Users/fysg5/OneDrive/Escritorio/Pulse%20Hub/SofLIA%20-%20Hub/SofLIA-HUB/node_modules/vitest/dist/chunks/startVitestModuleRunner.C3ZR-4J3.js:310:16)\n    at C:/Users/fysg5/OneDrive/Escritorio/Pulse Hub/SofLIA - Hub/SofLIA-HUB/electron/background-process-service.ts:11:33\n    at processTicksAndRejections (node:internal/process/task_queues:104:5)\n    at VitestModuleEvaluator._runInlinedModule (file:///C:/Users/fysg5/OneDrive/Escritorio/Pulse%20Hub/SofLIA%20-%20Hub/SofLIA-HUB/node_modules/vitest/dist/module-evaluator.js:206:4)\n    at VitestModuleRunner.directRequest (file:///C:/Users/fysg5/OneDrive/Escritorio/Pulse%20Hub/SofLIA%20-%20Hub/SofLIA-HUB/node_modules/vite/dist/node/module-runner.js:1146:59)\n    at VitestModuleRunner.cachedRequest (file:///C:/Users/fysg5/OneDrive/Escritorio/Pulse%20Hub/SofLIA%20-%20Hub/SofLIA-HUB/node_modules/vite/dist/node/module-runner.js:1053:73)\n    at C:/Users/fysg5/OneDrive/Escritorio/Pulse Hub/SofLIA - Hub/SofLIA-HUB/electron/computer-use-handlers.ts:22:1\n    at VitestModuleEvaluator._runInlinedModule (file:///C:/Users/fysg5/OneDrive/Escritorio/Pulse%20Hub/SofLIA%20-%20Hub/SofLIA-HUB/node_modules/vitest/dist/module-evaluator.js:206:4)\n    at VitestModuleRunner.directRequest (file:///C:/Users/fysg5/OneDrive/Escritorio/Pulse%20Hub/SofLIA%20-%20Hub/SofLIA-HUB/node_modules/vite/dist/node/module-runner.js:1146:59)"],"meta":{},"tags":[]},{"ancestorTitles":["Filesystem operations"],"fullName":"Filesystem operations CU-026: copy_item copies a file","status":"failed","title":"CU-026: copy_item copies a file","duration":0.10710000000017317,"failureMessages":["Error: [vitest] No \"execFile\" export is defined on the \"node:child_process\" mock. Did you forget to return it from \"vi.mock\"?\nIf you need to partially mock a module, you can use \"importOriginal\" helper inside:\n\n    at VitestMocker.createError (file:///C:/Users/fysg5/OneDrive/Escritorio/Pulse%20Hub/SofLIA%20-%20Hub/SofLIA-HUB/node_modules/vitest/dist/chunks/startVitestModuleRunner.C3ZR-4J3.js:62:17)\n    at Object.get (file:///C:/Users/fysg5/OneDrive/Escritorio/Pulse%20Hub/SofLIA%20-%20Hub/SofLIA-HUB/node_modules/vitest/dist/chunks/startVitestModuleRunner.C3ZR-4J3.js:310:16)\n    at C:/Users/fysg5/OneDrive/Escritorio/Pulse Hub/SofLIA - Hub/SofLIA-HUB/electron/background-process-service.ts:11:33\n    at processTicksAndRejections (node:internal/process/task_queues:104:5)\n    at VitestModuleEvaluator._runInlinedModule (file:///C:/Users/fysg5/OneDrive/Escritorio/Pulse%20Hub/SofLIA%20-%20Hub/SofLIA-HUB/node_modules/vitest/dist/module-evaluator.js:206:4)\n    at VitestModuleRunner.directRequest (file:///C:/Users/fysg5/OneDrive/Escritorio/Pulse%20Hub/SofLIA%20-%20Hub/SofLIA-HUB/node_modules/vite/dist/node/module-runner.js:1146:59)\n    at VitestModuleRunner.cachedRequest (file:///C:/Users/fysg5/OneDrive/Escritorio/Pulse%20Hub/SofLIA%20-%20Hub/SofLIA-HUB/node_modules/vite/dist/node/module-runner.js:1053:73)\n    at C:/Users/fysg5/OneDrive/Escritorio/Pulse Hub/SofLIA - Hub/SofLIA-HUB/electron/computer-use-handlers.ts:22:1\n    at VitestModuleEvaluator._runInlinedModule (file:///C:/Users/fysg5/OneDrive/Escritorio/Pulse%20Hub/SofLIA%20-%20Hub/SofLIA-HUB/node_modules/vitest/dist/module-evaluator.js:206:4)\n    at VitestModuleRunner.directRequest (file:///C:/Users/fysg5/OneDrive/Escritorio/Pulse%20Hub/SofLIA%20-%20Hub/SofLIA-HUB/node_modules/vite/dist/node/module-runner.js:1146:59)"],"meta":{},"tags":[]},{"ancestorTitles":["Filesystem operations"],"fullName":"Filesystem operations CU-027: copy_item copies directory recursively","status":"failed","title":"CU-027: copy_item copies directory recursively","duration":0.15550000000007458,"failureMessages":["Error: [vitest] No \"execFile\" export is defined on the \"node:child_process\" mock. Did you forget to return it from \"vi.mock\"?\nIf you need to partially mock a module, you can use \"importOriginal\" helper inside:\n\n    at VitestMocker.createError (file:///C:/Users/fysg5/OneDrive/Escritorio/Pulse%20Hub/SofLIA%20-%20Hub/SofLIA-HUB/node_modules/vitest/dist/chunks/startVitestModuleRunner.C3ZR-4J3.js:62:17)\n    at Object.get (file:///C:/Users/fysg5/OneDrive/Escritorio/Pulse%20Hub/SofLIA%20-%20Hub/SofLIA-HUB/node_modules/vitest/dist/chunks/startVitestModuleRunner.C3ZR-4J3.js:310:16)\n    at C:/Users/fysg5/OneDrive/Escritorio/Pulse Hub/SofLIA - Hub/SofLIA-HUB/electron/background-process-service.ts:11:33\n    at processTicksAndRejections (node:internal/process/task_queues:104:5)\n    at VitestModuleEvaluator._runInlinedModule (file:///C:/Users/fysg5/OneDrive/Escritorio/Pulse%20Hub/SofLIA%20-%20Hub/SofLIA-HUB/node_modules/vitest/dist/module-evaluator.js:206:4)\n    at VitestModuleRunner.directRequest (file:///C:/Users/fysg5/OneDrive/Escritorio/Pulse%20Hub/SofLIA%20-%20Hub/SofLIA-HUB/node_modules/vite/dist/node/module-runner.js:1146:59)\n    at VitestModuleRunner.cachedRequest (file:///C:/Users/fysg5/OneDrive/Escritorio/Pulse%20Hub/SofLIA%20-%20Hub/SofLIA-HUB/node_modules/vite/dist/node/module-runner.js:1053:73)\n    at C:/Users/fysg5/OneDrive/Escritorio/Pulse Hub/SofLIA - Hub/SofLIA-HUB/electron/computer-use-handlers.ts:22:1\n    at VitestModuleEvaluator._runInlinedModule (file:///C:/Users/fysg5/OneDrive/Escritorio/Pulse%20Hub/SofLIA%20-%20Hub/SofLIA-HUB/node_modules/vitest/dist/module-evaluator.js:206:4)\n    at VitestModuleRunner.directRequest (file:///C:/Users/fysg5/OneDrive/Escritorio/Pulse%20Hub/SofLIA%20-%20Hub/SofLIA-HUB/node_modules/vite/dist/node/module-runner.js:1146:59)"],"meta":{},"tags":[]},{"ancestorTitles":["Filesystem operations"],"fullName":"Filesystem operations CU-028: copy_item returns error when source nonexistent","status":"failed","title":"CU-028: copy_item returns error when source nonexistent","duration":0.15470000000004802,"failureMessages":["Error: [vitest] No \"execFile\" export is defined on the \"node:child_process\" mock. Did you forget to return it from \"vi.mock\"?\nIf you need to partially mock a module, you can use \"importOriginal\" helper inside:\n\n    at VitestMocker.createError (file:///C:/Users/fysg5/OneDrive/Escritorio/Pulse%20Hub/SofLIA%20-%20Hub/SofLIA-HUB/node_modules/vitest/dist/chunks/startVitestModuleRunner.C3ZR-4J3.js:62:17)\n    at Object.get (file:///C:/Users/fysg5/OneDrive/Escritorio/Pulse%20Hub/SofLIA%20-%20Hub/SofLIA-HUB/node_modules/vitest/dist/chunks/startVitestModuleRunner.C3ZR-4J3.js:310:16)\n    at C:/Users/fysg5/OneDrive/Escritorio/Pulse Hub/SofLIA - Hub/SofLIA-HUB/electron/background-process-service.ts:11:33\n    at processTicksAndRejections (node:internal/process/task_queues:104:5)\n    at VitestModuleEvaluator._runInlinedModule (file:///C:/Users/fysg5/OneDrive/Escritorio/Pulse%20Hub/SofLIA%20-%20Hub/SofLIA-HUB/node_modules/vitest/dist/module-evaluator.js:206:4)\n    at VitestModuleRunner.directRequest (file:///C:/Users/fysg5/OneDrive/Escritorio/Pulse%20Hub/SofLIA%20-%20Hub/SofLIA-HUB/node_modules/vite/dist/node/module-runner.js:1146:59)\n    at VitestModuleRunner.cachedRequest (file:///C:/Users/fysg5/OneDrive/Escritorio/Pulse%20Hub/SofLIA%20-%20Hub/SofLIA-HUB/node_modules/vite/dist/node/module-runner.js:1053:73)\n    at C:/Users/fysg5/OneDrive/Escritorio/Pulse Hub/SofLIA - Hub/SofLIA-HUB/electron/computer-use-handlers.ts:22:1\n    at VitestModuleEvaluator._runInlinedModule (file:///C:/Users/fysg5/OneDrive/Escritorio/Pulse%20Hub/SofLIA%20-%20Hub/SofLIA-HUB/node_modules/vitest/dist/module-evaluator.js:206:4)\n    at VitestModuleRunner.directRequest (file:///C:/Users/fysg5/OneDrive/Escritorio/Pulse%20Hub/SofLIA%20-%20Hub/SofLIA-HUB/node_modules/vite/dist/node/module-runner.js:1146:59)"],"meta":{},"tags":[]},{"ancestorTitles":["Filesystem operations"],"fullName":"Filesystem operations CU-029: delete_item sends file to trash","status":"failed","title":"CU-029: delete_item sends file to trash","duration":0.13259999999991123,"failureMessages":["Error: [vitest] No \"execFile\" export is defined on the \"node:child_process\" mock. Did you forget to return it from \"vi.mock\"?\nIf you need to partially mock a module, you can use \"importOriginal\" helper inside:\n\n    at VitestMocker.createError (file:///C:/Users/fysg5/OneDrive/Escritorio/Pulse%20Hub/SofLIA%20-%20Hub/SofLIA-HUB/node_modules/vitest/dist/chunks/startVitestModuleRunner.C3ZR-4J3.js:62:17)\n    at Object.get (file:///C:/Users/fysg5/OneDrive/Escritorio/Pulse%20Hub/SofLIA%20-%20Hub/SofLIA-HUB/node_modules/vitest/dist/chunks/startVitestModuleRunner.C3ZR-4J3.js:310:16)\n    at C:/Users/fysg5/OneDrive/Escritorio/Pulse Hub/SofLIA - Hub/SofLIA-HUB/electron/background-process-service.ts:11:33\n    at processTicksAndRejections (node:internal/process/task_queues:104:5)\n    at VitestModuleEvaluator._runInlinedModule (file:///C:/Users/fysg5/OneDrive/Escritorio/Pulse%20Hub/SofLIA%20-%20Hub/SofLIA-HUB/node_modules/vitest/dist/module-evaluator.js:206:4)\n    at VitestModuleRunner.directRequest (file:///C:/Users/fysg5/OneDrive/Escritorio/Pulse%20Hub/SofLIA%20-%20Hub/SofLIA-HUB/node_modules/vite/dist/node/module-runner.js:1146:59)\n    at VitestModuleRunner.cachedRequest (file:///C:/Users/fysg5/OneDrive/Escritorio/Pulse%20Hub/SofLIA%20-%20Hub/SofLIA-HUB/node_modules/vite/dist/node/module-runner.js:1053:73)\n    at C:/Users/fysg5/OneDrive/Escritorio/Pulse Hub/SofLIA - Hub/SofLIA-HUB/electron/computer-use-handlers.ts:22:1\n    at VitestModuleEvaluator._runInlinedModule (file:///C:/Users/fysg5/OneDrive/Escritorio/Pulse%20Hub/SofLIA%20-%20Hub/SofLIA-HUB/node_modules/vitest/dist/module-evaluator.js:206:4)\n    at VitestModuleRunner.directRequest (file:///C:/Users/fysg5/OneDrive/Escritorio/Pulse%20Hub/SofLIA%20-%20Hub/SofLIA-HUB/node_modules/vite/dist/node/module-runner.js:1146:59)"],"meta":{},"tags":[]},{"ancestorTitles":["Filesystem operations"],"fullName":"Filesystem operations CU-030: delete_item handles directory","status":"failed","title":"CU-030: delete_item handles directory","duration":0.11180000000013024,"failureMessages":["Error: [vitest] No \"execFile\" export is defined on the \"node:child_process\" mock. Did you forget to return it from \"vi.mock\"?\nIf you need to partially mock a module, you can use \"importOriginal\" helper inside:\n\n    at VitestMocker.createError (file:///C:/Users/fysg5/OneDrive/Escritorio/Pulse%20Hub/SofLIA%20-%20Hub/SofLIA-HUB/node_modules/vitest/dist/chunks/startVitestModuleRunner.C3ZR-4J3.js:62:17)\n    at Object.get (file:///C:/Users/fysg5/OneDrive/Escritorio/Pulse%20Hub/SofLIA%20-%20Hub/SofLIA-HUB/node_modules/vitest/dist/chunks/startVitestModuleRunner.C3ZR-4J3.js:310:16)\n    at C:/Users/fysg5/OneDrive/Escritorio/Pulse Hub/SofLIA - Hub/SofLIA-HUB/electron/background-process-service.ts:11:33\n    at processTicksAndRejections (node:internal/process/task_queues:104:5)\n    at VitestModuleEvaluator._runInlinedModule (file:///C:/Users/fysg5/OneDrive/Escritorio/Pulse%20Hub/SofLIA%20-%20Hub/SofLIA-HUB/node_modules/vitest/dist/module-evaluator.js:206:4)\n    at VitestModuleRunner.directRequest (file:///C:/Users/fysg5/OneDrive/Escritorio/Pulse%20Hub/SofLIA%20-%20Hub/SofLIA-HUB/node_modules/vite/dist/node/module-runner.js:1146:59)\n    at VitestModuleRunner.cachedRequest (file:///C:/Users/fysg5/OneDrive/Escritorio/Pulse%20Hub/SofLIA%20-%20Hub/SofLIA-HUB/node_modules/vite/dist/node/module-runner.js:1053:73)\n    at C:/Users/fysg5/OneDrive/Escritorio/Pulse Hub/SofLIA - Hub/SofLIA-HUB/electron/computer-use-handlers.ts:22:1\n    at VitestModuleEvaluator._runInlinedModule (file:///C:/Users/fysg5/OneDrive/Escritorio/Pulse%20Hub/SofLIA%20-%20Hub/SofLIA-HUB/node_modules/vitest/dist/module-evaluator.js:206:4)\n    at VitestModuleRunner.directRequest (file:///C:/Users/fysg5/OneDrive/Escritorio/Pulse%20Hub/SofLIA%20-%20Hub/SofLIA-HUB/node_modules/vite/dist/node/module-runner.js:1146:59)"],"meta":{},"tags":[]},{"ancestorTitles":["Filesystem operations"],"fullName":"Filesystem operations CU-031: delete_item returns error for nonexistent","status":"failed","title":"CU-031: delete_item returns error for nonexistent","duration":0.12169999999991887,"failureMessages":["Error: [vitest] No \"execFile\" export is defined on the \"node:child_process\" mock. Did you forget to return it from \"vi.mock\"?\nIf you need to partially mock a module, you can use \"importOriginal\" helper inside:\n\n    at VitestMocker.createError (file:///C:/Users/fysg5/OneDrive/Escritorio/Pulse%20Hub/SofLIA%20-%20Hub/SofLIA-HUB/node_modules/vitest/dist/chunks/startVitestModuleRunner.C3ZR-4J3.js:62:17)\n    at Object.get (file:///C:/Users/fysg5/OneDrive/Escritorio/Pulse%20Hub/SofLIA%20-%20Hub/SofLIA-HUB/node_modules/vitest/dist/chunks/startVitestModuleRunner.C3ZR-4J3.js:310:16)\n    at C:/Users/fysg5/OneDrive/Escritorio/Pulse Hub/SofLIA - Hub/SofLIA-HUB/electron/background-process-service.ts:11:33\n    at processTicksAndRejections (node:internal/process/task_queues:104:5)\n    at VitestModuleEvaluator._runInlinedModule (file:///C:/Users/fysg5/OneDrive/Escritorio/Pulse%20Hub/SofLIA%20-%20Hub/SofLIA-HUB/node_modules/vitest/dist/module-evaluator.js:206:4)\n    at VitestModuleRunner.directRequest (file:///C:/Users/fysg5/OneDrive/Escritorio/Pulse%20Hub/SofLIA%20-%20Hub/SofLIA-HUB/node_modules/vite/dist/node/module-runner.js:1146:59)\n    at VitestModuleRunner.cachedRequest (file:///C:/Users/fysg5/OneDrive/Escritorio/Pulse%20Hub/SofLIA%20-%20Hub/SofLIA-HUB/node_modules/vite/dist/node/module-runner.js:1053:73)\n    at C:/Users/fysg5/OneDrive/Escritorio/Pulse Hub/SofLIA - Hub/SofLIA-HUB/electron/computer-use-handlers.ts:22:1\n    at VitestModuleEvaluator._runInlinedModule (file:///C:/Users/fysg5/OneDrive/Escritorio/Pulse%20Hub/SofLIA%20-%20Hub/SofLIA-HUB/node_modules/vitest/dist/module-evaluator.js:206:4)\n    at VitestModuleRunner.directRequest (file:///C:/Users/fysg5/OneDrive/Escritorio/Pulse%20Hub/SofLIA%20-%20Hub/SofLIA-HUB/node_modules/vite/dist/node/module-runner.js:1146:59)"],"meta":{},"tags":[]},{"ancestorTitles":["Filesystem operations"],"fullName":"Filesystem operations CU-032: get_file_info returns metadata","status":"failed","title":"CU-032: get_file_info returns metadata","duration":0.14580000000000837,"failureMessages":["Error: [vitest] No \"execFile\" export is defined on the \"node:child_process\" mock. Did you forget to return it from \"vi.mock\"?\nIf you need to partially mock a module, you can use \"importOriginal\" helper inside:\n\n    at VitestMocker.createError (file:///C:/Users/fysg5/OneDrive/Escritorio/Pulse%20Hub/SofLIA%20-%20Hub/SofLIA-HUB/node_modules/vitest/dist/chunks/startVitestModuleRunner.C3ZR-4J3.js:62:17)\n    at Object.get (file:///C:/Users/fysg5/OneDrive/Escritorio/Pulse%20Hub/SofLIA%20-%20Hub/SofLIA-HUB/node_modules/vitest/dist/chunks/startVitestModuleRunner.C3ZR-4J3.js:310:16)\n    at C:/Users/fysg5/OneDrive/Escritorio/Pulse Hub/SofLIA - Hub/SofLIA-HUB/electron/background-process-service.ts:11:33\n    at processTicksAndRejections (node:internal/process/task_queues:104:5)\n    at VitestModuleEvaluator._runInlinedModule (file:///C:/Users/fysg5/OneDrive/Escritorio/Pulse%20Hub/SofLIA%20-%20Hub/SofLIA-HUB/node_modules/vitest/dist/module-evaluator.js:206:4)\n    at VitestModuleRunner.directRequest (file:///C:/Users/fysg5/OneDrive/Escritorio/Pulse%20Hub/SofLIA%20-%20Hub/SofLIA-HUB/node_modules/vite/dist/node/module-runner.js:1146:59)\n    at VitestModuleRunner.cachedRequest (file:///C:/Users/fysg5/OneDrive/Escritorio/Pulse%20Hub/SofLIA%20-%20Hub/SofLIA-HUB/node_modules/vite/dist/node/module-runner.js:1053:73)\n    at C:/Users/fysg5/OneDrive/Escritorio/Pulse Hub/SofLIA - Hub/SofLIA-HUB/electron/computer-use-handlers.ts:22:1\n    at VitestModuleEvaluator._runInlinedModule (file:///C:/Users/fysg5/OneDrive/Escritorio/Pulse%20Hub/SofLIA%20-%20Hub/SofLIA-HUB/node_modules/vitest/dist/module-evaluator.js:206:4)\n    at VitestModuleRunner.directRequest (file:///C:/Users/fysg5/OneDrive/Escritorio/Pulse%20Hub/SofLIA%20-%20Hub/SofLIA-HUB/node_modules/vite/dist/node/module-runner.js:1146:59)"],"meta":{},"tags":[]},{"ancestorTitles":["Filesystem operations"],"fullName":"Filesystem operations CU-033: get_file_info returns error for nonexistent","status":"failed","title":"CU-033: get_file_info returns error for nonexistent","duration":0.13790000000017244,"failureMessages":["Error: [vitest] No \"execFile\" export is defined on the \"node:child_process\" mock. Did you forget to return it from \"vi.mock\"?\nIf you need to partially mock a module, you can use \"importOriginal\" helper inside:\n\n    at VitestMocker.createError (file:///C:/Users/fysg5/OneDrive/Escritorio/Pulse%20Hub/SofLIA%20-%20Hub/SofLIA-HUB/node_modules/vitest/dist/chunks/startVitestModuleRunner.C3ZR-4J3.js:62:17)\n    at Object.get (file:///C:/Users/fysg5/OneDrive/Escritorio/Pulse%20Hub/SofLIA%20-%20Hub/SofLIA-HUB/node_modules/vitest/dist/chunks/startVitestModuleRunner.C3ZR-4J3.js:310:16)\n    at C:/Users/fysg5/OneDrive/Escritorio/Pulse Hub/SofLIA - Hub/SofLIA-HUB/electron/background-process-service.ts:11:33\n    at processTicksAndRejections (node:internal/process/task_queues:104:5)\n    at VitestModuleEvaluator._runInlinedModule (file:///C:/Users/fysg5/OneDrive/Escritorio/Pulse%20Hub/SofLIA%20-%20Hub/SofLIA-HUB/node_modules/vitest/dist/module-evaluator.js:206:4)\n    at VitestModuleRunner.directRequest (file:///C:/Users/fysg5/OneDrive/Escritorio/Pulse%20Hub/SofLIA%20-%20Hub/SofLIA-HUB/node_modules/vite/dist/node/module-runner.js:1146:59)\n    at VitestModuleRunner.cachedRequest (file:///C:/Users/fysg5/OneDrive/Escritorio/Pulse%20Hub/SofLIA%20-%20Hub/SofLIA-HUB/node_modules/vite/dist/node/module-runner.js:1053:73)\n    at C:/Users/fysg5/OneDrive/Escritorio/Pulse Hub/SofLIA - Hub/SofLIA-HUB/electron/computer-use-handlers.ts:22:1\n    at VitestModuleEvaluator._runInlinedModule (file:///C:/Users/fysg5/OneDrive/Escritorio/Pulse%20Hub/SofLIA%20-%20Hub/SofLIA-HUB/node_modules/vitest/dist/module-evaluator.js:206:4)\n    at VitestModuleRunner.directRequest (file:///C:/Users/fysg5/OneDrive/Escritorio/Pulse%20Hub/SofLIA%20-%20Hub/SofLIA-HUB/node_modules/vite/dist/node/module-runner.js:1146:59)"],"meta":{},"tags":[]},{"ancestorTitles":["Command Execution Security"],"fullName":"Command Execution Security CU-034: execute_command runs simple echo","status":"failed","title":"CU-034: execute_command runs simple echo","duration":0.2697000000000571,"failureMessages":["Error: [vitest] No \"execFile\" export is defined on the \"node:child_process\" mock. Did you forget to return it from \"vi.mock\"?\nIf you need to partially mock a module, you can use \"importOriginal\" helper inside:\n\n    at VitestMocker.createError (file:///C:/Users/fysg5/OneDrive/Escritorio/Pulse%20Hub/SofLIA%20-%20Hub/SofLIA-HUB/node_modules/vitest/dist/chunks/startVitestModuleRunner.C3ZR-4J3.js:62:17)\n    at Object.get (file:///C:/Users/fysg5/OneDrive/Escritorio/Pulse%20Hub/SofLIA%20-%20Hub/SofLIA-HUB/node_modules/vitest/dist/chunks/startVitestModuleRunner.C3ZR-4J3.js:310:16)\n    at C:/Users/fysg5/OneDrive/Escritorio/Pulse Hub/SofLIA - Hub/SofLIA-HUB/elect
[...]
s\\react-dom.development.js:28478:17)\n    at createFiberFromElement (C:\\Users\\fysg5\\OneDrive\\Escritorio\\Pulse Hub\\SofLIA - Hub\\SofLIA-HUB\\node_modules\\react-dom\\cjs\\react-dom.development.js:28504:15)\n    at reconcileSingleElement (C:\\Users\\fysg5\\OneDrive\\Escritorio\\Pulse Hub\\SofLIA - Hub\\SofLIA-HUB\\node_modules\\react-dom\\cjs\\react-dom.development.js:13986:23)\n    at reconcileChildFibers (C:\\Users\\fysg5\\OneDrive\\Escritorio\\Pulse Hub\\SofLIA - Hub\\SofLIA-HUB\\node_modules\\react-dom\\cjs\\react-dom.development.js:14044:35)\n    at reconcileChildren (C:\\Users\\fysg5\\OneDrive\\Escritorio\\Pulse Hub\\SofLIA - Hub\\SofLIA-HUB\\node_modules\\react-dom\\cjs\\react-dom.development.js:19193:28)\n    at updateHostRoot (C:\\Users\\fysg5\\OneDrive\\Escritorio\\Pulse Hub\\SofLIA - Hub\\SofLIA-HUB\\node_modules\\react-dom\\cjs\\react-dom.development.js:19912:5)\n    at beginWork (C:\\Users\\fysg5\\OneDrive\\Escritorio\\Pulse Hub\\SofLIA - Hub\\SofLIA-HUB\\node_modules\\react-dom\\cjs\\react-dom.development.js:21654:14)\n    at beginWork$1 (C:\\Users\\fysg5\\OneDrive\\Escritorio\\Pulse Hub\\SofLIA - Hub\\SofLIA-HUB\\node_modules\\react-dom\\cjs\\react-dom.development.js:27465:14)\n    at performUnitOfWork (C:\\Users\\fysg5\\OneDrive\\Escritorio\\Pulse Hub\\SofLIA - Hub\\SofLIA-HUB\\node_modules\\react-dom\\cjs\\react-dom.development.js:26599:12)\n    at workLoopSync (C:\\Users\\fysg5\\OneDrive\\Escritorio\\Pulse Hub\\SofLIA - Hub\\SofLIA-HUB\\node_modules\\react-dom\\cjs\\react-dom.development.js:26505:5)"],"meta":{},"tags":[]}],"startTime":1774128699328,"endTime":1774128699363.7363,"status":"failed","message":"","name":"C:/Users/fysg5/OneDrive/Escritorio/Pulse Hub/SofLIA - Hub/SofLIA-HUB/src/__tests__/components/Sidebar.test.tsx"},{"assertionResults":[{"ancestorTitles":["AuthContext"],"fullName":"AuthContext AUTH-001: AuthProvider initializes with loading=true","status":"passed","title":"AUTH-001: AuthProvider initializes with loading=true","duration":25.92320000000018,"failureMessages":[],"meta":{},"tags":[]},{"ancestorTitles":["AuthContext"],"fullName":"AuthContext AUTH-002: signInWithSofia sets user on success","status":"passed","title":"AUTH-002: signInWithSofia sets user on success","duration":7.720000000000255,"failureMessages":[],"meta":{},"tags":[]},{"ancestorTitles":["AuthContext"],"fullName":"AuthContext AUTH-003: signOut clears user and session","status":"passed","title":"AUTH-003: signOut clears user and session","duration":3.005200000000059,"failureMessages":[],"meta":{},"tags":[]},{"ancestorTitles":["AuthContext"],"fullName":"AuthContext AUTH-004: setCurrentOrganization updates sofiaContext","status":"passed","title":"AUTH-004: setCurrentOrganization updates sofiaContext","duration":3.036800000000312,"failureMessages":[],"meta":{},"tags":[]},{"ancestorTitles":["AuthContext"],"fullName":"AuthContext AUTH-005: auth state change triggers session refresh","status":"passed","title":"AUTH-005: auth state change triggers session refresh","duration":7.007999999999811,"failureMessages":[],"meta":{},"tags":[]}],"startTime":1774128703012,"endTime":1774128703059.008,"status":"passed","message":"","name":"C:/Users/fysg5/OneDrive/Escritorio/Pulse Hub/SofLIA - Hub/SofLIA-HUB/src/__tests__/contexts/AuthContext.test.tsx"},{"assertionResults":[{"ancestorTitles":["chat-service"],"fullName":"chat-service RS-001: createConversation calls Supabase insert via sync","status":"failed","title":"RS-001: createConversation calls Supabase insert via sync","duration":6.67410000000018,"failureMessages":["TypeError: localStorage.clear is not a function\n    at C:/Users/fysg5/OneDrive/Escritorio/Pulse Hub/SofLIA - Hub/SofLIA-HUB/src/__tests__/services/chat-service.test.ts:39:18\n    at file:///C:/Users/fysg5/OneDrive/Escritorio/Pulse%20Hub/SofLIA%20-%20Hub/SofLIA-HUB/node_modules/@vitest/runner/dist/index.js:296:11\n    at wrapper (file:///C:/Users/fysg5/OneDrive/Escritorio/Pulse%20Hub/SofLIA%20-%20Hub/SofLIA-HUB/node_modules/@vitest/runner/dist/index.js:655:10)\n    at file:///C:/Users/fysg5/OneDrive/Escritorio/Pulse%20Hub/SofLIA%20-%20Hub/SofLIA-HUB/node_modules/@vitest/runner/dist/index.js:1660:20\n    at new Promise (<anonymous>)\n    at runWithTimeout (file:///C:/Users/fysg5/OneDrive/Escritorio/Pulse%20Hub/SofLIA%20-%20Hub/SofLIA-HUB/node_modules/@vitest/runner/dist/index.js:1627:10)\n    at file:///C:/Users/fysg5/OneDrive/Escritorio/Pulse%20Hub/SofLIA%20-%20Hub/SofLIA-HUB/node_modules/@vitest/runner/dist/index.js:1975:52\n    at run (file:///C:/Users/fysg5/OneDrive/Escritorio/Pulse%20Hub/SofLIA%20-%20Hub/SofLIA-HUB/node_modules/@vitest/runner/dist/chunk-tasks.js:276:20)\n    at limiterFn (file:///C:/Users/fysg5/OneDrive/Escritorio/Pulse%20Hub/SofLIA%20-%20Hub/SofLIA-HUB/node_modules/@vitest/runner/dist/chunk-tasks.js:288:59)\n    at runHook (file:///C:/Users/fysg5/OneDrive/Escritorio/Pulse%20Hub/SofLIA%20-%20Hub/SofLIA-HUB/node_modules/@vitest/runner/dist/index.js:1974:10)"],"meta":{},"tags":[]},{"ancestorTitles":["chat-service"],"fullName":"chat-service RS-002: loadMessages calls Supabase select with ascending order","status":"failed","title":"RS-002: loadMessages calls Supabase select with ascending order","duration":0.7847999999999047,"failureMessages":["TypeError: localStorage.clear is not a function\n    at C:/Users/fysg5/OneDrive/Escritorio/Pulse Hub/SofLIA - Hub/SofLIA-HUB/src/__tests__/services/chat-service.test.ts:39:18\n    at file:///C:/Users/fysg5/OneDrive/Escritorio/Pulse%20Hub/SofLIA%20-%20Hub/SofLIA-HUB/node_modules/@vitest/runner/dist/index.js:296:11\n    at wrapper (file:///C:/Users/fysg5/OneDrive/Escritorio/Pulse%20Hub/SofLIA%20-%20Hub/SofLIA-HUB/node_modules/@vitest/runner/dist/index.js:655:10)\n    at file:///C:/Users/fysg5/OneDrive/Escritorio/Pulse%20Hub/SofLIA%20-%20Hub/SofLIA-HUB/node_modules/@vitest/runner/dist/index.js:1660:20\n    at new Promise (<anonymous>)\n    at runWithTimeout (file:///C:/Users/fysg5/OneDrive/Escritorio/Pulse%20Hub/SofLIA%20-%20Hub/SofLIA-HUB/node_modules/@vitest/runner/dist/index.js:1627:10)\n    at file:///C:/Users/fysg5/OneDrive/Escritorio/Pulse%20Hub/SofLIA%20-%20Hub/SofLIA-HUB/node_modules/@vitest/runner/dist/index.js:1975:52\n    at run (file:///C:/Users/fysg5/OneDrive/Escritorio/Pulse%20Hub/SofLIA%20-%20Hub/SofLIA-HUB/node_modules/@vitest/runner/dist/chunk-tasks.js:276:20)\n    at limiterFn (file:///C:/Users/fysg5/OneDrive/Escritorio/Pulse%20Hub/SofLIA%20-%20Hub/SofLIA-HUB/node_modules/@vitest/runner/dist/chunk-tasks.js:288:59)\n    at runHook (file:///C:/Users/fysg5/OneDrive/Escritorio/Pulse%20Hub/SofLIA%20-%20Hub/SofLIA-HUB/node_modules/@vitest/runner/dist/index.js:1974:10)"],"meta":{},"tags":[]},{"ancestorTitles":["chat-service"],"fullName":"chat-service RS-003: createConversation returns null if userId is empty","status":"failed","title":"RS-003: createConversation returns null if userId is empty","duration":0.6675000000000182,"failureMessages":["TypeError: localStorage.clear is not a function\n    at C:/Users/fysg5/OneDrive/Escritorio/Pulse Hub/SofLIA - Hub/SofLIA-HUB/src/__tests__/services/chat-service.test.ts:39:18\n    at file:///C:/Users/fysg5/OneDrive/Escritorio/Pulse%20Hub/SofLIA%20-%20Hub/SofLIA-HUB/node_modules/@vitest/runner/dist/index.js:296:11\n    at wrapper (file:///C:/Users/fysg5/OneDrive/Escritorio/Pulse%20Hub/SofLIA%20-%20Hub/SofLIA-HUB/node_modules/@vitest/runner/dist/index.js:655:10)\n    at file:///C:/Users/fysg5/OneDrive/Escritorio/Pulse%20Hub/SofLIA%20-%20Hub/SofLIA-HUB/node_modules/@vitest/runner/dist/index.js:1660:20\n    at new Promise (<anonymous>)\n    at runWithTimeout (file:///C:/Users/fysg5/OneDrive/Escritorio/Pulse%20Hub/SofLIA%20-%20Hub/SofLIA-HUB/node_modules/@vitest/runner/dist/index.js:1627:10)\n    at file:///C:/Users/fysg5/OneDrive/Escritorio/Pulse%20Hub/SofLIA%20-%20Hub/SofLIA-HUB/node_modules/@vitest/runner/dist/index.js:1975:52\n    at run (file:///C:/Users/fysg5/OneDrive/Escritorio/Pulse%20Hub/SofLIA%20-%20Hub/SofLIA-HUB/node_modules/@vitest/runner/dist/chunk-tasks.js:276:20)\n    at limiterFn (file:///C:/Users/fysg5/OneDrive/Escritorio/Pulse%20Hub/SofLIA%20-%20Hub/SofLIA-HUB/node_modules/@vitest/runner/dist/chunk-tasks.js:288:59)\n    at runHook (file:///C:/Users/fysg5/OneDrive/Escritorio/Pulse%20Hub/SofLIA%20-%20Hub/SofLIA-HUB/node_modules/@vitest/runner/dist/index.js:1974:10)"],"meta":{},"tags":[]},{"ancestorTitles":["chat-service"],"fullName":"chat-service RS-004: loadMessages returns cached/empty on Supabase error","status":"failed","title":"RS-004: loadMessages returns cached/empty on Supabase error","duration":0.5609000000004016,"failureMessages":["TypeError: localStorage.clear is not a function\n    at C:/Users/fysg5/OneDrive/Escritorio/Pulse Hub/SofLIA - Hub/SofLIA-HUB/src/__tests__/services/chat-service.test.ts:39:18\n    at file:///C:/Users/fysg5/OneDrive/Escritorio/Pulse%20Hub/SofLIA%20-%20Hub/SofLIA-HUB/node_modules/@vitest/runner/dist/index.js:296:11\n    at wrapper (file:///C:/Users/fysg5/OneDrive/Escritorio/Pulse%20Hub/SofLIA%20-%20Hub/SofLIA-HUB/node_modules/@vitest/runner/dist/index.js:655:10)\n    at file:///C:/Users/fysg5/OneDrive/Escritorio/Pulse%20Hub/SofLIA%20-%20Hub/SofLIA-HUB/node_modules/@vitest/runner/dist/index.js:1660:20\n    at new Promise (<anonymous>)\n    at runWithTimeout (file:///C:/Users/fysg5/OneDrive/Escritorio/Pulse%20Hub/SofLIA%20-%20Hub/SofLIA-HUB/node_modules/@vitest/runner/dist/index.js:1627:10)\n    at file:///C:/Users/fysg5/OneDrive/Escritorio/Pulse%20Hub/SofLIA%20-%20Hub/SofLIA-HUB/node_modules/@vitest/runner/dist/index.js:1975:52\n    at run (file:///C:/Users/fysg5/OneDrive/Escritorio/Pulse%20Hub/SofLIA%20-%20Hub/SofLIA-HUB/node_modules/@vitest/runner/dist/chunk-tasks.js:276:20)\n    at limiterFn (file:///C:/Users/fysg5/OneDrive/Escritorio/Pulse%20Hub/SofLIA%20-%20Hub/SofLIA-HUB/node_modules/@vitest/runner/dist/chunk-tasks.js:288:59)\n    at runHook (file:///C:/Users/fysg5/OneDrive/Escritorio/Pulse%20Hub/SofLIA%20-%20Hub/SofLIA-HUB/node_modules/@vitest/runner/dist/index.js:1974:10)"],"meta":{},"tags":[]},{"ancestorTitles":["chat-service"],"fullName":"chat-service RS-005: generateTitle produces a trimmed title from messages","status":"failed","title":"RS-005: generateTitle produces a trimmed title from messages","duration":0.5585999999998421,"failureMessages":["TypeError: localStorage.clear is not a function\n    at C:/Users/fysg5/OneDrive/Escritorio/Pulse Hub/SofLIA - Hub/SofLIA-HUB/src/__tests__/services/chat-service.test.ts:39:18\n    at file:///C:/Users/fysg5/OneDrive/Escritorio/Pulse%20Hub/SofLIA%20-%20Hub/SofLIA-HUB/node_modules/@vitest/runner/dist/index.js:296:11\n    at wrapper (file:///C:/Users/fysg5/OneDrive/Escritorio/Pulse%20Hub/SofLIA%20-%20Hub/SofLIA-HUB/node_modules/@vitest/runner/dist/index.js:655:10)\n    at file:///C:/Users/fysg5/OneDrive/Escritorio/Pulse%20Hub/SofLIA%20-%20Hub/SofLIA-HUB/node_modules/@vitest/runner/dist/index.js:1660:20\n    at new Promise (<anonymous>)\n    at runWithTimeout (file:///C:/Users/fysg5/OneDrive/Escritorio/Pulse%20Hub/SofLIA%20-%20Hub/SofLIA-HUB/node_modules/@vitest/runner/dist/index.js:1627:10)\n    at file:///C:/Users/fysg5/OneDrive/Escritorio/Pulse%20Hub/SofLIA%20-%20Hub/SofLIA-HUB/node_modules/@vitest/runner/dist/index.js:1975:52\n    at run (file:///C:/Users/fysg5/OneDrive/Escritorio/Pulse%20Hub/SofLIA%20-%20Hub/SofLIA-HUB/node_modules/@vitest/runner/dist/chunk-tasks.js:276:20)\n    at limiterFn (file:///C:/Users/fysg5/OneDrive/Escritorio/Pulse%20Hub/SofLIA%20-%20Hub/SofLIA-HUB/node_modules/@vitest/runner/dist/chunk-tasks.js:288:59)\n    at runHook (file:///C:/Users/fysg5/OneDrive/Escritorio/Pulse%20Hub/SofLIA%20-%20Hub/SofLIA-HUB/node_modules/@vitest/runner/dist/index.js:1974:10)"],"meta":{},"tags":[]}],"startTime":1774128702054,"endTime":1774128702063.5586,"status":"failed","message":"","name":"C:/Users/fysg5/OneDrive/Escritorio/Pulse Hub/SofLIA - Hub/SofLIA-HUB/src/__tests__/services/chat-service.test.ts"},{"assertionResults":[{"ancestorTitles":["computer-use-service — Renderer IPC bridge"],"fullName":"computer-use-service — Renderer IPC bridge CU-148: listDirectory invokes window.computerUse.listDirectory IPC","status":"passed","title":"CU-148: listDirectory invokes window.computerUse.listDirectory IPC","duration":4.6512000000002445,"failureMessages":[],"meta":{},"tags":[]},{"ancestorTitles":["computer-use-service — Renderer IPC bridge"],"fullName":"computer-use-service — Renderer IPC bridge CU-149: readFile invokes window.computerUse.readFile IPC","status":"passed","title":"CU-149: readFile invokes window.computerUse.readFile IPC","duration":0.6013000000002648,"failureMessages":[],"meta":{},"tags":[]},{"ancestorTitles":["computer-use-service — Renderer IPC bridge"],"fullName":"computer-use-service — Renderer IPC bridge CU-150: executeCommand invokes window.computerUse.executeCommand IPC","status":"passed","title":"CU-150: executeCommand invokes window.computerUse.executeCommand IPC","duration":0.4501999999997679,"failureMessages":[],"meta":{},"tags":[]}],"startTime":1774128705000,"endTime":1774128705005.4502,"status":"passed","message":"","name":"C:/Users/fysg5/OneDrive/Escritorio/Pulse Hub/SofLIA - Hub/SofLIA-HUB/src/__tests__/services/computer-use-service.test.ts"},{"assertionResults":[{"ancestorTitles":["gemini-chat"],"fullName":"gemini-chat RS-003: buildGeminiHistory truncates to last 50 messages","status":"failed","title":"RS-003: buildGeminiHistory truncates to last 50 messages","duration":87.5978,"failureMessages":["TypeError: () => ({\n  getGenerativeModel: mockGetGenerativeModel\n}) is not a constructor\n    at new Mock (file:///C:/Users/fysg5/OneDrive/Escritorio/Pulse%20Hub/SofLIA%20-%20Hub/SofLIA-HUB/node_modules/@vitest/spy/dist/index.js:309:27)\n    at getGenAI (C:/Users/fysg5/OneDrive/Escritorio/Pulse Hub/SofLIA - Hub/SofLIA-HUB/src/services/gemini-chat.ts:47:13)\n    at processTicksAndRejections (node:internal/process/task_queues:104:5)\n    at sendMessageStream (C:/Users/fysg5/OneDrive/Escritorio/Pulse Hub/SofLIA - Hub/SofLIA-HUB/src/services/gemini-chat.ts:116:14)\n    at C:/Users/fysg5/OneDrive/Escritorio/Pulse Hub/SofLIA - Hub/SofLIA-HUB/src/__tests__/services/gemini-chat.test.ts:104:5\n    at file:///C:/Users/fysg5/OneDrive/Escritorio/Pulse%20Hub/SofLIA%20-%20Hub/SofLIA-HUB/node_modules/@vitest/runner/dist/index.js:1258:20"],"meta":{},"tags":[]},{"ancestorTitles":["gemini-chat"],"fullName":"gemini-chat RS-004: uses API key from database when available","status":"passed","title":"RS-004: uses API key from database when available","duration":3.8945999999996275,"failureMessages":[],"meta":{},"tags":[]},{"ancestorTitles":["gemini-chat"],"fullName":"gemini-chat RS-005: falls back to env GOOGLE_API_KEY when DB returns null","status":"failed","title":"RS-005: falls back to env GOOGLE_API_KEY when DB returns null","duration":1.1968000000001666,"failureMessages":["TypeError: () => ({\n  getGenerativeModel: mockGetGenerativeModel\n}) is not a constructor\n    at new Mock (file:///C:/Users/fysg5/OneDrive/Escritorio/Pulse%20Hub/SofLIA%20-%20Hub/SofLIA-HUB/node_modules/@vitest/spy/dist/index.js:309:27)\n    at getGenAI (C:/Users/fysg5/OneDrive/Escritorio/Pulse Hub/SofLIA - Hub/SofLIA-HUB/src/services/gemini-chat.ts:47:13)\n    at processTicksAndRejections (node:internal/process/task_queues:104:5)\n    at sendMessageStream (C:/Users/fysg5/OneDrive/Escritorio/Pulse Hub/SofLIA - Hub/SofLIA-HUB/src/services/gemini-chat.ts:116:14)\n    at C:/Users/fysg5/OneDrive/Escritorio/Pulse Hub/SofLIA - Hub/SofLIA-HUB/src/__tests__/services/gemini-chat.test.ts:162:5\n    at file:///C:/Users/fysg5/OneDrive/Escritorio/Pulse%20Hub/SofLIA%20-%20Hub/SofLIA-HUB/node_modules/@vitest/runner/dist/index.js:1258:20"],"meta":{},"tags":[]},{"ancestorTitles":["gemini-chat"],"fullName":"gemini-chat RS-009: tool declarations are passed to the model","status":"failed","title":"RS-009: tool declarations are passed to the model","duration":1.1460000000001855,"failureMessages":["TypeError: () => ({\n  getGenerativeModel: mockGetGenerativeModel\n}) is not a constructor\n    at new Mock (file:///C:/Users/fysg5/OneDrive/Escritorio/Pulse%20Hub/SofLIA%20-%20Hub/SofLIA-HUB/node_modules/@vitest/spy/dist/index.js:309:27)\n    at getGenAI (C:/Users/fysg5/OneDrive/Escritorio/Pulse Hub/SofLIA - Hub/SofLIA-HUB/src/services/gemini-chat.ts:47:13)\n    at processTicksAndRejections (node:internal/process/task_queues:104:5)\n    at sendMessageStream (C:/Users/fysg5/OneDrive/Escritorio/Pulse Hub/SofLIA - Hub/SofLIA-HUB/src/services/gemini-chat.ts:116:14)\n    at C:/Users/fysg5/OneDrive/Escritorio/Pulse Hub/SofLIA - Hub/SofLIA-HUB/src/__tests__/services/gemini-chat.test.ts:184:5\n    at file:///C:/Users/fysg5/OneDrive/Escritorio/Pulse%20Hub/SofLIA%20-%20Hub/SofLIA-HUB/node_modules/@vitest/runner/dist/index.js:1258:20"],"meta":{},"tags":[]},{"ancestorTitles":["gemini-chat"],"fullName":"gemini-chat RS-010: sendMessageStream handles empty history gracefully","status":"failed","title":"RS-010: sendMessageStream handles empty history gracefully","duration":1.1811999999999898,"failureMessages":["TypeError: () => ({\n  getGenerativeModel: mockGetGenerativeModel\n}) is not a constructor\n    at new Mock (file:///C:/Users/fysg5/OneDrive/Escritorio/Pulse%20Hub/SofLIA%20-%20Hub/SofLIA-HUB/node_modules/@vitest/spy/dist/index.js:309:27)\n    at getGenAI (C:/Users/fysg5/OneDrive/Escritorio/Pulse Hub/SofLIA - Hub/SofLIA-HUB/src/services/gemini-chat.ts:47:13)\n    at processTicksAndRejections (node:internal/process/task_queues:104:5)\n    at sendMessageStream (C:/Users/fysg5/OneDrive/Escritorio/Pulse Hub/SofLIA - Hub/SofLIA-HUB/src/services/gemini-chat.ts:116:14)\n    at C:/Users/fysg5/OneDrive/Escritorio/Pulse Hub/SofLIA - Hub/SofLIA-HUB/src/__tests__/services/gemini-chat.test.ts:208:20\n    at file:///C:/Users/fysg5/OneDrive/Escritorio/Pulse%20Hub/SofLIA%20-%20Hub/SofLIA-HUB/node_modules/@vitest/runner/dist/index.js:1258:20"],"meta":{},"tags":[]}],"startTime":1774128698979,"endTime":1774128699074.1812,"status":"failed","message":"","name":"C:/Users/fysg5/OneDrive/Escritorio/Pulse Hub/SofLIA - Hub/SofLIA-HUB/src/__tests__/services/gemini-chat.test.ts"},{"assertionResults":[{"ancestorTitles":["iris-data"],"fullName":"iris-data RS-006: getTeams returns an array of teams","status":"passed","title":"RS-006: getTeams returns an array of teams","duration":48.92479999999978,"failureMessages":[],"meta":{},"tags":[]},{"ancestorTitles":["iris-data"],"fullName":"iris-data RS-007: getProjects returns projects filtered by team","status":"passed","title":"RS-007: getProjects returns projects filtered by team","duration":1.2115999999996347,"failureMessages":[],"meta":{},"tags":[]},{"ancestorTitles":["iris-data"],"fullName":"iris-data RS-008: getIssues returns issues for a project","status":"failed","title":"RS-008: getIssues returns issues for a project","duration":9.427000000000135,"failureMessages":["AssertionError: expected [] to have a length of 2 but got +0\n    at Proxy.<anonymous> (file:///C:/Users/fysg5/OneDrive/Escritorio/Pulse%20Hub/SofLIA%20-%20Hub/SofLIA-HUB/node_modules/@vitest/expect/dist/index.js:1384:20)\n    at Proxy.<anonymous> (file:///C:/Users/fysg5/OneDrive/Escritorio/Pulse%20Hub/SofLIA%20-%20Hub/SofLIA-HUB/node_modules/@vitest/expect/dist/index.js:1151:15)\n    at Proxy.methodWrapper (file:///C:/Users/fysg5/OneDrive/Escritorio/Pulse%20Hub/SofLIA%20-%20Hub/SofLIA-HUB/node_modules/chai/index.js:1700:25)\n    at C:/Users/fysg5/OneDrive/Escritorio/Pulse Hub/SofLIA - Hub/SofLIA-HUB/src/__tests__/services/iris-data.test.ts:127:20\n    at processTicksAndRejections (node:internal/process/task_queues:104:5)\n    at file:///C:/Users/fysg5/OneDrive/Escritorio/Pulse%20Hub/SofLIA%20-%20Hub/SofLIA-HUB/node_modules/@vitest/runner/dist/index.js:1258:20"],"meta":{},"tags":[]}],"startTime":1774128698964,"endTime":1774128699023.427,"status":"failed","message":"","name":"C:/Users/fysg5/OneDrive/Escritorio/Pulse Hub/SofLIA - Hub/SofLIA-HUB/src/__tests__/services/iris-data.test.ts"}]}